[INFO] RetroArch 1.20.0 (Git b797f2d8cc)
[INFO] === Build =======================================
[INFO] Funcionalidades: ASIMD 
[INFO] Version: 1.20.0
[INFO] Git: b797f2d8cc
[INFO] Built: Jan 16 2025
[INFO] =================================================
[INFO] [Input]: Found input driver: "udev".
[INFO] [Core]: Loading dynamic libretro core from: "/media/sdcard0/Emu/NEOGEO/../../RetroArch/.config/retroarch/cores/fbneo_libretro.so"
[INFO] [Overrides]: Content dir-specific overrides found at "/media/sdcard0/Emu/NEOGEO/../../RetroArch/.config/retroarch/config/FinalBurn Neo/NEOGEO.cfg".
[INFO] [Config]: Loading config: "/media/sdcard0/Emu/NEOGEO/../../RetroArch/.config/retroarch/retroarch.cfg".
[INFO] [Config]: Appending override config: "/media/sdcard0/Emu/NEOGEO/../../RetroArch/.config/retroarch/config/FinalBurn Neo/NEOGEO.cfg".
[INFO] [Overrides]: Redirigiendo archivo de guardado a "/mnt/SDCARD/Savefiles/FinalBurn Neo/mslug.srm".
[INFO] [Overrides]: Redirigiendo guardado rápido a "/mnt/SDCARD/Savestates/FinalBurn Neo/mslug.state".
[INFO] [Environ]: SET_SERIALIZATION_QUIRKS.
[INFO] [Environ]: GET_LOG_INTERFACE.
[INFO] [Environ]: GET_LANGUAGE: "3".
[INFO] [Environ]: GET_MESSAGE_INTERFACE_VERSION.
[INFO] [Environ]: SET_AUDIO_BUFFER_STATUS_CALLBACK.
[INFO] [Content]: Carga de contenido omitida. La implementación lo cargará por su cuenta.
[INFO] [Environ]: SAVE_DIRECTORY: "/mnt/SDCARD/Savefiles/FinalBurn Neo".
[libretro INFO] Setting save dir to /mnt/SDCARD/Savefiles/FinalBurn Neo
[INFO] [Environ]: SYSTEM_DIRECTORY: "/media/sdcard0/Emu/NEOGEO/../../RetroArch/.config/retroarch/system".
[libretro INFO] Setting system dir to /media/sdcard0/Emu/NEOGEO/../../RetroArch/.config/retroarch/system
[libretro INFO] DIP switches offset: 25.
[INFO] [Environ]: SET_CONTROLLER_INFO.
[libretro INFO] Initialize DIP switches.
[INFO] [Environ]: GET_CORE_OPTIONS_VERSION.
[INFO] [Environ]: RETRO_ENVIRONMENT_SET_CORE_OPTIONS_V2.
[INFO] [Core]: Se han encontrado opciones personalizadas según juego en "/media/sdcard0/Emu/NEOGEO/../../RetroArch/.config/retroarch/config/FinalBurn Neo/mslug.opt".
[libretro INFO] [FBNeo] Searching all possible locations for romset mslug
[libretro INFO] [FBNeo] Patched romset found at /media/sdcard0/Emu/NEOGEO/../../RetroArch/.config/retroarch/system/fbneo/patched/mslug
[libretro INFO] [FBNeo] Romset found at /media/sdcard0/Emu/NEOGEO/../../Roms/NEOGEO/mslug
[libretro INFO] [FBNeo] No romset found at /media/sdcard0/Emu/NEOGEO/../../Roms/NEOGEO/arc/mslug
[libretro INFO] [FBNeo] No romset found at /media/sdcard0/Emu/NEOGEO/../../Roms/NEOGEO/arcade/mslug
[libretro INFO] [FBNeo] No romset found at /media/sdcard0/Emu/NEOGEO/../../Roms/NEOGEO/romdata/mslug
[libretro INFO] [FBNeo] No romset found at /media/sdcard0/Emu/NEOGEO/../../Roms/NEOGEO/coleco/mslug
[libretro INFO] [FBNeo] No romset found at /media/sdcard0/Emu/NEOGEO/../../Roms/NEOGEO/colecovision/mslug
[libretro INFO] [FBNeo] No romset found at /media/sdcard0/Emu/NEOGEO/../../Roms/NEOGEO/gamegear/mslug
[libretro INFO] [FBNeo] No romset found at /media/sdcard0/Emu/NEOGEO/../../Roms/NEOGEO/megadriv/mslug
[libretro INFO] [FBNeo] No romset found at /media/sdcard0/Emu/NEOGEO/../../Roms/NEOGEO/megadrive/mslug
[libretro INFO] [FBNeo] No romset found at /media/sdcard0/Emu/NEOGEO/../../Roms/NEOGEO/genesis/mslug
[libretro INFO] [FBNeo] No romset found at /media/sdcard0/Emu/NEOGEO/../../Roms/NEOGEO/msx/mslug
[libretro INFO] [FBNeo] No romset found at /media/sdcard0/Emu/NEOGEO/../../Roms/NEOGEO/msx1/mslug
[libretro INFO] [FBNeo] No romset found at /media/sdcard0/Emu/NEOGEO/../../Roms/NEOGEO/pce/mslug
[libretro INFO] [FBNeo] No romset found at /media/sdcard0/Emu/NEOGEO/../../Roms/NEOGEO/pcengine/mslug
[libretro INFO] [FBNeo] No romset found at /media/sdcard0/Emu/NEOGEO/../../Roms/NEOGEO/sg1000/mslug
[libretro INFO] [FBNeo] No romset found at /media/sdcard0/Emu/NEOGEO/../../Roms/NEOGEO/sgx/mslug
[libretro INFO] [FBNeo] No romset found at /media/sdcard0/Emu/NEOGEO/../../Roms/NEOGEO/supergrafx/mslug
[libretro INFO] [FBNeo] No romset found at /media/sdcard0/Emu/NEOGEO/../../Roms/NEOGEO/sms/mslug
[libretro INFO] [FBNeo] No romset found at /media/sdcard0/Emu/NEOGEO/../../Roms/NEOGEO/mastersystem/mslug
[libretro INFO] [FBNeo] No romset found at /media/sdcard0/Emu/NEOGEO/../../Roms/NEOGEO/snes/mslug
[libretro INFO] [FBNeo] No romset found at /media/sdcard0/Emu/NEOGEO/../../Roms/NEOGEO/spectrum/mslug
[libretro INFO] [FBNeo] No romset found at /media/sdcard0/Emu/NEOGEO/../../Roms/NEOGEO/zxspectrum/mslug
[libretro INFO] [FBNeo] No romset found at /media/sdcard0/Emu/NEOGEO/../../Roms/NEOGEO/tg16/mslug
[libretro INFO] [FBNeo] No romset found at /media/sdcard0/Emu/NEOGEO/../../Roms/NEOGEO/nes/mslug
[libretro INFO] [FBNeo] No romset found at /media/sdcard0/Emu/NEOGEO/../../Roms/NEOGEO/fds/mslug
[libretro INFO] [FBNeo] No romset found at /media/sdcard0/Emu/NEOGEO/../../Roms/NEOGEO/ngp/mslug
[libretro INFO] [FBNeo] No romset found at /media/sdcard0/Emu/NEOGEO/../../Roms/NEOGEO/chf/mslug
[libretro INFO] [FBNeo] No romset found at /media/sdcard0/Emu/NEOGEO/../../Roms/NEOGEO/channelf/mslug
[libretro INFO] [FBNeo] No romset found at /media/sdcard0/Emu/NEOGEO/../../RetroArch/.config/retroarch/system/fbneo/mslug
[libretro INFO] [FBNeo] No romset found at /media/sdcard0/Emu/NEOGEO/../../RetroArch/.config/retroarch/system/fbneo/arc/mslug
[libretro INFO] [FBNeo] No romset found at /media/sdcard0/Emu/NEOGEO/../../RetroArch/.config/retroarch/system/fbneo/arcade/mslug
[libretro INFO] [FBNeo] No romset found at /media/sdcard0/Emu/NEOGEO/../../RetroArch/.config/retroarch/system/fbneo/romdata/mslug
[libretro INFO] [FBNeo] No romset found at /media/sdcard0/Emu/NEOGEO/../../RetroArch/.config/retroarch/system/fbneo/coleco/mslug
[libretro INFO] [FBNeo] No romset found at /media/sdcard0/Emu/NEOGEO/../../RetroArch/.config/retroarch/system/fbneo/colecovision/mslug
[libretro INFO] [FBNeo] No romset found at /media/sdcard0/Emu/NEOGEO/../../RetroArch/.config/retroarch/system/fbneo/gamegear/mslug
[libretro INFO] [FBNeo] No romset found at /media/sdcard0/Emu/NEOGEO/../../RetroArch/.config/retroarch/system/fbneo/megadriv/mslug
[libretro INFO] [FBNeo] No romset found at /media/sdcard0/Emu/NEOGEO/../../RetroArch/.config/retroarch/system/fbneo/megadrive/mslug
[libretro INFO] [FBNeo] No romset found at /media/sdcard0/Emu/NEOGEO/../../RetroArch/.config/retroarch/system/fbneo/genesis/mslug
[libretro INFO] [FBNeo] No romset found at /media/sdcard0/Emu/NEOGEO/../../RetroArch/.config/retroarch/system/fbneo/msx/mslug
[libretro INFO] [FBNeo] No romset found at /media/sdcard0/Emu/NEOGEO/../../RetroArch/.config/retroarch/system/fbneo/msx1/mslug
[libretro INFO] [FBNeo] No romset found at /media/sdcard0/Emu/NEOGEO/../../RetroArch/.config/retroarch/system/fbneo/pce/mslug
[libretro INFO] [FBNeo] No romset found at /media/sdcard0/Emu/NEOGEO/../../RetroArch/.config/retroarch/system/fbneo/pcengine/mslug
[libretro INFO] [FBNeo] No romset found at /media/sdcard0/Emu/NEOGEO/../../RetroArch/.config/retroarch/system/fbneo/sg1000/mslug
[libretro INFO] [FBNeo] No romset found at /media/sdcard0/Emu/NEOGEO/../../RetroArch/.config/retroarch/system/fbneo/sgx/mslug
[libretro INFO] [FBNeo] No romset found at /media/sdcard0/Emu/NEOGEO/../../RetroArch/.config/retroarch/system/fbneo/supergrafx/mslug
[libretro INFO] [FBNeo] No romset found at /media/sdcard0/Emu/NEOGEO/../../RetroArch/.config/retroarch/system/fbneo/sms/mslug
[libretro INFO] [FBNeo] No romset found at /media/sdcard0/Emu/NEOGEO/../../RetroArch/.config/retroarch/system/fbneo/mastersystem/mslug
[libretro INFO] [FBNeo] No romset found at /media/sdcard0/Emu/NEOGEO/../../RetroArch/.config/retroarch/system/fbneo/snes/mslug
[libretro INFO] [FBNeo] No romset found at /media/sdcard0/Emu/NEOGEO/../../RetroArch/.config/retroarch/system/fbneo/spectrum/mslug
[libretro INFO] [FBNeo] No romset found at /media/sdcard0/Emu/NEOGEO/../../RetroArch/.config/retroarch/system/fbneo/zxspectrum/mslug
[libretro INFO] [FBNeo] No romset found at /media/sdcard0/Emu/NEOGEO/../../RetroArch/.config/retroarch/system/fbneo/tg16/mslug
[libretro INFO] [FBNeo] No romset found at /media/sdcard0/Emu/NEOGEO/../../RetroArch/.config/retroarch/system/fbneo/nes/mslug
[libretro INFO] [FBNeo] No romset found at /media/sdcard0/Emu/NEOGEO/../../RetroArch/.config/retroarch/system/fbneo/fds/mslug
[libretro INFO] [FBNeo] No romset found at /media/sdcard0/Emu/NEOGEO/../../RetroArch/.config/retroarch/system/fbneo/ngp/mslug
[libretro INFO] [FBNeo] No romset found at /media/sdcard0/Emu/NEOGEO/../../RetroArch/.config/retroarch/system/fbneo/chf/mslug
[libretro INFO] [FBNeo] No romset found at /media/sdcard0/Emu/NEOGEO/../../RetroArch/.config/retroarch/system/fbneo/channelf/mslug
[libretro INFO] [FBNeo] No romset found at /media/sdcard0/Emu/NEOGEO/../../RetroArch/.config/retroarch/system/mslug
[libretro INFO] [FBNeo] Searching all possible locations for romset neogeo
[libretro INFO] [FBNeo] No patched romset found at /media/sdcard0/Emu/NEOGEO/../../RetroArch/.config/retroarch/system/fbneo/patched/neogeo
[libretro INFO] [FBNeo] Romset found at /media/sdcard0/Emu/NEOGEO/../../Roms/NEOGEO/neogeo
[libretro INFO] [FBNeo] No romset found at /media/sdcard0/Emu/NEOGEO/../../Roms/NEOGEO/arc/neogeo
[libretro INFO] [FBNeo] No romset found at /media/sdcard0/Emu/NEOGEO/../../Roms/NEOGEO/arcade/neogeo
[libretro INFO] [FBNeo] No romset found at /media/sdcard0/Emu/NEOGEO/../../Roms/NEOGEO/romdata/neogeo
[libretro INFO] [FBNeo] No romset found at /media/sdcard0/Emu/NEOGEO/../../Roms/NEOGEO/coleco/neogeo
[libretro INFO] [FBNeo] No romset found at /media/sdcard0/Emu/NEOGEO/../../Roms/NEOGEO/colecovision/neogeo
[libretro INFO] [FBNeo] No romset found at /media/sdcard0/Emu/NEOGEO/../../Roms/NEOGEO/gamegear/neogeo
[libretro INFO] [FBNeo] No romset found at /media/sdcard0/Emu/NEOGEO/../../Roms/NEOGEO/megadriv/neogeo
[libretro INFO] [FBNeo] No romset found at /media/sdcard0/Emu/NEOGEO/../../Roms/NEOGEO/megadrive/neogeo
[libretro INFO] [FBNeo] No romset found at /media/sdcard0/Emu/NEOGEO/../../Roms/NEOGEO/genesis/neogeo
[libretro INFO] [FBNeo] No romset found at /media/sdcard0/Emu/NEOGEO/../../Roms/NEOGEO/msx/neogeo
[libretro INFO] [FBNeo] No romset found at /media/sdcard0/Emu/NEOGEO/../../Roms/NEOGEO/msx1/neogeo
[libretro INFO] [FBNeo] No romset found at /media/sdcard0/Emu/NEOGEO/../../Roms/NEOGEO/pce/neogeo
[libretro INFO] [FBNeo] No romset found at /media/sdcard0/Emu/NEOGEO/../../Roms/NEOGEO/pcengine/neogeo
[libretro INFO] [FBNeo] No romset found at /media/sdcard0/Emu/NEOGEO/../../Roms/NEOGEO/sg1000/neogeo
[libretro INFO] [FBNeo] No romset found at /media/sdcard0/Emu/NEOGEO/../../Roms/NEOGEO/sgx/neogeo
[libretro INFO] [FBNeo] No romset found at /media/sdcard0/Emu/NEOGEO/../../Roms/NEOGEO/supergrafx/neogeo
[libretro INFO] [FBNeo] No romset found at /media/sdcard0/Emu/NEOGEO/../../Roms/NEOGEO/sms/neogeo
[libretro INFO] [FBNeo] No romset found at /media/sdcard0/Emu/NEOGEO/../../Roms/NEOGEO/mastersystem/neogeo
[libretro INFO] [FBNeo] No romset found at /media/sdcard0/Emu/NEOGEO/../../Roms/NEOGEO/snes/neogeo
[libretro INFO] [FBNeo] No romset found at /media/sdcard0/Emu/NEOGEO/../../Roms/NEOGEO/spectrum/neogeo
[libretro INFO] [FBNeo] No romset found at /media/sdcard0/Emu/NEOGEO/../../Roms/NEOGEO/zxspectrum/neogeo
[libretro INFO] [FBNeo] No romset found at /media/sdcard0/Emu/NEOGEO/../../Roms/NEOGEO/tg16/neogeo
[libretro INFO] [FBNeo] No romset found at /media/sdcard0/Emu/NEOGEO/../../Roms/NEOGEO/nes/neogeo
[libretro INFO] [FBNeo] No romset found at /media/sdcard0/Emu/NEOGEO/../../Roms/NEOGEO/fds/neogeo
[libretro INFO] [FBNeo] No romset found at /media/sdcard0/Emu/NEOGEO/../../Roms/NEOGEO/ngp/neogeo
[libretro INFO] [FBNeo] No romset found at /media/sdcard0/Emu/NEOGEO/../../Roms/NEOGEO/chf/neogeo
[libretro INFO] [FBNeo] No romset found at /media/sdcard0/Emu/NEOGEO/../../Roms/NEOGEO/channelf/neogeo
[libretro INFO] [FBNeo] Romset found at /media/sdcard0/Emu/NEOGEO/../../RetroArch/.config/retroarch/system/fbneo/neogeo
[libretro INFO] [FBNeo] No romset found at /media/sdcard0/Emu/NEOGEO/../../RetroArch/.config/retroarch/system/fbneo/arc/neogeo
[libretro INFO] [FBNeo] No romset found at /media/sdcard0/Emu/NEOGEO/../../RetroArch/.config/retroarch/system/fbneo/arcade/neogeo
[libretro INFO] [FBNeo] No romset found at /media/sdcard0/Emu/NEOGEO/../../RetroArch/.config/retroarch/system/fbneo/romdata/neogeo
[libretro INFO] [FBNeo] No romset found at /media/sdcard0/Emu/NEOGEO/../../RetroArch/.config/retroarch/system/fbneo/coleco/neogeo
[libretro INFO] [FBNeo] No romset found at /media/sdcard0/Emu/NEOGEO/../../RetroArch/.config/retroarch/system/fbneo/colecovision/neogeo
[libretro INFO] [FBNeo] No romset found at /media/sdcard0/Emu/NEOGEO/../../RetroArch/.config/retroarch/system/fbneo/gamegear/neogeo
[libretro INFO] [FBNeo] No romset found at /media/sdcard0/Emu/NEOGEO/../../RetroArch/.config/retroarch/system/fbneo/megadriv/neogeo
[libretro INFO] [FBNeo] No romset found at /media/sdcard0/Emu/NEOGEO/../../RetroArch/.config/retroarch/system/fbneo/megadrive/neogeo
[libretro INFO] [FBNeo] No romset found at /media/sdcard0/Emu/NEOGEO/../../RetroArch/.config/retroarch/system/fbneo/genesis/neogeo
[libretro INFO] [FBNeo] No romset found at /media/sdcard0/Emu/NEOGEO/../../RetroArch/.config/retroarch/system/fbneo/msx/neogeo
[libretro INFO] [FBNeo] No romset found at /media/sdcard0/Emu/NEOGEO/../../RetroArch/.config/retroarch/system/fbneo/msx1/neogeo
[libretro INFO] [FBNeo] No romset found at /media/sdcard0/Emu/NEOGEO/../../RetroArch/.config/retroarch/system/fbneo/pce/neogeo
[libretro INFO] [FBNeo] No romset found at /media/sdcard0/Emu/NEOGEO/../../RetroArch/.config/retroarch/system/fbneo/pcengine/neogeo
[libretro INFO] [FBNeo] No romset found at /media/sdcard0/Emu/NEOGEO/../../RetroArch/.config/retroarch/system/fbneo/sg1000/neogeo
[libretro INFO] [FBNeo] No romset found at /media/sdcard0/Emu/NEOGEO/../../RetroArch/.config/retroarch/system/fbneo/sgx/neogeo
[libretro INFO] [FBNeo] No romset found at /media/sdcard0/Emu/NEOGEO/../../RetroArch/.config/retroarch/system/fbneo/supergrafx/neogeo
[libretro INFO] [FBNeo] No romset found at /media/sdcard0/Emu/NEOGEO/../../RetroArch/.config/retroarch/system/fbneo/sms/neogeo
[libretro INFO] [FBNeo] No romset found at /media/sdcard0/Emu/NEOGEO/../../RetroArch/.config/retroarch/system/fbneo/mastersystem/neogeo
[libretro INFO] [FBNeo] No romset found at /media/sdcard0/Emu/NEOGEO/../../RetroArch/.config/retroarch/system/fbneo/snes/neogeo
[libretro INFO] [FBNeo] No romset found at /media/sdcard0/Emu/NEOGEO/../../RetroArch/.config/retroarch/system/fbneo/spectrum/neogeo
[libretro INFO] [FBNeo] No romset found at /media/sdcard0/Emu/NEOGEO/../../RetroArch/.config/retroarch/system/fbneo/zxspectrum/neogeo
[libretro INFO] [FBNeo] No romset found at /media/sdcard0/Emu/NEOGEO/../../RetroArch/.config/retroarch/system/fbneo/tg16/neogeo
[libretro INFO] [FBNeo] No romset found at /media/sdcard0/Emu/NEOGEO/../../RetroArch/.config/retroarch/system/fbneo/nes/neogeo
[libretro INFO] [FBNeo] No romset found at /media/sdcard0/Emu/NEOGEO/../../RetroArch/.config/retroarch/system/fbneo/fds/neogeo
[libretro INFO] [FBNeo] No romset found at /media/sdcard0/Emu/NEOGEO/../../RetroArch/.config/retroarch/system/fbneo/ngp/neogeo
[libretro INFO] [FBNeo] No romset found at /media/sdcard0/Emu/NEOGEO/../../RetroArch/.config/retroarch/system/fbneo/chf/neogeo
[libretro INFO] [FBNeo] No romset found at /media/sdcard0/Emu/NEOGEO/../../RetroArch/.config/retroarch/system/fbneo/channelf/neogeo
[libretro INFO] [FBNeo] Romset found at /media/sdcard0/Emu/NEOGEO/../../RetroArch/.config/retroarch/system/neogeo
[libretro INFO] [FBNeo] Using ROM with known crc 0x08d8daa5 and name 201-p1.p1 from archive /media/sdcard0/Emu/NEOGEO/../../RetroArch/.config/retroarch/system/fbneo/patched/mslug
[libretro INFO] [FBNeo] Using ROM with known crc 0x2f55958d and name 201-s1.s1 from archive /media/sdcard0/Emu/NEOGEO/../../RetroArch/.config/retroarch/system/fbneo/patched/mslug
[libretro INFO] [FBNeo] Using ROM with known crc 0x72813676 and name 201-c1.c1 from archive /media/sdcard0/Emu/NEOGEO/../../RetroArch/.config/retroarch/system/fbneo/patched/mslug
[libretro INFO] [FBNeo] Using ROM with known crc 0x96f62574 and name 201-c2.c2 from archive /media/sdcard0/Emu/NEOGEO/../../RetroArch/.config/retroarch/system/fbneo/patched/mslug
[libretro INFO] [FBNeo] Using ROM with known crc 0x5121456a and name 201-c3.c3 from archive /media/sdcard0/Emu/NEOGEO/../../RetroArch/.config/retroarch/system/fbneo/patched/mslug
[libretro INFO] [FBNeo] Using ROM with known crc 0xf4ad59a3 and name 201-c4.c4 from archive /media/sdcard0/Emu/NEOGEO/../../RetroArch/.config/retroarch/system/fbneo/patched/mslug
[libretro INFO] [FBNeo] Using ROM with known crc 0xc28b3253 and name 201-m1.m1 from archive /media/sdcard0/Emu/NEOGEO/../../RetroArch/.config/retroarch/system/fbneo/patched/mslug
[libretro INFO] [FBNeo] Using ROM with known crc 0x23d22ed1 and name 201-v1.v1 from archive /media/sdcard0/Emu/NEOGEO/../../RetroArch/.config/retroarch/system/fbneo/patched/mslug
[libretro INFO] [FBNeo] Using ROM with known crc 0x472cf9db and name 201-v2.v2 from archive /media/sdcard0/Emu/NEOGEO/../../RetroArch/.config/retroarch/system/fbneo/patched/mslug
[libretro INFO] [FBNeo] Using ROM with known crc 0x91b64be3 and name sp-s3.sp1 from archive /media/sdcard0/Emu/NEOGEO/../../Roms/NEOGEO/mslug
[libretro INFO] [FBNeo] Using ROM with known crc 0x62f021f4 and name sp1-u2 from archive /media/sdcard0/Emu/NEOGEO/../../Roms/NEOGEO/mslug
[libretro INFO] [FBNeo] Using ROM with known crc 0x1179a30f and name sp1-u4.bin from archive /media/sdcard0/Emu/NEOGEO/../../Roms/NEOGEO/mslug
[libretro INFO] [FBNeo] Using ROM with known crc 0x2025b7a2 and name sp1-u3.bin from archive /media/sdcard0/Emu/NEOGEO/../../Roms/NEOGEO/mslug
[libretro INFO] [FBNeo] Using ROM with known crc 0x486cb450 and name sp-j3.sp1 from archive /media/sdcard0/Emu/NEOGEO/../../Roms/NEOGEO/mslug
[libretro INFO] [FBNeo] Using ROM with known crc 0xfbc6d469 and name sp1-j3.bin from archive /media/sdcard0/Emu/NEOGEO/../../Roms/NEOGEO/mslug
[libretro INFO] [FBNeo] Using ROM with known crc 0x9036d879 and name sp-s2.sp1 from archive /media/sdcard0/Emu/NEOGEO/../../Roms/NEOGEO/neogeo
[libretro INFO] [FBNeo] Using ROM with known crc 0xc7f2fa45 and name sp-s.sp1 from archive /media/sdcard0/Emu/NEOGEO/../../Roms/NEOGEO/neogeo
[libretro INFO] [FBNeo] Using ROM with known crc 0xe72943de and name sp-u2.sp1 from archive /media/sdcard0/Emu/NEOGEO/../../Roms/NEOGEO/neogeo
[libretro INFO] [FBNeo] Using ROM with known crc 0x2723a5b5 and name sp-e.sp1 from archive /media/sdcard0/Emu/NEOGEO/../../Roms/NEOGEO/neogeo
[libretro INFO] [FBNeo] Using ROM with known crc 0xf0e8f27d and name vs-bios.rom from archive /media/sdcard0/Emu/NEOGEO/../../Roms/NEOGEO/neogeo
[libretro INFO] [FBNeo] Using ROM with known crc 0xacede59c and name sp-j2.sp1 from archive /media/sdcard0/Emu/NEOGEO/../../Roms/NEOGEO/neogeo
[libretro INFO] [FBNeo] Using ROM with known crc 0x9fb0abe4 and name sp1.jipan.1024 from archive /media/sdcard0/Emu/NEOGEO/../../Roms/NEOGEO/neogeo
[libretro INFO] [FBNeo] Using ROM with known crc 0x03cc9f6a and name sp-45.sp1 from archive /media/sdcard0/Emu/NEOGEO/../../Roms/NEOGEO/neogeo
[libretro INFO] [FBNeo] Using ROM with known crc 0xdff6d41f and name japan-j3.bin from archive /media/sdcard0/Emu/NEOGEO/../../Roms/NEOGEO/neogeo
[libretro INFO] [FBNeo] Using ROM with known crc 0x16d0c132 and name neo-po.bin from archive /media/sdcard0/Emu/NEOGEO/../../Roms/NEOGEO/neogeo
[libretro INFO] [FBNeo] Using ROM with known crc 0xd27a71f1 and name neo-epo.bin from archive /media/sdcard0/Emu/NEOGEO/../../Roms/NEOGEO/neogeo
[libretro INFO] [FBNeo] Using ROM with known crc 0x698ebb7d and name neodebug.bin from archive /media/sdcard0/Emu/NEOGEO/../../Roms/NEOGEO/neogeo
[libretro INFO] [FBNeo] Using ROM with known crc 0x162f0ebe and name sp-1v1_3db8c.bin from archive /media/sdcard0/Emu/NEOGEO/../../Roms/NEOGEO/neogeo
[libretro INFO] [FBNeo] Using ROM with known crc 0xa7aab458 and name uni-bios_4_0.rom from archive /media/sdcard0/Emu/NEOGEO/../../Roms/NEOGEO/neogeo
[libretro INFO] [FBNeo] Using ROM with known crc 0xa97c89a9 and name uni-bios_3_0.rom from archive /media/sdcard0/Emu/NEOGEO/../../Roms/NEOGEO/neogeo
[libretro INFO] [FBNeo] Using ROM with known crc 0x27664eb5 and name uni-bios_2_3.rom from archive /media/sdcard0/Emu/NEOGEO/../../Roms/NEOGEO/neogeo
[libretro INFO] [FBNeo] Using ROM with known crc 0x601720ae and name uni-bios_2_3o.rom from archive /media/sdcard0/Emu/NEOGEO/../../Roms/NEOGEO/neogeo
[libretro INFO] [FBNeo] Using ROM with known crc 0x2d50996a and name uni-bios_2_2.rom from archive /media/sdcard0/Emu/NEOGEO/../../Roms/NEOGEO/neogeo
[libretro INFO] [FBNeo] Using ROM with known crc 0x8dabf76b and name uni-bios_2_1.rom from archive /media/sdcard0/Emu/NEOGEO/../../Roms/NEOGEO/neogeo
[libretro INFO] [FBNeo] Using ROM with known crc 0x0c12c2ad and name uni-bios_2_0.rom from archive /media/sdcard0/Emu/NEOGEO/../../Roms/NEOGEO/neogeo
[libretro INFO] [FBNeo] Using ROM with known crc 0xb24b44a0 and name uni-bios_1_3.rom from archive /media/sdcard0/Emu/NEOGEO/../../Roms/NEOGEO/neogeo
[libretro INFO] [FBNeo] Using ROM with known crc 0x4fa698e9 and name uni-bios_1_2.rom from archive /media/sdcard0/Emu/NEOGEO/../../Roms/NEOGEO/neogeo
[libretro INFO] [FBNeo] Using ROM with known crc 0xe19d3ce9 and name uni-bios_1_2o.rom from archive /media/sdcard0/Emu/NEOGEO/../../Roms/NEOGEO/neogeo
[libretro INFO] [FBNeo] Using ROM with known crc 0x5dda0d84 and name uni-bios_1_1.rom from archive /media/sdcard0/Emu/NEOGEO/../../Roms/NEOGEO/neogeo
[libretro INFO] [FBNeo] Using ROM with known crc 0x0ce453a0 and name uni-bios_1_0.rom from archive /media/sdcard0/Emu/NEOGEO/../../Roms/NEOGEO/neogeo
[libretro INFO] [FBNeo] Using ROM with known crc 0xcb915e76 and name neopen.sp1 from archive /media/sdcard0/Emu/NEOGEO/../../Roms/NEOGEO/neogeo
[libretro INFO] [FBNeo] Using ROM with known crc 0x94416d67 and name sm1.sm1 from archive /media/sdcard0/Emu/NEOGEO/../../Roms/NEOGEO/neogeo
[libretro INFO] [FBNeo] Using ROM with known crc 0xc2ea0cfd and name sfix.sfix from archive /media/sdcard0/Emu/NEOGEO/../../Roms/NEOGEO/neogeo
[libretro INFO] [FBNeo] Using ROM with known crc 0x5a86cff2 and name 000-lo.lo from archive /media/sdcard0/Emu/NEOGEO/../../Roms/NEOGEO/neogeo
[libretro INFO] [FBNeo] Using ROM with known crc 0xa4e8b9b3 and name uni-bios_3_2.rom from archive /media/sdcard0/Emu/NEOGEO/../../RetroArch/.config/retroarch/system/fbneo/neogeo
[libretro INFO] [FBNeo] Using ROM with known crc 0x0c58093f and name uni-bios_3_1.rom from archive /media/sdcard0/Emu/NEOGEO/../../RetroArch/.config/retroarch/system/fbneo/neogeo
[libretro INFO] Found this bios for requested mode => NeoSystem: 0x13 (uni-bios_4_0.rom [0xa7aab458] (Universe BIOS ver. 4.0)).
[libretro INFO] [FBNeo] No missing files, proceeding
[libretro INFO] [FBNeo] Samplerate set to 44100
[libretro INFO] [FBNeo] Applied dipswitches from core options
[libretro INFO] Found this bios for requested mode => NeoSystem: 0x93 (uni-bios_4_0.rom [0xa7aab458] (Universe BIOS ver. 4.0)).
[libretro INFO] [FBNeo] Initialized driver for mslug
[libretro INFO] [FBNeo] Adjusted audio buffer to match driver's refresh rate (59.180000 Hz)
[libretro INFO] [Cheevos] System RAM set to 0x5599def570, size is 65536
[INFO] [Environ]: SET_PIXEL_FORMAT: XRGB8888.
[libretro INFO] [FBNeo] Driver mslug was successfully started : game's full name is Metal Slug - Super Vehicle-001
[INFO] [SRAM]: Omitiendo carga de SRAM.
[INFO] [Core]: Versión de la API libretro: 1, API usada en la compilación: 1
[libretro INFO] [FBNeo] Timing set to 59.180000 Hz
[INFO] [Core]: Geometry: 304x224, Aspect: 1.333, FPS: 59.18, Sample rate: 44089.10 Hz.
[INFO] [Video]: Set video size to: fullscreen.
[INFO] [Video]: Starting threaded video driver..
[WARN] [DRM]: Couldn't get device resources.
[WARN] [DRM]: Couldn't get device resources.
[INFO] [DRM]: Found 2 connectors.
[INFO] [DRM]: Connector 0 connected: no
[INFO] [DRM]: Connector 0 has 0 modes.
[INFO] [DRM]: Connector 1 connected: yes
[INFO] [DRM]: Connector 1 has 1 modes.
[INFO] [DRM]: Connector 1 assigned to monitor index: #1.
[INFO] [DRM]: Mode 0: (640x480) 640 x 480, 59.976761 Hz
[INFO] [GL]: Found GL context: "kms".
[INFO] [GL]: Detecting screen resolution: 640x480.
[INFO] [EGL] Found EGL_EXT_platform_base, trying eglGetPlatformDisplayEXT
[INFO] [EGL]: EGL version: 1.4
[INFO] [EGL]: Current context: 0x7f800abb30.
[INFO] [KMS]: New FB: 640x480 (stride: 2560).
[INFO] [GL]: Vendor: ARM, Renderer: Mali-G52.
[INFO] [GL]: Version: OpenGL ES 3.2 v1.g2p0-01eac0.02b077cea4dc2127696dc49c93c0fc7a.
[INFO] [GL]: Using ARB_sync to reduce latency.
[INFO] [GL]: Using resolution 640x480.
[INFO] [GL]: Default shader backend found: glsl.
[INFO] [Shaders]: Specific shader preset found at "/media/sdcard0/Emu/NEOGEO/../../RetroArch/.config/retroarch/config/FinalBurn Neo/NEOGEO.glslp".
[INFO] [Shader driver]: Using GLSL shader backend.
[INFO] [GLSL]: Found GLSL vertex shader.
[INFO] [GLSL]: Found GLSL fragment shader.
[INFO] [GLSL]: Linking GLSL program.
[INFO] [GLSL]: Found GLSL vertex shader.
[INFO] [GLSL]: Found GLSL fragment shader.
[INFO] [GLSL]: Linking GLSL program.
[INFO] [GLSL]: Found GLSL vertex shader.
[INFO] [GLSL]: Found GLSL fragment shader.
[INFO] [GLSL]: Linking GLSL program.
[INFO] [GL]: Using 4 textures.
[INFO] [GL]: Loaded 1 program(s).
[INFO] [Video]: Graphics driver did not initialize an input driver. Attempting to pick a suitable driver.
[WARN] [udev]: Full-screen pointer won't be available.
[INFO] [udev]: Keyboard #0: "adc-keys" (/dev/input/event3).
[INFO] [udev]: Keyboard #1: "rk805 pwrkey" (/dev/input/event2).
[INFO] [udev]: Keyboard #2: "hdmi_cec_key" (/dev/input/event4).
[INFO] [udev]: Keyboard #3: "gpio-keys-polled" (/dev/input/event0).
[INFO] [udev]: Keyboard #4: "hall wake key" (/dev/input/event1).
[WARN] [SDL]: Couldn't open haptic device of the joypad #0: Haptic: There are 0 haptic devices available
[INFO] [SDL]: Falling back to joystick rumble
[INFO] [Joypad]: Found joypad driver: "sdl2".
[INFO] [Video]: Found display server: "kms".
[WARN] [udev]: Mouse grab/ungrab feature unavailable.
[INFO] [Audio]: Set audio input rate to: 44700.00 Hz.
[INFO] [ALSA] Using ALSA version 1.2.7.2
[INFO] [ALSA]: Using FLOAT_LE sample format for PLAYBACK device "default"
[INFO] [ALSA]: Period: 4 periods per buffer (768 frames, 6144 bytes)
[INFO] [ALSA]: Buffer size: 3072 frames (24576 bytes)
[INFO] [ALSA]: Can pause: no.
[INFO] [ALSA]: Initialized PLAYBACK device "default"
[INFO] [Audio]: Started synchronous audio driver.
[INFO] [Display]: Found display driver: "gl".
[INFO] [Environ]: SET_SUBSYSTEM_INFO.
[libretro INFO] [FBNeo] Unknown device type for port 0, forcing "Classic" instead
[libretro INFO] [FBNeo] Unknown device type for port 1, forcing "Classic" instead
[INFO] [Playlist]: Cargando historial: "/media/sdcard0/RetroArch/.config/retroarch/content_history.lpl".
[INFO] [Playlist]: Cargando historial: "/media/sdcard0/RetroArch/.config/retroarch/content_music_history.lpl".
[INFO] [Playlist]: Cargando historial: "/media/sdcard0/RetroArch/.config/retroarch/content_image_history.lpl".
[INFO] [Playlist]: Cargando favoritos: "/media/sdcard0/RetroArch/.config/retroarch/content_favorites.lpl".
[INFO] [Playlist]: Written to playlist file: "/media/sdcard0/RetroArch/.config/retroarch/content_history.lpl".
[INFO] [Environ]: SET_INPUT_DESCRIPTORS:
[WARN] [SDL]: Couldn't open haptic device of the joypad #0: Haptic: There are 0 haptic devices available
[INFO] [SDL]: Falling back to joystick rumble
[INFO] [KMS]: New FB: 640x480 (stride: 2560).
[INFO] [KMS]: New FB: 640x480 (stride: 2560).
[INFO] [Config]: Loading config: "/media/sdcard0/Emu/NEOGEO/../../RetroArch/.config/retroarch/retroarch.cfg".
[INFO] [Overrides]: Configuration overrides unloaded, original configuration restored.
[INFO] [Core]: Content ran for a total of: 00 hours, 00 minutes, 57 seconds.
[INFO] [Core]: Unloading game..
[libretro INFO] [FBNeo] EEPROM succesfully saved to /mnt/SDCARD/Savefiles/FinalBurn Neo/fbneo/mslug.fs
[INFO] [Core]: Unloading core..
[INFO] [Core]: Unloading core symbols..
[INFO] [Core]: Saved game-specific core options to "/media/sdcard0/Emu/NEOGEO/../../RetroArch/.config/retroarch/config/FinalBurn Neo/mslug.opt".
[INFO] [Autoconf]: Se ha desconectado Xbox 360 Controller del puerto 1.
[INFO] Threaded video stats: Frames pushed: 3965, Frames dropped: 9.
