[INFO] RetroArch 1.20.0 (Git b797f2d8cc)
[INFO] === Build =======================================
[INFO] Funcionalidades: ASIMD 
[INFO] Version: 1.20.0
[INFO] Git: b797f2d8cc
[INFO] Built: Jan 16 2025
[INFO] =================================================
[INFO] [Input]: Found input driver: "udev".
[INFO] [Core]: Loading dynamic libretro core from: "/media/sdcard0/Emu/DC/../../RetroArch/.config/retroarch/cores/flycast_libretro.so"
[INFO] [Overrides]: Content dir-specific overrides found at "/media/sdcard0/Emu/DC/../../RetroArch/.config/retroarch/config/Flycast/DC.cfg".
[INFO] [Config]: Loading config: "/media/sdcard0/Emu/DC/../../RetroArch/.config/retroarch/retroarch.cfg".
[INFO] [Config]: Appending override config: "/media/sdcard0/Emu/DC/../../RetroArch/.config/retroarch/config/Flycast/DC.cfg".
[INFO] [Overrides]: Redirigiendo archivo de guardado a "/mnt/SDCARD/Savefiles/Flycast/Star Wars Episode I Racer.srm".
[INFO] [Overrides]: Redirigiendo guardado rápido a "/mnt/SDCARD/Savestates/Flycast/Star Wars Episode I Racer.state".
[INFO] [Environ]: GET_CORE_OPTIONS_VERSION.
[INFO] [Environ]: GET_LANGUAGE: "3".
[INFO] [Environ]: RETRO_ENVIRONMENT_SET_CORE_OPTIONS_V2_INTL.
[INFO] [Environ]: SET_CONTROLLER_INFO.
[INFO] [Remaps]: Core-specific remap found at "/media/sdcard0/Emu/DC/../../RetroArch/.config/retroarch/config/remaps/Flycast/Flycast.rmp".
[INFO] [Environ]: GET_LOG_INTERFACE.
[INFO] [Environ]: GET_PERF_INTERFACE.
[INFO] [Environ]: SET_PIXEL_FORMAT: XRGB8888.
[INFO] [Environ]: SET_KEYBOARD_CALLBACK.
[INFO] [Environ]: GET_DISK_CONTROL_INTERFACE_VERSION.
[INFO] [Environ]: SET_DISK_CONTROL_EXT_INTERFACE.
[INFO] [Content]: Carga de contenido omitida. La implementación lo cargará por su cuenta.
[INFO] [Environ]: GET_RUMBLE_INTERFACE.
[INFO] [Environ]: SYSTEM_DIRECTORY: "/media/sdcard0/Emu/DC/../../RetroArch/.config/retroarch/system".
[INFO] [Environ]: SAVE_DIRECTORY: "/mnt/SDCARD/Savefiles/Flycast".
[ERROR] [Environ]: GET_VARIABLE: reicast_cpu_mode - Invalid value.
[INFO] [Environ]: SET_SAVE_STATE_IN_BACKGROUND: yes.
[libretro INFO] File extension is: .chd
[INFO] [Environ]: GET_PREFERRED_HW_RENDER, video driver name: gl.
[INFO] [Environ]: GET_PREFERRED_HW_RENDER - Context callback set to RETRO_HW_CONTEXT_OPENGL.
[INFO] [Environ]: SET_HW_RENDER, context type: gl.
[INFO] Requesting OpenGLES2 context.
[libretro INFO] hw/mem/_vmem.cpp:482 N[VMEM]: Info: nvmem is enabled, with addr space of size 4GB
[libretro INFO] nullDC.cpp:145 N[BOOT]: [LUT]: Product number: T23001D 50.
[libretro INFO] hw/maple/maple_devs.cpp:603 N[MAPLE]: Loaded VMU from file "/media/sdcard0/Emu/DC/../../RetroArch/.config/retroarch/system/dc/vmu_save_A1.bin"
[libretro INFO] hw/maple/maple_devs.cpp:603 N[MAPLE]: Loaded VMU from file "/media/sdcard0/Emu/DC/../../RetroArch/.config/retroarch/system/dc/vmu_save_B1.bin"
[libretro INFO] hw/maple/maple_devs.cpp:603 N[MAPLE]: Loaded VMU from file "/media/sdcard0/Emu/DC/../../RetroArch/.config/retroarch/system/dc/vmu_save_C1.bin"
[libretro INFO] hw/maple/maple_devs.cpp:603 N[MAPLE]: Loaded VMU from file "/media/sdcard0/Emu/DC/../../RetroArch/.config/retroarch/system/dc/vmu_save_D1.bin"
[INFO] [SRAM]: Omitiendo carga de SRAM.
[INFO] [Core]: Versión de la API libretro: 1, API usada en la compilación: 1
[INFO] [Core]: Geometry: 640x480, Aspect: 1.333, FPS: 60.00, Sample rate: 44100.00 Hz.
[INFO] [Video]: Set video size to: fullscreen.
[INFO] [Video]: Using HW render, OpenGL driver forced.
[INFO] [Video]: Using configured "gl" driver for GL HW render.
[WARN] [DRM]: Couldn't get device resources.
[WARN] [DRM]: Couldn't get device resources.
[INFO] [DRM]: Found 2 connectors.
[INFO] [DRM]: Connector 0 connected: no
[INFO] [DRM]: Connector 0 has 0 modes.
[INFO] [DRM]: Connector 1 connected: yes
[INFO] [DRM]: Connector 1 has 1 modes.
[INFO] [DRM]: Connector 1 assigned to monitor index: #1.
[INFO] [DRM]: Mode 0: (640x480) 640 x 480, 59.976757 Hz
[INFO] [GL]: Found GL context: "kms".
[INFO] [GL]: Detecting screen resolution: 640x480.
[INFO] [EGL] Found EGL_EXT_platform_base, trying eglGetPlatformDisplayEXT
[INFO] [EGL]: EGL version: 1.4
[INFO] [EGL]: Current context: 0x5598e8ac70.
[INFO] [KMS]: New FB: 640x480 (stride: 2560).
[INFO] [GL]: Vendor: ARM, Renderer: Mali-G52.
[INFO] [GL]: Version: OpenGL ES 3.2 v1.g2p0-01eac0.02b077cea4dc2127696dc49c93c0fc7a.
[INFO] [GL]: Using ARB_sync to reduce latency.
[INFO] [GL]: Using resolution 640x480.
[INFO] [GL]: Default shader backend found: glsl.
[INFO] [Shaders]: Specific shader preset found at "/media/sdcard0/Emu/DC/../../RetroArch/.config/retroarch/config/Flycast/DC.glslp".
[INFO] [Shader driver]: Using GLSL shader backend.
[INFO] [GLSL]: Found GLSL vertex shader.
[INFO] [GLSL]: Found GLSL fragment shader.
[INFO] [GLSL]: Linking GLSL program.
[INFO] [GLSL]: Found GLSL vertex shader.
[INFO] [GLSL]: Found GLSL fragment shader.
[INFO] [GLSL]: Linking GLSL program.
[INFO] [GLSL]: Found GLSL vertex shader.
[INFO] [GLSL]: Found GLSL fragment shader.
[INFO] [GLSL]: Linking GLSL program.
[INFO] [GL]: Using 1 textures.
[INFO] [GL]: Loaded 1 program(s).
[INFO] [GL]: Initializing HW render (1024x1024).
[INFO] [GL]: Max texture size: 16383 px, renderbuffer size: 16383 px.
[INFO] [GL]: Supports FBO (render-to-texture).
[INFO] [Video]: Graphics driver did not initialize an input driver. Attempting to pick a suitable driver.
[WARN] [udev]: Full-screen pointer won't be available.
[INFO] [udev]: Keyboard #0: "adc-keys" (/dev/input/event3).
[INFO] [udev]: Keyboard #1: "rk805 pwrkey" (/dev/input/event2).
[INFO] [udev]: Keyboard #2: "hdmi_cec_key" (/dev/input/event4).
[INFO] [udev]: Keyboard #3: "gpio-keys-polled" (/dev/input/event0).
[INFO] [udev]: Keyboard #4: "hall wake key" (/dev/input/event1).
[WARN] [SDL]: Couldn't open haptic device of the joypad #0: Haptic: There are 0 haptic devices available
[INFO] [SDL]: Falling back to joystick rumble
[INFO] [Joypad]: Found joypad driver: "sdl2".
[INFO] [Video]: Found display server: "kms".
[WARN] [udev]: Mouse grab/ungrab feature unavailable.
[INFO] [Audio]: Set audio input rate to: 44100.00 Hz.
[INFO] [ALSA] Using ALSA version 1.2.7.2
[INFO] [ALSA]: Using FLOAT_LE sample format for PLAYBACK device "default"
[INFO] [ALSA]: Period: 4 periods per buffer (768 frames, 6144 bytes)
[INFO] [ALSA]: Buffer size: 3072 frames (24576 bytes)
[INFO] [ALSA]: Can pause: no.
[INFO] [ALSA]: Initialized PLAYBACK device "default"
[INFO] [Audio]: Started synchronous audio driver.
[INFO] [Display]: Found display driver: "gl".
[INFO] [Playlist]: Cargando historial: "/media/sdcard0/RetroArch/.config/retroarch/content_history.lpl".
[INFO] [Playlist]: Cargando historial: "/media/sdcard0/RetroArch/.config/retroarch/content_music_history.lpl".
[INFO] [Playlist]: Cargando historial: "/media/sdcard0/RetroArch/.config/retroarch/content_image_history.lpl".
[INFO] [Playlist]: Cargando favoritos: "/media/sdcard0/RetroArch/.config/retroarch/content_favorites.lpl".
[INFO] [Playlist]: Written to playlist file: "/media/sdcard0/RetroArch/.config/retroarch/content_history.lpl".
[WARN] [SDL]: Couldn't open haptic device of the joypad #0: Haptic: There are 0 haptic devices available
[INFO] [SDL]: Falling back to joystick rumble
[INFO] [Environ]: SET_INPUT_DESCRIPTORS:
[INFO] [KMS]: New FB: 640x480 (stride: 2560).
[INFO] [KMS]: New FB: 640x480 (stride: 2560).
[libretro INFO] hw/maple/maple_devs.cpp:603 N[MAPLE]: Loaded VMU from file "/media/sdcard0/Emu/DC/../../RetroArch/.config/retroarch/system/dc/vmu_save_A1.bin"
[libretro INFO] hw/maple/maple_devs.cpp:603 N[MAPLE]: Loaded VMU from file "/media/sdcard0/Emu/DC/../../RetroArch/.config/retroarch/system/dc/vmu_save_B1.bin"
[libretro INFO] hw/maple/maple_devs.cpp:603 N[MAPLE]: Loaded VMU from file "/media/sdcard0/Emu/DC/../../RetroArch/.config/retroarch/system/dc/vmu_save_C1.bin"
[libretro INFO] hw/maple/maple_devs.cpp:603 N[MAPLE]: Loaded VMU from file "/media/sdcard0/Emu/DC/../../RetroArch/.config/retroarch/system/dc/vmu_save_D1.bin"
[libretro INFO] hw/pvr/Renderer_if.cpp:104 N[PVR]: Creating Open GL per-triangle/strip renderer
[libretro INFO] rend/gles/gles.cpp:413 N[RENDERER]: OpenGL version: OpenGL ES 3.2 v1.g2p0-01eac0.02b077cea4dc2127696dc49c93c0fc7a
[INFO] [State]: Cargando guardado rápido "/mnt/SDCARD/Savestates/Flycast/Star Wars Episode I Racer.state", 0 bytes.
[ERROR] [State]: Error al cargar el guardado rápido de "/mnt/SDCARD/Savestates/Flycast/Star Wars Episode I Racer.state".
[INFO] [State]: Cargando guardado rápido "/mnt/SDCARD/Savestates/Flycast/Star Wars Episode I Racer.state", 0 bytes.
[ERROR] [State]: Error al cargar el guardado rápido de "/mnt/SDCARD/Savestates/Flycast/Star Wars Episode I Racer.state".
[INFO] [Config]: Loading config: "/media/sdcard0/Emu/DC/../../RetroArch/.config/retroarch/retroarch.cfg".
[INFO] [Overrides]: Configuration overrides unloaded, original configuration restored.
[INFO] [Core]: Content ran for a total of: 00 hours, 01 minutes, 42 seconds.
[INFO] [Core]: Unloading game..
[INFO] [Core]: Unloading core..
[INFO] [Core]: Unloading core symbols..
[INFO] [Core]: Saved core options file to "/media/sdcard0/Emu/DC/../../RetroArch/.config/retroarch/config/Flycast/Flycast.opt".
[INFO] [Autoconf]: Se ha desconectado Xbox 360 Controller del puerto 1.
