[INFO] RetroArch 1.20.0 (Git b797f2d8cc)
[INFO] === Build =======================================
[INFO] Funcionalidades: ASIMD 
[INFO] Version: 1.20.0
[INFO] Git: b797f2d8cc
[INFO] Built: Jan 16 2025
[INFO] =================================================
[INFO] [Input]: Found input driver: "udev".
[INFO] [Core]: Loading dynamic libretro core from: "/media/sdcard0/Emu/ARCADE/../../RetroArch/.config/retroarch/cores/fbalpha2012_libretro.so"
[INFO] [Overrides]: Core-specific overrides found at "/media/sdcard0/Emu/ARCADE/../../RetroArch/.config/retroarch/config/FB Alpha 2012/FB Alpha 2012.cfg".
[INFO] [Overrides]: Content dir-specific overrides found at "/media/sdcard0/Emu/ARCADE/../../RetroArch/.config/retroarch/config/FB Alpha 2012/ARCADE.cfg".
[INFO] [Overrides]: Content dir-specific overrides stacking on top of previous overrides.
[INFO] [Config]: Loading config: "/media/sdcard0/Emu/ARCADE/../../RetroArch/.config/retroarch/retroarch.cfg".
[INFO] [Config]: Appending override config: "/media/sdcard0/Emu/ARCADE/../../RetroArch/.config/retroarch/config/FB Alpha 2012/FB Alpha 2012.cfg".
[INFO] [Config]: Appending override config: "/media/sdcard0/Emu/ARCADE/../../RetroArch/.config/retroarch/config/FB Alpha 2012/ARCADE.cfg".
[INFO] [Overrides]: Redirigiendo archivo de guardado a "/mnt/SDCARD/Savefiles/FB Alpha 2012/flstory.srm".
[INFO] [Overrides]: Redirigiendo guardado rápido a "/mnt/SDCARD/Savestates/FB Alpha 2012/flstory.state".
[INFO] [Environ]: GET_LOG_INTERFACE.
[INFO] [Content]: Carga de contenido omitida. La implementación lo cargará por su cuenta.
[INFO] [Environ]: SAVE_DIRECTORY: "/mnt/SDCARD/Savefiles/FB Alpha 2012".
[libretro INFO] Setting save dir to /mnt/SDCARD/Savefiles/FB Alpha 2012
[INFO] [Environ]: SYSTEM_DIRECTORY: "/media/sdcard0/Emu/ARCADE/../../RetroArch/.config/retroarch/system".
[libretro INFO] Setting system dir to /media/sdcard0/Emu/ARCADE/../../RetroArch/.config/retroarch/system
[INFO] [Environ]: SET_CONTROLLER_INFO.
[INFO] [Environ]: SET_VARIABLES.
[libretro INFO] [FBA] Archive: flstory
[libretro INFO] [FBA] Parsing archive /media/sdcard0/Emu/ARCADE/../../Roms/ARCADE/flstory.
[INFO] [Environ]: SET_VARIABLES.
[INFO] [Core]: Saved core options file to "/media/sdcard0/Emu/ARCADE/../../RetroArch/.config/retroarch/config/FB Alpha 2012/FB Alpha 2012.opt".
[libretro INFO] Initialize DIP switches.
[libretro INFO] 'Bonus Life' (4)
[libretro INFO]    '(Default) 30000 100000'
[libretro INFO]    '30000 100000'
[libretro INFO]    '30000 150000'
[libretro INFO]    '50000 150000'
[libretro INFO]    '70000 150000'
[libretro INFO] 'Free Play' (2)
[libretro INFO]    '(Default) Off'
[libretro INFO]    'Off'
[libretro INFO]    'On'
[libretro INFO] 'Lives' (4)
[libretro INFO]    '(Default) 3'
[libretro INFO]    '3'
[libretro INFO]    '4'
[libretro INFO]    '5'
[libretro INFO]    'Infinite (Cheat)'
[libretro INFO] 'Debug Mode' (2)
[libretro INFO]    '(Default) Off'
[libretro INFO]    'Off'
[libretro INFO]    'On'
[libretro INFO] 'Flip Screen' (2)
[libretro INFO]    '(Default) Off'
[libretro INFO]    'Off'
[libretro INFO]    'On'
[libretro INFO] 'Cabinet' (2)
[libretro INFO]    '(Default) Upright'
[libretro INFO]    'Upright'
[libretro INFO]    'Cocktail'
[libretro INFO] 'Coin A' (16)
[libretro INFO]    '(Default) 1 Coin  1 Credits'
[libretro INFO]    '9 Coins 1 Credits'
[libretro INFO]    '8 Coins 1 Credits'
[libretro INFO]    '7 Coins 1 Credits'
[libretro INFO]    '6 Coins 1 Credits'
[libretro INFO]    '5 Coins 1 Credits'
[libretro INFO]    '4 Coins 1 Credits'
[libretro INFO]    '3 Coins 1 Credits'
[libretro INFO]    '2 Coins 1 Credits'
[libretro INFO]    '1 Coin  1 Credits'
[libretro INFO]    '1 Coin  2 Credits'
[libretro INFO]    '1 Coin  3 Credits'
[libretro INFO]    '1 Coin  4 Credits'
[libretro INFO]    '1 Coin  5 Credits'
[libretro INFO]    '1 Coin  6 Credits'
[libretro INFO]    '1 Coin  7 Credits'
[libretro INFO]    '1 Coin  8 Credits'
[libretro INFO] 'Coin B' (16)
[libretro INFO]    '(Default) 1 Coin  1 Credits'
[libretro INFO]    '9 Coins 1 Credits'
[libretro INFO]    '8 Coins 1 Credits'
[libretro INFO]    '7 Coins 1 Credits'
[libretro INFO]    '6 Coins 1 Credits'
[libretro INFO]    '5 Coins 1 Credits'
[libretro INFO]    '4 Coins 1 Credits'
[libretro INFO]    '3 Coins 1 Credits'
[libretro INFO]    '2 Coins 1 Credits'
[libretro INFO]    '1 Coin  1 Credits'
[libretro INFO]    '1 Coin  2 Credits'
[libretro INFO]    '1 Coin  3 Credits'
[libretro INFO]    '1 Coin  4 Credits'
[libretro INFO]    '1 Coin  5 Credits'
[libretro INFO]    '1 Coin  6 Credits'
[libretro INFO]    '1 Coin  7 Credits'
[libretro INFO]    '1 Coin  8 Credits'
[libretro INFO] 'Allow Continue' (2)
[libretro INFO]    '(Default) Yes'
[libretro INFO]    'No'
[libretro INFO]    'Yes'
[libretro INFO] 'Attract Animation' (2)
[libretro INFO]    '(Default) On'
[libretro INFO]    'Off'
[libretro INFO]    'On'
[libretro INFO] 'Leave Off' (2)
[libretro INFO]    '(Default) Off'
[libretro INFO]    'Off'
[libretro INFO]    'On'
[libretro INFO] 'Invulnerability (Cheat)' (2)
[libretro INFO]    '(Default) Off'
[libretro INFO]    'Off'
[libretro INFO]    'On'
[libretro INFO] 'Coin Slots' (2)
[libretro INFO]    '(Default) 2'
[libretro INFO]    '1'
[libretro INFO]    '2'
[INFO] [Environ]: SET_VARIABLES.
[INFO] [Core]: Saved core options file to "/media/sdcard0/Emu/ARCADE/../../RetroArch/.config/retroarch/config/FB Alpha 2012/FB Alpha 2012.opt".
[libretro INFO] Apply DIP switches value from core options.
[libretro INFO] DIP switch at PTR: [-1392526176] [0xec] -> [0xec] - No change - 'Bonus Life' '(Default) 30000 100000' [0x00]
[libretro INFO] DIP switch at PTR: [-1392526176] [0xec] -> [0xec] - No change - 'Free Play' '(Default) Off' [0x04]
[libretro INFO] DIP switch at PTR: [-1392526176] [0xec] -> [0xec] - No change - 'Lives' '(Default) 3' [0x08]
[libretro INFO] DIP switch at PTR: [-1392526176] [0xec] -> [0xec] - No change - 'Debug Mode' '(Default) Off' [0x20]
[libretro INFO] DIP switch at PTR: [-1392526176] [0xec] -> [0xec] - No change - 'Flip Screen' '(Default) Off' [0x40]
[libretro INFO] DIP switch at PTR: [-1392526176] [0xec] -> [0xec] - No change - 'Cabinet' '(Default) Upright' [0x80]
[libretro INFO] DIP switch at PTR: [-1392526175] [0x00] -> [0x00] - No change - 'Coin A' '(Default) 1 Coin  1 Credits' [0x00]
[libretro INFO] DIP switch at PTR: [-1392526175] [0x00] -> [0x00] - No change - 'Coin B' '(Default) 1 Coin  1 Credits' [0x00]
[libretro INFO] DIP switch at PTR: [-1392526174] [0xf8] -> [0xf8] - No change - 'Allow Continue' '(Default) Yes' [0x08]
[libretro INFO] DIP switch at PTR: [-1392526174] [0xf8] -> [0xf8] - No change - 'Attract Animation' '(Default) On' [0x10]
[libretro INFO] DIP switch at PTR: [-1392526174] [0xf8] -> [0xf8] - No change - 'Leave Off' '(Default) Off' [0x20]
[libretro INFO] DIP switch at PTR: [-1392526174] [0xf8] -> [0xf8] - No change - 'Invulnerability (Cheat)' '(Default) Off' [0x40]
[libretro INFO] DIP switch at PTR: [-1392526174] [0xf8] -> [0xf8] - No change - 'Coin Slots' '(Default) 2' [0x80]
[libretro INFO] Game: flstory
[INFO] [Environ]: SET_PIXEL_FORMAT: RGB565.
[libretro INFO] Frontend supports RGB565 - will use that instead of XRGB1555.
[INFO] [SRAM]: Omitiendo carga de SRAM.
[INFO] [Core]: Versión de la API libretro: 1, API usada en la compilación: 1
[libretro INFO] retro_get_system_av_info: base_width: 256, base_height: 224, max_width: 256, max_height: 256, aspect_ratio: (4/3) = 1.333333 (bVerticalMode: 0)
[INFO] [Core]: Geometry: 256x224, Aspect: 1.333, FPS: 60.00, Sample rate: 32040.00 Hz.
[INFO] [Video]: Set video size to: fullscreen.
[INFO] [Video]: Starting threaded video driver..
[WARN] [DRM]: Couldn't get device resources.
[WARN] [DRM]: Couldn't get device resources.
[INFO] [DRM]: Found 2 connectors.
[INFO] [DRM]: Connector 0 connected: no
[INFO] [DRM]: Connector 0 has 0 modes.
[INFO] [DRM]: Connector 1 connected: yes
[INFO] [DRM]: Connector 1 has 1 modes.
[INFO] [DRM]: Connector 1 assigned to monitor index: #1.
[INFO] [DRM]: Mode 0: (640x480) 640 x 480, 59.976761 Hz
[INFO] [GL]: Found GL context: "kms".
[INFO] [GL]: Detecting screen resolution: 640x480.
[INFO] [EGL] Found EGL_EXT_platform_base, trying eglGetPlatformDisplayEXT
[INFO] [EGL]: EGL version: 1.4
[INFO] [EGL]: Current context: 0x7fa40abb30.
[INFO] [KMS]: New FB: 640x480 (stride: 2560).
[INFO] [GL]: Vendor: ARM, Renderer: Mali-G52.
[INFO] [GL]: Version: OpenGL ES 3.2 v1.g2p0-01eac0.02b077cea4dc2127696dc49c93c0fc7a.
[INFO] [GL]: Using ARB_sync to reduce latency.
[INFO] [GL]: Using resolution 640x480.
[INFO] [GL]: Default shader backend found: glsl.
[INFO] [Shaders]: Specific shader preset found at "/media/sdcard0/Emu/ARCADE/../../RetroArch/.config/retroarch/config/FB Alpha 2012/ARCADE.glslp".
[INFO] [Shader driver]: Using GLSL shader backend.
[INFO] [GLSL]: Found GLSL vertex shader.
[INFO] [GLSL]: Found GLSL fragment shader.
[INFO] [GLSL]: Linking GLSL program.
[INFO] [GLSL]: Found GLSL vertex shader.
[INFO] [GLSL]: Found GLSL fragment shader.
[INFO] [GLSL]: Linking GLSL program.
[INFO] [GLSL]: Found GLSL vertex shader.
[INFO] [GLSL]: Found GLSL fragment shader.
[INFO] [GLSL]: Linking GLSL program.
[INFO] [GL]: Using 4 textures.
[INFO] [GL]: Loaded 1 program(s).
[INFO] [Video]: Graphics driver did not initialize an input driver. Attempting to pick a suitable driver.
[WARN] [udev]: Full-screen pointer won't be available.
[INFO] [udev]: Keyboard #0: "adc-keys" (/dev/input/event3).
[INFO] [udev]: Keyboard #1: "rk805 pwrkey" (/dev/input/event2).
[INFO] [udev]: Keyboard #2: "hdmi_cec_key" (/dev/input/event4).
[INFO] [udev]: Keyboard #3: "gpio-keys-polled" (/dev/input/event0).
[INFO] [udev]: Keyboard #4: "hall wake key" (/dev/input/event1).
[WARN] [SDL]: Couldn't open haptic device of the joypad #0: Haptic: There are 0 haptic devices available
[INFO] [SDL]: Falling back to joystick rumble
[INFO] [Joypad]: Found joypad driver: "sdl2".
[INFO] [Video]: Found display server: "kms".
[WARN] [udev]: Mouse grab/ungrab feature unavailable.
[INFO] [Audio]: Set audio input rate to: 32040.00 Hz.
[INFO] [ALSA] Using ALSA version 1.2.7.2
[INFO] [ALSA]: Using FLOAT_LE sample format for PLAYBACK device "default"
[INFO] [ALSA]: Period: 4 periods per buffer (768 frames, 6144 bytes)
[INFO] [ALSA]: Buffer size: 3072 frames (24576 bytes)
[INFO] [ALSA]: Can pause: no.
[INFO] [ALSA]: Initialized PLAYBACK device "default"
[INFO] [Audio]: Started synchronous audio driver.
[INFO] [Display]: Found display driver: "gl".
[INFO] [Environ]: SET_INPUT_DESCRIPTORS:
[INFO] [Playlist]: Cargando historial: "/media/sdcard0/RetroArch/.config/retroarch/content_history.lpl".
[INFO] [Playlist]: Cargando historial: "/media/sdcard0/RetroArch/.config/retroarch/content_music_history.lpl".
[INFO] [Playlist]: Cargando historial: "/media/sdcard0/RetroArch/.config/retroarch/content_image_history.lpl".
[INFO] [Playlist]: Cargando favoritos: "/media/sdcard0/RetroArch/.config/retroarch/content_favorites.lpl".
[INFO] [Playlist]: Written to playlist file: "/media/sdcard0/RetroArch/.config/retroarch/content_history.lpl".
[WARN] [SDL]: Couldn't open haptic device of the joypad #0: Haptic: There are 0 haptic devices available
[INFO] [SDL]: Falling back to joystick rumble
[INFO] [KMS]: New FB: 640x480 (stride: 2560).
[INFO] [KMS]: New FB: 640x480 (stride: 2560).
[INFO] [Config]: Loading config: "/media/sdcard0/Emu/ARCADE/../../RetroArch/.config/retroarch/retroarch.cfg".
[INFO] [Overrides]: Configuration overrides unloaded, original configuration restored.
[INFO] [Core]: Content ran for a total of: 00 hours, 00 minutes, 04 seconds.
[INFO] [Core]: Unloading game..
[INFO] [Core]: Unloading core..
[INFO] [Core]: Unloading core symbols..
[INFO] [Core]: Saved core options file to "/media/sdcard0/Emu/ARCADE/../../RetroArch/.config/retroarch/config/FB Alpha 2012/FB Alpha 2012.opt".
[INFO] [Autoconf]: Se ha desconectado Xbox 360 Controller del puerto 1.
[INFO] Threaded video stats: Frames pushed: 269, Frames dropped: 0.
