[INFO] RetroArch 1.20.0 (Git b797f2d8cc)
[INFO] === Build =======================================
[INFO] Funcionalidades: ASIMD 
[INFO] Version: 1.20.0
[INFO] Git: b797f2d8cc
[INFO] Built: Jan 16 2025
[INFO] =================================================
[INFO] [Input]: Found input driver: "udev".
[INFO] [Core]: Loading dynamic libretro core from: "/media/sdcard0/Emu/ARCADE/../../RetroArch/.config/retroarch/cores/fbneo_libretro.so"
[INFO] [Overrides]: Content dir-specific overrides found at "/media/sdcard0/Emu/ARCADE/../../RetroArch/.config/retroarch/config/FinalBurn Neo/ARCADE.cfg".
[INFO] [Overrides]: Game-specific overrides found at "/media/sdcard0/Emu/ARCADE/../../RetroArch/.config/retroarch/config/FinalBurn Neo/paddlema.cfg".
[INFO] [Overrides]: Game-specific overrides stacking on top of previous overrides.
[INFO] [Config]: Loading config: "/media/sdcard0/Emu/ARCADE/../../RetroArch/.config/retroarch/retroarch.cfg".
[INFO] [Config]: Appending override config: "/media/sdcard0/Emu/ARCADE/../../RetroArch/.config/retroarch/config/FinalBurn Neo/ARCADE.cfg".
[INFO] [Config]: Appending override config: "/media/sdcard0/Emu/ARCADE/../../RetroArch/.config/retroarch/config/FinalBurn Neo/paddlema.cfg".
[INFO] [Overrides]: Redirigiendo archivo de guardado a "/mnt/SDCARD/Savefiles/FinalBurn Neo/paddlema.srm".
[INFO] [Overrides]: Redirigiendo guardado rápido a "/mnt/SDCARD/Savestates/FinalBurn Neo/paddlema.state".
[INFO] [Remaps]: Game-specific remap found at "/media/sdcard0/Emu/ARCADE/../../RetroArch/.config/retroarch/config/remaps/FinalBurn Neo/paddlema.rmp".
[INFO] [Environ]: SET_SERIALIZATION_QUIRKS.
[INFO] [Environ]: GET_LOG_INTERFACE.
[INFO] [Environ]: GET_LANGUAGE: "3".
[INFO] [Environ]: GET_MESSAGE_INTERFACE_VERSION.
[INFO] [Environ]: SET_AUDIO_BUFFER_STATUS_CALLBACK.
[INFO] [Content]: Carga de contenido omitida. La implementación lo cargará por su cuenta.
[INFO] [Environ]: SAVE_DIRECTORY: "/mnt/SDCARD/Savefiles/FinalBurn Neo".
[libretro INFO] Setting save dir to /mnt/SDCARD/Savefiles/FinalBurn Neo
[INFO] [Environ]: SYSTEM_DIRECTORY: "/media/sdcard0/Emu/ARCADE/../../RetroArch/.config/retroarch/system".
[libretro INFO] Setting system dir to /media/sdcard0/Emu/ARCADE/../../RetroArch/.config/retroarch/system
[INFO] [Environ]: SET_CONTROLLER_INFO.
[libretro INFO] Initialize DIP switches.
[INFO] [Environ]: GET_CORE_OPTIONS_VERSION.
[INFO] [Environ]: RETRO_ENVIRONMENT_SET_CORE_OPTIONS_V2.
[INFO] [Core]: Se han encontrado opciones personalizadas según juego en "/media/sdcard0/Emu/ARCADE/../../RetroArch/.config/retroarch/config/FinalBurn Neo/paddlema.opt".
[libretro INFO] [FBNeo] Searching all possible locations for romset paddlema
[libretro INFO] [FBNeo] No patched romset found at /media/sdcard0/Emu/ARCADE/../../RetroArch/.config/retroarch/system/fbneo/patched/paddlema
[libretro INFO] [FBNeo] Romset found at /media/sdcard0/Emu/ARCADE/../../Roms/ARCADE/paddlema
[libretro INFO] [FBNeo] No romset found at /media/sdcard0/Emu/ARCADE/../../Roms/ARCADE/arc/paddlema
[libretro INFO] [FBNeo] No romset found at /media/sdcard0/Emu/ARCADE/../../Roms/ARCADE/arcade/paddlema
[libretro INFO] [FBNeo] No romset found at /media/sdcard0/Emu/ARCADE/../../Roms/ARCADE/romdata/paddlema
[libretro INFO] [FBNeo] No romset found at /media/sdcard0/Emu/ARCADE/../../Roms/ARCADE/coleco/paddlema
[libretro INFO] [FBNeo] No romset found at /media/sdcard0/Emu/ARCADE/../../Roms/ARCADE/colecovision/paddlema
[libretro INFO] [FBNeo] No romset found at /media/sdcard0/Emu/ARCADE/../../Roms/ARCADE/gamegear/paddlema
[libretro INFO] [FBNeo] No romset found at /media/sdcard0/Emu/ARCADE/../../Roms/ARCADE/megadriv/paddlema
[libretro INFO] [FBNeo] No romset found at /media/sdcard0/Emu/ARCADE/../../Roms/ARCADE/megadrive/paddlema
[libretro INFO] [FBNeo] No romset found at /media/sdcard0/Emu/ARCADE/../../Roms/ARCADE/genesis/paddlema
[libretro INFO] [FBNeo] No romset found at /media/sdcard0/Emu/ARCADE/../../Roms/ARCADE/msx/paddlema
[libretro INFO] [FBNeo] No romset found at /media/sdcard0/Emu/ARCADE/../../Roms/ARCADE/msx1/paddlema
[libretro INFO] [FBNeo] No romset found at /media/sdcard0/Emu/ARCADE/../../Roms/ARCADE/pce/paddlema
[libretro INFO] [FBNeo] No romset found at /media/sdcard0/Emu/ARCADE/../../Roms/ARCADE/pcengine/paddlema
[libretro INFO] [FBNeo] No romset found at /media/sdcard0/Emu/ARCADE/../../Roms/ARCADE/sg1000/paddlema
[libretro INFO] [FBNeo] No romset found at /media/sdcard0/Emu/ARCADE/../../Roms/ARCADE/sgx/paddlema
[libretro INFO] [FBNeo] No romset found at /media/sdcard0/Emu/ARCADE/../../Roms/ARCADE/supergrafx/paddlema
[libretro INFO] [FBNeo] No romset found at /media/sdcard0/Emu/ARCADE/../../Roms/ARCADE/sms/paddlema
[libretro INFO] [FBNeo] No romset found at /media/sdcard0/Emu/ARCADE/../../Roms/ARCADE/mastersystem/paddlema
[libretro INFO] [FBNeo] No romset found at /media/sdcard0/Emu/ARCADE/../../Roms/ARCADE/snes/paddlema
[libretro INFO] [FBNeo] No romset found at /media/sdcard0/Emu/ARCADE/../../Roms/ARCADE/spectrum/paddlema
[libretro INFO] [FBNeo] No romset found at /media/sdcard0/Emu/ARCADE/../../Roms/ARCADE/zxspectrum/paddlema
[libretro INFO] [FBNeo] No romset found at /media/sdcard0/Emu/ARCADE/../../Roms/ARCADE/tg16/paddlema
[libretro INFO] [FBNeo] No romset found at /media/sdcard0/Emu/ARCADE/../../Roms/ARCADE/nes/paddlema
[libretro INFO] [FBNeo] No romset found at /media/sdcard0/Emu/ARCADE/../../Roms/ARCADE/fds/paddlema
[libretro INFO] [FBNeo] No romset found at /media/sdcard0/Emu/ARCADE/../../Roms/ARCADE/ngp/paddlema
[libretro INFO] [FBNeo] No romset found at /media/sdcard0/Emu/ARCADE/../../Roms/ARCADE/chf/paddlema
[libretro INFO] [FBNeo] No romset found at /media/sdcard0/Emu/ARCADE/../../Roms/ARCADE/channelf/paddlema
[libretro INFO] [FBNeo] No romset found at /media/sdcard0/Emu/ARCADE/../../RetroArch/.config/retroarch/system/fbneo/paddlema
[libretro INFO] [FBNeo] No romset found at /media/sdcard0/Emu/ARCADE/../../RetroArch/.config/retroarch/system/fbneo/arc/paddlema
[libretro INFO] [FBNeo] No romset found at /media/sdcard0/Emu/ARCADE/../../RetroArch/.config/retroarch/system/fbneo/arcade/paddlema
[libretro INFO] [FBNeo] No romset found at /media/sdcard0/Emu/ARCADE/../../RetroArch/.config/retroarch/system/fbneo/romdata/paddlema
[libretro INFO] [FBNeo] No romset found at /media/sdcard0/Emu/ARCADE/../../RetroArch/.config/retroarch/system/fbneo/coleco/paddlema
[libretro INFO] [FBNeo] No romset found at /media/sdcard0/Emu/ARCADE/../../RetroArch/.config/retroarch/system/fbneo/colecovision/paddlema
[libretro INFO] [FBNeo] No romset found at /media/sdcard0/Emu/ARCADE/../../RetroArch/.config/retroarch/system/fbneo/gamegear/paddlema
[libretro INFO] [FBNeo] No romset found at /media/sdcard0/Emu/ARCADE/../../RetroArch/.config/retroarch/system/fbneo/megadriv/paddlema
[libretro INFO] [FBNeo] No romset found at /media/sdcard0/Emu/ARCADE/../../RetroArch/.config/retroarch/system/fbneo/megadrive/paddlema
[libretro INFO] [FBNeo] No romset found at /media/sdcard0/Emu/ARCADE/../../RetroArch/.config/retroarch/system/fbneo/genesis/paddlema
[libretro INFO] [FBNeo] No romset found at /media/sdcard0/Emu/ARCADE/../../RetroArch/.config/retroarch/system/fbneo/msx/paddlema
[libretro INFO] [FBNeo] No romset found at /media/sdcard0/Emu/ARCADE/../../RetroArch/.config/retroarch/system/fbneo/msx1/paddlema
[libretro INFO] [FBNeo] No romset found at /media/sdcard0/Emu/ARCADE/../../RetroArch/.config/retroarch/system/fbneo/pce/paddlema
[libretro INFO] [FBNeo] No romset found at /media/sdcard0/Emu/ARCADE/../../RetroArch/.config/retroarch/system/fbneo/pcengine/paddlema
[libretro INFO] [FBNeo] No romset found at /media/sdcard0/Emu/ARCADE/../../RetroArch/.config/retroarch/system/fbneo/sg1000/paddlema
[libretro INFO] [FBNeo] No romset found at /media/sdcard0/Emu/ARCADE/../../RetroArch/.config/retroarch/system/fbneo/sgx/paddlema
[libretro INFO] [FBNeo] No romset found at /media/sdcard0/Emu/ARCADE/../../RetroArch/.config/retroarch/system/fbneo/supergrafx/paddlema
[libretro INFO] [FBNeo] No romset found at /media/sdcard0/Emu/ARCADE/../../RetroArch/.config/retroarch/system/fbneo/sms/paddlema
[libretro INFO] [FBNeo] No romset found at /media/sdcard0/Emu/ARCADE/../../RetroArch/.config/retroarch/system/fbneo/mastersystem/paddlema
[libretro INFO] [FBNeo] No romset found at /media/sdcard0/Emu/ARCADE/../../RetroArch/.config/retroarch/system/fbneo/snes/paddlema
[libretro INFO] [FBNeo] No romset found at /media/sdcard0/Emu/ARCADE/../../RetroArch/.config/retroarch/system/fbneo/spectrum/paddlema
[libretro INFO] [FBNeo] No romset found at /media/sdcard0/Emu/ARCADE/../../RetroArch/.config/retroarch/system/fbneo/zxspectrum/paddlema
[libretro INFO] [FBNeo] No romset found at /media/sdcard0/Emu/ARCADE/../../RetroArch/.config/retroarch/system/fbneo/tg16/paddlema
[libretro INFO] [FBNeo] No romset found at /media/sdcard0/Emu/ARCADE/../../RetroArch/.config/retroarch/system/fbneo/nes/paddlema
[libretro INFO] [FBNeo] No romset found at /media/sdcard0/Emu/ARCADE/../../RetroArch/.config/retroarch/system/fbneo/fds/paddlema
[libretro INFO] [FBNeo] No romset found at /media/sdcard0/Emu/ARCADE/../../RetroArch/.config/retroarch/system/fbneo/ngp/paddlema
[libretro INFO] [FBNeo] No romset found at /media/sdcard0/Emu/ARCADE/../../RetroArch/.config/retroarch/system/fbneo/chf/paddlema
[libretro INFO] [FBNeo] No romset found at /media/sdcard0/Emu/ARCADE/../../RetroArch/.config/retroarch/system/fbneo/channelf/paddlema
[libretro INFO] [FBNeo] No romset found at /media/sdcard0/Emu/ARCADE/../../RetroArch/.config/retroarch/system/paddlema
[libretro INFO] [FBNeo] Using ROM with known crc 0xc227a6e8 and name padlem.6g from archive /media/sdcard0/Emu/ARCADE/../../Roms/ARCADE/paddlema
[libretro INFO] [FBNeo] Using ROM with known crc 0xf11a21aa and name padlem.3g from archive /media/sdcard0/Emu/ARCADE/../../Roms/ARCADE/paddlema
[libretro INFO] [FBNeo] Using ROM with known crc 0x8897555f and name padlem.6h from archive /media/sdcard0/Emu/ARCADE/../../Roms/ARCADE/paddlema
[libretro INFO] [FBNeo] Using ROM with known crc 0xf0fe9b9d and name padlem.3h from archive /media/sdcard0/Emu/ARCADE/../../Roms/ARCADE/paddlema
[libretro INFO] [FBNeo] Using ROM with known crc 0x9269778d and name padlem.18c from archive /media/sdcard0/Emu/ARCADE/../../Roms/ARCADE/paddlema
[libretro INFO] [FBNeo] Using ROM with known crc 0x4ee4970d and name padlem.9m from archive /media/sdcard0/Emu/ARCADE/../../Roms/ARCADE/paddlema
[libretro INFO] [FBNeo] Using ROM with known crc 0x0984fb4d and name padlem.16m from archive /media/sdcard0/Emu/ARCADE/../../Roms/ARCADE/paddlema
[libretro INFO] [FBNeo] Using ROM with known crc 0xa1756f15 and name padlem.9n from archive /media/sdcard0/Emu/ARCADE/../../Roms/ARCADE/paddlema
[libretro INFO] [FBNeo] Using ROM with known crc 0x4249e047 and name padlem.16n from archive /media/sdcard0/Emu/ARCADE/../../Roms/ARCADE/paddlema
[libretro INFO] [FBNeo] Using ROM with known crc 0x3f47910c and name padlem.6m from archive /media/sdcard0/Emu/ARCADE/../../Roms/ARCADE/paddlema
[libretro INFO] [FBNeo] Using ROM with known crc 0xfd9dbc27 and name padlem.13m from archive /media/sdcard0/Emu/ARCADE/../../Roms/ARCADE/paddlema
[libretro INFO] [FBNeo] Using ROM with known crc 0xfe337655 and name padlem.6n from archive /media/sdcard0/Emu/ARCADE/../../Roms/ARCADE/paddlema
[libretro INFO] [FBNeo] Using ROM with known crc 0x1d460486 and name padlem.13n from archive /media/sdcard0/Emu/ARCADE/../../Roms/ARCADE/paddlema
[libretro INFO] [FBNeo] Using ROM with known crc 0xcae6bcd6 and name padlem.a from archive /media/sdcard0/Emu/ARCADE/../../Roms/ARCADE/paddlema
[libretro INFO] [FBNeo] Using ROM with known crc 0xb6df8dcb and name padlem.b from archive /media/sdcard0/Emu/ARCADE/../../Roms/ARCADE/paddlema
[libretro INFO] [FBNeo] Using ROM with known crc 0x39ca9b86 and name padlem.c from archive /media/sdcard0/Emu/ARCADE/../../Roms/ARCADE/paddlema
[libretro INFO] [FBNeo] Using ROM with known crc 0x86170069 and name padlem.17j from archive /media/sdcard0/Emu/ARCADE/../../Roms/ARCADE/paddlema
[libretro INFO] [FBNeo] Using ROM with known crc 0x8da58e2c and name padlem.16j from archive /media/sdcard0/Emu/ARCADE/../../Roms/ARCADE/paddlema
[libretro INFO] [FBNeo] Using ROM with known crc 0x488df971 and name padlem.18n from archive /media/sdcard0/Emu/ARCADE/../../Roms/ARCADE/paddlema
[libretro INFO] [FBNeo] No missing files, proceeding
[libretro INFO] [FBNeo] Samplerate set to 48000
[libretro INFO] [FBNeo] Applied dipswitches from core options
[libretro INFO] [FBNeo] Initialized driver for paddlema
[libretro INFO] [FBNeo] Adjusted audio buffer to match driver's refresh rate (60.000000 Hz)
[libretro INFO] [Cheevos] System RAM set to 0x55a819ffe4, size is 34816
[INFO] [Environ]: SET_PIXEL_FORMAT: XRGB8888.
[libretro INFO] [FBNeo] Driver paddlema was successfully started : game's full name is Paddle Mania
[INFO] [SRAM]: Omitiendo carga de SRAM.
[INFO] [Core]: Versión de la API libretro: 1, API usada en la compilación: 1
[libretro INFO] [FBNeo] Timing set to 60.000000 Hz
[INFO] [Core]: Geometry: 256x224, Aspect: 0.750, FPS: 60.00, Sample rate: 48000.00 Hz.
[INFO] [Video]: Set video size to: fullscreen.
[INFO] [Video]: Starting threaded video driver..
[WARN] [DRM]: Couldn't get device resources.
[WARN] [DRM]: Couldn't get device resources.
[INFO] [DRM]: Found 2 connectors.
[INFO] [DRM]: Connector 0 connected: no
[INFO] [DRM]: Connector 0 has 0 modes.
[INFO] [DRM]: Connector 1 connected: yes
[INFO] [DRM]: Connector 1 has 1 modes.
[INFO] [DRM]: Connector 1 assigned to monitor index: #1.
[INFO] [DRM]: Mode 0: (640x480) 640 x 480, 59.976761 Hz
[INFO] [GL]: Found GL context: "kms".
[INFO] [GL]: Detecting screen resolution: 640x480.
[INFO] [EGL] Found EGL_EXT_platform_base, trying eglGetPlatformDisplayEXT
[INFO] [EGL]: EGL version: 1.4
[INFO] [EGL]: Current context: 0x7f780abb30.
[INFO] [KMS]: New FB: 640x480 (stride: 2560).
[INFO] [GL]: Vendor: ARM, Renderer: Mali-G52.
[INFO] [GL]: Version: OpenGL ES 3.2 v1.g2p0-01eac0.02b077cea4dc2127696dc49c93c0fc7a.
[INFO] [GL]: Using ARB_sync to reduce latency.
[INFO] [GL]: Using resolution 640x480.
[INFO] [GL]: Default shader backend found: glsl.
[INFO] [Shaders]: Specific shader preset found at "/media/sdcard0/Emu/ARCADE/../../RetroArch/.config/retroarch/config/FinalBurn Neo/ARCADE.glslp".
[INFO] [Shader driver]: Using GLSL shader backend.
[INFO] [GLSL]: Found GLSL vertex shader.
[INFO] [GLSL]: Found GLSL fragment shader.
[INFO] [GLSL]: Linking GLSL program.
[INFO] [GLSL]: Found GLSL vertex shader.
[INFO] [GLSL]: Found GLSL fragment shader.
[INFO] [GLSL]: Linking GLSL program.
[INFO] [GLSL]: Found GLSL vertex shader.
[INFO] [GLSL]: Found GLSL fragment shader.
[INFO] [GLSL]: Linking GLSL program.
[INFO] [GL]: Using 4 textures.
[INFO] [GL]: Loaded 1 program(s).
[INFO] [Video]: Graphics driver did not initialize an input driver. Attempting to pick a suitable driver.
[WARN] [udev]: Full-screen pointer won't be available.
[INFO] [udev]: Keyboard #0: "adc-keys" (/dev/input/event3).
[INFO] [udev]: Keyboard #1: "rk805 pwrkey" (/dev/input/event2).
[INFO] [udev]: Keyboard #2: "hdmi_cec_key" (/dev/input/event4).
[INFO] [udev]: Keyboard #3: "gpio-keys-polled" (/dev/input/event0).
[INFO] [udev]: Keyboard #4: "hall wake key" (/dev/input/event1).
[WARN] [SDL]: Couldn't open haptic device of the joypad #0: Haptic: There are 0 haptic devices available
[INFO] [SDL]: Falling back to joystick rumble
[INFO] [Joypad]: Found joypad driver: "sdl2".
[INFO] [Video]: Found display server: "kms".
[WARN] [udev]: Mouse grab/ungrab feature unavailable.
[INFO] [Audio]: Set audio input rate to: 48000.00 Hz.
[INFO] [ALSA] Using ALSA version 1.2.7.2
[INFO] [ALSA]: Using FLOAT_LE sample format for PLAYBACK device "default"
[INFO] [ALSA]: Period: 4 periods per buffer (768 frames, 6144 bytes)
[INFO] [ALSA]: Buffer size: 3072 frames (24576 bytes)
[INFO] [ALSA]: Can pause: no.
[INFO] [ALSA]: Initialized PLAYBACK device "default"
[INFO] [Audio]: Started synchronous audio driver.
[INFO] [Display]: Found display driver: "gl".
[INFO] [Environ]: SET_SUBSYSTEM_INFO.
[libretro INFO] [FBNeo] Unknown device type for port 0, forcing "Classic" instead
[libretro INFO] [FBNeo] Unknown device type for port 1, forcing "Classic" instead
[INFO] [Playlist]: Cargando historial: "/media/sdcard0/RetroArch/.config/retroarch/content_history.lpl".
[INFO] [Playlist]: Cargando historial: "/media/sdcard0/RetroArch/.config/retroarch/content_music_history.lpl".
[INFO] [Playlist]: Cargando historial: "/media/sdcard0/RetroArch/.config/retroarch/content_image_history.lpl".
[INFO] [Playlist]: Cargando favoritos: "/media/sdcard0/RetroArch/.config/retroarch/content_favorites.lpl".
[INFO] [Playlist]: Written to playlist file: "/media/sdcard0/RetroArch/.config/retroarch/content_history.lpl".
[INFO] [Environ]: SET_INPUT_DESCRIPTORS:
[WARN] [SDL]: Couldn't open haptic device of the joypad #0: Haptic: There are 0 haptic devices available
[INFO] [SDL]: Falling back to joystick rumble
[INFO] [KMS]: New FB: 640x480 (stride: 2560).
[INFO] [KMS]: New FB: 640x480 (stride: 2560).
[INFO] [Config]: Loading config: "/media/sdcard0/Emu/ARCADE/../../RetroArch/.config/retroarch/retroarch.cfg".
[INFO] [Overrides]: Configuration overrides unloaded, original configuration restored.
[INFO] [Core]: Content ran for a total of: 00 hours, 00 minutes, 03 seconds.
[INFO] [Core]: Unloading game..
[INFO] [Core]: Unloading core..
[INFO] [Core]: Unloading core symbols..
[INFO] [Core]: Saved game-specific core options to "/media/sdcard0/Emu/ARCADE/../../RetroArch/.config/retroarch/config/FinalBurn Neo/paddlema.opt".
[INFO] [Autoconf]: Se ha desconectado Xbox 360 Controller del puerto 1.
[INFO] Threaded video stats: Frames pushed: 307, Frames dropped: 0.
