[INFO] RetroArch 1.20.0 (Git b797f2d8cc)
[INFO] === Build =======================================
[INFO] Funcionalidades: ASIMD 
[INFO] Version: 1.20.0
[INFO] Git: b797f2d8cc
[INFO] Built: Jan 16 2025
[INFO] =================================================
[INFO] [Input]: Found input driver: "udev".
[INFO] [Core]: Loading dynamic libretro core from: "/media/sdcard0/Emu/ARCADE/../../RetroArch/.config/retroarch/cores/fbneo_libretro.so"
[INFO] [Overrides]: Content dir-specific overrides found at "/media/sdcard0/Emu/ARCADE/../../RetroArch/.config/retroarch/config/FinalBurn Neo/ARCADE.cfg".
[INFO] [Overrides]: Game-specific overrides found at "/media/sdcard0/Emu/ARCADE/../../RetroArch/.config/retroarch/config/FinalBurn Neo/gulfstrm.cfg".
[INFO] [Overrides]: Game-specific overrides stacking on top of previous overrides.
[INFO] [Config]: Loading config: "/media/sdcard0/Emu/ARCADE/../../RetroArch/.config/retroarch/retroarch.cfg".
[INFO] [Config]: Appending override config: "/media/sdcard0/Emu/ARCADE/../../RetroArch/.config/retroarch/config/FinalBurn Neo/ARCADE.cfg".
[INFO] [Config]: Appending override config: "/media/sdcard0/Emu/ARCADE/../../RetroArch/.config/retroarch/config/FinalBurn Neo/gulfstrm.cfg".
[INFO] [Overrides]: Redirigiendo archivo de guardado a "/mnt/SDCARD/Savefiles/FinalBurn Neo/gulfstrm.srm".
[INFO] [Overrides]: Redirigiendo guardado rápido a "/mnt/SDCARD/Savestates/FinalBurn Neo/gulfstrm.state".
[INFO] [Remaps]: Game-specific remap found at "/media/sdcard0/Emu/ARCADE/../../RetroArch/.config/retroarch/config/remaps/FinalBurn Neo/gulfstrm.rmp".
[INFO] [Environ]: SET_SERIALIZATION_QUIRKS.
[INFO] [Environ]: GET_LOG_INTERFACE.
[INFO] [Environ]: GET_LANGUAGE: "3".
[INFO] [Environ]: GET_MESSAGE_INTERFACE_VERSION.
[INFO] [Environ]: SET_AUDIO_BUFFER_STATUS_CALLBACK.
[INFO] [Content]: Carga de contenido omitida. La implementación lo cargará por su cuenta.
[INFO] [Environ]: SAVE_DIRECTORY: "/mnt/SDCARD/Savefiles/FinalBurn Neo".
[libretro INFO] Setting save dir to /mnt/SDCARD/Savefiles/FinalBurn Neo
[INFO] [Environ]: SYSTEM_DIRECTORY: "/media/sdcard0/Emu/ARCADE/../../RetroArch/.config/retroarch/system".
[libretro INFO] Setting system dir to /media/sdcard0/Emu/ARCADE/../../RetroArch/.config/retroarch/system
[INFO] [Environ]: SET_CONTROLLER_INFO.
[libretro INFO] Initialize DIP switches.
[INFO] [Environ]: GET_CORE_OPTIONS_VERSION.
[INFO] [Environ]: RETRO_ENVIRONMENT_SET_CORE_OPTIONS_V2.
[INFO] [Core]: Se han encontrado opciones personalizadas según juego en "/media/sdcard0/Emu/ARCADE/../../RetroArch/.config/retroarch/config/FinalBurn Neo/gulfstrm.opt".
[libretro INFO] [FBNeo] Searching all possible locations for romset gulfstrm
[libretro INFO] [FBNeo] No patched romset found at /media/sdcard0/Emu/ARCADE/../../RetroArch/.config/retroarch/system/fbneo/patched/gulfstrm
[libretro INFO] [FBNeo] Romset found at /media/sdcard0/Emu/ARCADE/../../Roms/ARCADE/gulfstrm
[libretro INFO] [FBNeo] No romset found at /media/sdcard0/Emu/ARCADE/../../Roms/ARCADE/arc/gulfstrm
[libretro INFO] [FBNeo] No romset found at /media/sdcard0/Emu/ARCADE/../../Roms/ARCADE/arcade/gulfstrm
[libretro INFO] [FBNeo] No romset found at /media/sdcard0/Emu/ARCADE/../../Roms/ARCADE/romdata/gulfstrm
[libretro INFO] [FBNeo] No romset found at /media/sdcard0/Emu/ARCADE/../../Roms/ARCADE/coleco/gulfstrm
[libretro INFO] [FBNeo] No romset found at /media/sdcard0/Emu/ARCADE/../../Roms/ARCADE/colecovision/gulfstrm
[libretro INFO] [FBNeo] No romset found at /media/sdcard0/Emu/ARCADE/../../Roms/ARCADE/gamegear/gulfstrm
[libretro INFO] [FBNeo] No romset found at /media/sdcard0/Emu/ARCADE/../../Roms/ARCADE/megadriv/gulfstrm
[libretro INFO] [FBNeo] No romset found at /media/sdcard0/Emu/ARCADE/../../Roms/ARCADE/megadrive/gulfstrm
[libretro INFO] [FBNeo] No romset found at /media/sdcard0/Emu/ARCADE/../../Roms/ARCADE/genesis/gulfstrm
[libretro INFO] [FBNeo] No romset found at /media/sdcard0/Emu/ARCADE/../../Roms/ARCADE/msx/gulfstrm
[libretro INFO] [FBNeo] No romset found at /media/sdcard0/Emu/ARCADE/../../Roms/ARCADE/msx1/gulfstrm
[libretro INFO] [FBNeo] No romset found at /media/sdcard0/Emu/ARCADE/../../Roms/ARCADE/pce/gulfstrm
[libretro INFO] [FBNeo] No romset found at /media/sdcard0/Emu/ARCADE/../../Roms/ARCADE/pcengine/gulfstrm
[libretro INFO] [FBNeo] No romset found at /media/sdcard0/Emu/ARCADE/../../Roms/ARCADE/sg1000/gulfstrm
[libretro INFO] [FBNeo] No romset found at /media/sdcard0/Emu/ARCADE/../../Roms/ARCADE/sgx/gulfstrm
[libretro INFO] [FBNeo] No romset found at /media/sdcard0/Emu/ARCADE/../../Roms/ARCADE/supergrafx/gulfstrm
[libretro INFO] [FBNeo] No romset found at /media/sdcard0/Emu/ARCADE/../../Roms/ARCADE/sms/gulfstrm
[libretro INFO] [FBNeo] No romset found at /media/sdcard0/Emu/ARCADE/../../Roms/ARCADE/mastersystem/gulfstrm
[libretro INFO] [FBNeo] No romset found at /media/sdcard0/Emu/ARCADE/../../Roms/ARCADE/snes/gulfstrm
[libretro INFO] [FBNeo] No romset found at /media/sdcard0/Emu/ARCADE/../../Roms/ARCADE/spectrum/gulfstrm
[libretro INFO] [FBNeo] No romset found at /media/sdcard0/Emu/ARCADE/../../Roms/ARCADE/zxspectrum/gulfstrm
[libretro INFO] [FBNeo] No romset found at /media/sdcard0/Emu/ARCADE/../../Roms/ARCADE/tg16/gulfstrm
[libretro INFO] [FBNeo] No romset found at /media/sdcard0/Emu/ARCADE/../../Roms/ARCADE/nes/gulfstrm
[libretro INFO] [FBNeo] No romset found at /media/sdcard0/Emu/ARCADE/../../Roms/ARCADE/fds/gulfstrm
[libretro INFO] [FBNeo] No romset found at /media/sdcard0/Emu/ARCADE/../../Roms/ARCADE/ngp/gulfstrm
[libretro INFO] [FBNeo] No romset found at /media/sdcard0/Emu/ARCADE/../../Roms/ARCADE/chf/gulfstrm
[libretro INFO] [FBNeo] No romset found at /media/sdcard0/Emu/ARCADE/../../Roms/ARCADE/channelf/gulfstrm
[libretro INFO] [FBNeo] No romset found at /media/sdcard0/Emu/ARCADE/../../RetroArch/.config/retroarch/system/fbneo/gulfstrm
[libretro INFO] [FBNeo] No romset found at /media/sdcard0/Emu/ARCADE/../../RetroArch/.config/retroarch/system/fbneo/arc/gulfstrm
[libretro INFO] [FBNeo] No romset found at /media/sdcard0/Emu/ARCADE/../../RetroArch/.config/retroarch/system/fbneo/arcade/gulfstrm
[libretro INFO] [FBNeo] No romset found at /media/sdcard0/Emu/ARCADE/../../RetroArch/.config/retroarch/system/fbneo/romdata/gulfstrm
[libretro INFO] [FBNeo] No romset found at /media/sdcard0/Emu/ARCADE/../../RetroArch/.config/retroarch/system/fbneo/coleco/gulfstrm
[libretro INFO] [FBNeo] No romset found at /media/sdcard0/Emu/ARCADE/../../RetroArch/.config/retroarch/system/fbneo/colecovision/gulfstrm
[libretro INFO] [FBNeo] No romset found at /media/sdcard0/Emu/ARCADE/../../RetroArch/.config/retroarch/system/fbneo/gamegear/gulfstrm
[libretro INFO] [FBNeo] No romset found at /media/sdcard0/Emu/ARCADE/../../RetroArch/.config/retroarch/system/fbneo/megadriv/gulfstrm
[libretro INFO] [FBNeo] No romset found at /media/sdcard0/Emu/ARCADE/../../RetroArch/.config/retroarch/system/fbneo/megadrive/gulfstrm
[libretro INFO] [FBNeo] No romset found at /media/sdcard0/Emu/ARCADE/../../RetroArch/.config/retroarch/system/fbneo/genesis/gulfstrm
[libretro INFO] [FBNeo] No romset found at /media/sdcard0/Emu/ARCADE/../../RetroArch/.config/retroarch/system/fbneo/msx/gulfstrm
[libretro INFO] [FBNeo] No romset found at /media/sdcard0/Emu/ARCADE/../../RetroArch/.config/retroarch/system/fbneo/msx1/gulfstrm
[libretro INFO] [FBNeo] No romset found at /media/sdcard0/Emu/ARCADE/../../RetroArch/.config/retroarch/system/fbneo/pce/gulfstrm
[libretro INFO] [FBNeo] No romset found at /media/sdcard0/Emu/ARCADE/../../RetroArch/.config/retroarch/system/fbneo/pcengine/gulfstrm
[libretro INFO] [FBNeo] No romset found at /media/sdcard0/Emu/ARCADE/../../RetroArch/.config/retroarch/system/fbneo/sg1000/gulfstrm
[libretro INFO] [FBNeo] No romset found at /media/sdcard0/Emu/ARCADE/../../RetroArch/.config/retroarch/system/fbneo/sgx/gulfstrm
[libretro INFO] [FBNeo] No romset found at /media/sdcard0/Emu/ARCADE/../../RetroArch/.config/retroarch/system/fbneo/supergrafx/gulfstrm
[libretro INFO] [FBNeo] No romset found at /media/sdcard0/Emu/ARCADE/../../RetroArch/.config/retroarch/system/fbneo/sms/gulfstrm
[libretro INFO] [FBNeo] No romset found at /media/sdcard0/Emu/ARCADE/../../RetroArch/.config/retroarch/system/fbneo/mastersystem/gulfstrm
[libretro INFO] [FBNeo] No romset found at /media/sdcard0/Emu/ARCADE/../../RetroArch/.config/retroarch/system/fbneo/snes/gulfstrm
[libretro INFO] [FBNeo] No romset found at /media/sdcard0/Emu/ARCADE/../../RetroArch/.config/retroarch/system/fbneo/spectrum/gulfstrm
[libretro INFO] [FBNeo] No romset found at /media/sdcard0/Emu/ARCADE/../../RetroArch/.config/retroarch/system/fbneo/zxspectrum/gulfstrm
[libretro INFO] [FBNeo] No romset found at /media/sdcard0/Emu/ARCADE/../../RetroArch/.config/retroarch/system/fbneo/tg16/gulfstrm
[libretro INFO] [FBNeo] No romset found at /media/sdcard0/Emu/ARCADE/../../RetroArch/.config/retroarch/system/fbneo/nes/gulfstrm
[libretro INFO] [FBNeo] No romset found at /media/sdcard0/Emu/ARCADE/../../RetroArch/.config/retroarch/system/fbneo/fds/gulfstrm
[libretro INFO] [FBNeo] No romset found at /media/sdcard0/Emu/ARCADE/../../RetroArch/.config/retroarch/system/fbneo/ngp/gulfstrm
[libretro INFO] [FBNeo] No romset found at /media/sdcard0/Emu/ARCADE/../../RetroArch/.config/retroarch/system/fbneo/chf/gulfstrm
[libretro INFO] [FBNeo] No romset found at /media/sdcard0/Emu/ARCADE/../../RetroArch/.config/retroarch/system/fbneo/channelf/gulfstrm
[libretro INFO] [FBNeo] No romset found at /media/sdcard0/Emu/ARCADE/../../RetroArch/.config/retroarch/system/gulfstrm
[libretro INFO] [FBNeo] Using ROM with known crc 0x59e0478b and name 1.l4 from archive /media/sdcard0/Emu/ARCADE/../../Roms/ARCADE/gulfstrm
[libretro INFO] [FBNeo] Using ROM with known crc 0xc029b015 and name 3.c5 from archive /media/sdcard0/Emu/ARCADE/../../Roms/ARCADE/gulfstrm
[libretro INFO] [FBNeo] Using ROM with known crc 0xc2d65a25 and name 2.s4 from archive /media/sdcard0/Emu/ARCADE/../../Roms/ARCADE/gulfstrm
[libretro INFO] [FBNeo] Using ROM with known crc 0x67bdf73d and name 14.b1 from archive /media/sdcard0/Emu/ARCADE/../../Roms/ARCADE/gulfstrm
[libretro INFO] [FBNeo] Using ROM with known crc 0x7770a76f and name 16.c1 from archive /media/sdcard0/Emu/ARCADE/../../Roms/ARCADE/gulfstrm
[libretro INFO] [FBNeo] Using ROM with known crc 0x84803f7e and name 15.b1 from archive /media/sdcard0/Emu/ARCADE/../../Roms/ARCADE/gulfstrm
[libretro INFO] [FBNeo] Using ROM with known crc 0x94706500 and name 17.e1 from archive /media/sdcard0/Emu/ARCADE/../../Roms/ARCADE/gulfstrm
[libretro INFO] [FBNeo] Using ROM with known crc 0x858fdbb6 and name 4.d8 from archive /media/sdcard0/Emu/ARCADE/../../Roms/ARCADE/gulfstrm
[libretro INFO] [FBNeo] Using ROM with known crc 0xc0a552e8 and name 5.b9 from archive /media/sdcard0/Emu/ARCADE/../../Roms/ARCADE/gulfstrm
[libretro INFO] [FBNeo] Using ROM with known crc 0x20eedda3 and name 6.d8 from archive /media/sdcard0/Emu/ARCADE/../../Roms/ARCADE/gulfstrm
[libretro INFO] [FBNeo] Using ROM with known crc 0x294f8c40 and name 7.d9 from archive /media/sdcard0/Emu/ARCADE/../../Roms/ARCADE/gulfstrm
[libretro INFO] [FBNeo] Using ROM with known crc 0xec3ad3e7 and name 12.r8 from archive /media/sdcard0/Emu/ARCADE/../../Roms/ARCADE/gulfstrm
[libretro INFO] [FBNeo] Using ROM with known crc 0xc64090cb and name 13.r9 from archive /media/sdcard0/Emu/ARCADE/../../Roms/ARCADE/gulfstrm
[libretro INFO] [FBNeo] Using ROM with known crc 0x8d7f4693 and name 8.e8 from archive /media/sdcard0/Emu/ARCADE/../../Roms/ARCADE/gulfstrm
[libretro INFO] [FBNeo] Using ROM with known crc 0x34d440c4 and name 9.e9 from archive /media/sdcard0/Emu/ARCADE/../../Roms/ARCADE/gulfstrm
[libretro INFO] [FBNeo] Using ROM with known crc 0xb4f15bf4 and name 10.n8 from archive /media/sdcard0/Emu/ARCADE/../../Roms/ARCADE/gulfstrm
[libretro INFO] [FBNeo] Using ROM with known crc 0x7dfe4a9c and name 11.n9 from archive /media/sdcard0/Emu/ARCADE/../../Roms/ARCADE/gulfstrm
[libretro INFO] [FBNeo] No missing files, proceeding
[libretro INFO] [FBNeo] Samplerate set to 48000
[libretro INFO] [FBNeo] Applied dipswitches from core options
[libretro INFO] [FBNeo] Initialized driver for gulfstrm
[libretro INFO] [FBNeo] Adjusted audio buffer to match driver's refresh rate (60.000000 Hz)
[libretro INFO] [Cheevos] System RAM set to 0x7f982ea014, size is 21540
[INFO] [Environ]: SET_PIXEL_FORMAT: XRGB8888.
[libretro INFO] [FBNeo] Driver gulfstrm was successfully started : game's full name is Gulf Storm (set 1)
[INFO] [SRAM]: Omitiendo carga de SRAM.
[INFO] [Core]: Versión de la API libretro: 1, API usada en la compilación: 1
[libretro INFO] [FBNeo] Timing set to 60.000000 Hz
[INFO] [Core]: Geometry: 384x240, Aspect: 0.750, FPS: 60.00, Sample rate: 48000.00 Hz.
[INFO] [Video]: Set video size to: fullscreen.
[INFO] [Video]: Starting threaded video driver..
[WARN] [DRM]: Couldn't get device resources.
[WARN] [DRM]: Couldn't get device resources.
[INFO] [DRM]: Found 2 connectors.
[INFO] [DRM]: Connector 0 connected: no
[INFO] [DRM]: Connector 0 has 0 modes.
[INFO] [DRM]: Connector 1 connected: yes
[INFO] [DRM]: Connector 1 has 1 modes.
[INFO] [DRM]: Connector 1 assigned to monitor index: #1.
[INFO] [DRM]: Mode 0: (640x480) 640 x 480, 59.976761 Hz
[INFO] [GL]: Found GL context: "kms".
[INFO] [GL]: Detecting screen resolution: 640x480.
[INFO] [EGL] Found EGL_EXT_platform_base, trying eglGetPlatformDisplayEXT
[INFO] [EGL]: EGL version: 1.4
[INFO] [EGL]: Current context: 0x7f900abb30.
[INFO] [KMS]: New FB: 640x480 (stride: 2560).
[INFO] [GL]: Vendor: ARM, Renderer: Mali-G52.
[INFO] [GL]: Version: OpenGL ES 3.2 v1.g2p0-01eac0.02b077cea4dc2127696dc49c93c0fc7a.
[INFO] [GL]: Using ARB_sync to reduce latency.
[INFO] [GL]: Using resolution 640x480.
[INFO] [GL]: Default shader backend found: glsl.
[INFO] [Shaders]: Specific shader preset found at "/media/sdcard0/Emu/ARCADE/../../RetroArch/.config/retroarch/config/FinalBurn Neo/ARCADE.glslp".
[INFO] [Shader driver]: Using GLSL shader backend.
[INFO] [GLSL]: Found GLSL vertex shader.
[INFO] [GLSL]: Found GLSL fragment shader.
[INFO] [GLSL]: Linking GLSL program.
[INFO] [GLSL]: Found GLSL vertex shader.
[INFO] [GLSL]: Found GLSL fragment shader.
[INFO] [GLSL]: Linking GLSL program.
[INFO] [GLSL]: Found GLSL vertex shader.
[INFO] [GLSL]: Found GLSL fragment shader.
[INFO] [GLSL]: Linking GLSL program.
[INFO] [GL]: Using 4 textures.
[INFO] [GL]: Loaded 1 program(s).
[INFO] [Video]: Graphics driver did not initialize an input driver. Attempting to pick a suitable driver.
[WARN] [udev]: Full-screen pointer won't be available.
[INFO] [udev]: Keyboard #0: "adc-keys" (/dev/input/event3).
[INFO] [udev]: Keyboard #1: "rk805 pwrkey" (/dev/input/event2).
[INFO] [udev]: Keyboard #2: "hdmi_cec_key" (/dev/input/event4).
[INFO] [udev]: Keyboard #3: "gpio-keys-polled" (/dev/input/event0).
[INFO] [udev]: Keyboard #4: "hall wake key" (/dev/input/event1).
[WARN] [SDL]: Couldn't open haptic device of the joypad #0: Haptic: There are 0 haptic devices available
[INFO] [SDL]: Falling back to joystick rumble
[INFO] [Joypad]: Found joypad driver: "sdl2".
[INFO] [Video]: Found display server: "kms".
[WARN] [udev]: Mouse grab/ungrab feature unavailable.
[INFO] [Audio]: Set audio input rate to: 48000.00 Hz.
[INFO] [ALSA] Using ALSA version 1.2.7.2
[INFO] [ALSA]: Using FLOAT_LE sample format for PLAYBACK device "default"
[INFO] [ALSA]: Period: 4 periods per buffer (768 frames, 6144 bytes)
[INFO] [ALSA]: Buffer size: 3072 frames (24576 bytes)
[INFO] [ALSA]: Can pause: no.
[INFO] [ALSA]: Initialized PLAYBACK device "default"
[INFO] [Audio]: Started synchronous audio driver.
[INFO] [Display]: Found display driver: "gl".
[INFO] [Environ]: SET_SUBSYSTEM_INFO.
[libretro INFO] [FBNeo] Unknown device type for port 0, forcing "Classic" instead
[libretro INFO] [FBNeo] Unknown device type for port 1, forcing "Classic" instead
[INFO] [Playlist]: Cargando historial: "/media/sdcard0/RetroArch/.config/retroarch/content_history.lpl".
[INFO] [Playlist]: Cargando historial: "/media/sdcard0/RetroArch/.config/retroarch/content_music_history.lpl".
[INFO] [Playlist]: Cargando historial: "/media/sdcard0/RetroArch/.config/retroarch/content_image_history.lpl".
[INFO] [Playlist]: Cargando favoritos: "/media/sdcard0/RetroArch/.config/retroarch/content_favorites.lpl".
[INFO] [Playlist]: Written to playlist file: "/media/sdcard0/RetroArch/.config/retroarch/content_history.lpl".
[INFO] [Environ]: SET_INPUT_DESCRIPTORS:
[WARN] [SDL]: Couldn't open haptic device of the joypad #0: Haptic: There are 0 haptic devices available
[INFO] [SDL]: Falling back to joystick rumble
[INFO] [KMS]: New FB: 640x480 (stride: 2560).
[INFO] [KMS]: New FB: 640x480 (stride: 2560).
[INFO] [Config]: Loading config: "/media/sdcard0/Emu/ARCADE/../../RetroArch/.config/retroarch/retroarch.cfg".
[INFO] [Overrides]: Configuration overrides unloaded, original configuration restored.
[INFO] [Core]: Content ran for a total of: 00 hours, 00 minutes, 03 seconds.
[INFO] [Core]: Unloading game..
[INFO] [Core]: Unloading core..
[INFO] [Core]: Unloading core symbols..
[INFO] [Core]: Saved game-specific core options to "/media/sdcard0/Emu/ARCADE/../../RetroArch/.config/retroarch/config/FinalBurn Neo/gulfstrm.opt".
[INFO] [Autoconf]: Se ha desconectado Xbox 360 Controller del puerto 1.
[INFO] Threaded video stats: Frames pushed: 284, Frames dropped: 0.
