[INFO] RetroArch 1.20.0 (Git b797f2d8cc)
[INFO] === Build =======================================
[INFO] Capabilities: ASIMD 
[INFO] Version: 1.20.0
[INFO] Git: b797f2d8cc
[INFO] Built: Jan 16 2025
[INFO] =================================================
[INFO] [Input]: Found input driver: "udev".
[INFO] [Core]: Loading dynamic libretro core from: "/media/sdcard0/Emu/CPS2/../../RetroArch/.config/retroarch/cores/fbalpha2012_cps2_libretro.so"
[INFO] [Overrides]: Content dir-specific overrides found at "/media/sdcard0/Emu/CPS2/../../RetroArch/.config/retroarch/config/FB Alpha 2012 CPS-2/..cfg".
[INFO] [Config]: Loading config: "/media/sdcard0/Emu/CPS2/../../RetroArch/.config/retroarch/retroarch.cfg".
[INFO] [Config]: Appending override config: "/media/sdcard0/Emu/CPS2/../../RetroArch/.config/retroarch/config/FB Alpha 2012 CPS-2/..cfg".
[INFO] [Overrides]: Redirecting save file to "/mnt/SDCARD/Savefiles/./1944.srm".
[INFO] [Overrides]: Redirecting save state to "/mnt/SDCARD/Savestates/./1944.state".
[INFO] [Environ]: GET_CORE_OPTIONS_VERSION.
[INFO] [Environ]: GET_LANGUAGE: "0".
[INFO] [Environ]: RETRO_ENVIRONMENT_SET_CORE_OPTIONS_V2_INTL.
[INFO] [Remaps]: Core-specific remap found at "/media/sdcard0/Emu/CPS2/../../RetroArch/.config/retroarch/config/remaps/FB Alpha 2012 CPS-2/FB Alpha 2012 CPS-2.rmp".
[INFO] [Environ]: GET_LOG_INTERFACE.
[INFO] [Content]: Content loading skipped. Implementation will load it on its own.
[INFO] [Environ]: SAVE_DIRECTORY: "/mnt/SDCARD/Savefiles/.".
[libretro INFO] Setting save dir to /mnt/SDCARD/Savefiles/.
[INFO] [Environ]: SYSTEM_DIRECTORY: "/media/sdcard0/Emu/CPS2/../../RetroArch/.config/retroarch/system".
[libretro INFO] Setting system dir to /media/sdcard0/Emu/CPS2/../../RetroArch/.config/retroarch/system
[INFO] [Environ]: SET_AUDIO_BUFFER_STATUS_CALLBACK.
[libretro INFO] [FBA] Archive: 1944
[libretro INFO] Game: 1944
[INFO] [Environ]: SET_PIXEL_FORMAT: RGB565.
[libretro INFO] Frontend supports RGB565 - will use that instead of XRGB1555.
[libretro INFO] has_analog: 0
[libretro INFO] drvname: 1944
[libretro INFO] genre: 2
[libretro INFO] hardware: 117506048
[libretro INFO] P1 Coin - assigned to key: RetroPad Button Select, port: 0.
[libretro INFO] P1 Coin - has nSwitch.nCode: 6.
[libretro INFO] P1 Start - assigned to key: RetroPad Button Start, port: 0.
[libretro INFO] P1 Start - has nSwitch.nCode: 2.
[libretro INFO] P1 Up - assigned to key: RetroPad D-Pad Up, port: 0.
[libretro INFO] P1 Up - has nSwitch.nCode: c8.
[libretro INFO] P1 Down - assigned to key: RetroPad D-Pad Down, port: 0.
[libretro INFO] P1 Down - has nSwitch.nCode: d0.
[libretro INFO] P1 Left - assigned to key: RetroPad D-Pad Left, port: 0.
[libretro INFO] P1 Left - has nSwitch.nCode: cb.
[libretro INFO] P1 Right - assigned to key: RetroPad D-Pad Right, port: 0.
[libretro INFO] P1 Right - has nSwitch.nCode: cd.
[libretro INFO] P1 Shot - assigned to key: RetroPad Button B, port: 0.
[libretro INFO] P1 Shot - has nSwitch.nCode: 2c.
[libretro INFO] P1 Bomb - assigned to key: RetroPad Button Y, port: 0.
[libretro INFO] P1 Bomb - has nSwitch.nCode: 2d.
[libretro INFO] P2 Coin - assigned to key: RetroPad Button Select, port: 1.
[libretro INFO] P2 Coin - has nSwitch.nCode: 7.
[libretro INFO] P2 Start - assigned to key: RetroPad Button Start, port: 1.
[libretro INFO] P2 Start - has nSwitch.nCode: 3.
[libretro INFO] P2 Up - assigned to key: RetroPad D-Pad Up, port: 1.
[libretro INFO] P2 Up - has nSwitch.nCode: 4002.
[libretro INFO] P2 Down - assigned to key: RetroPad D-Pad Down, port: 1.
[libretro INFO] P2 Down - has nSwitch.nCode: 4003.
[libretro INFO] P2 Left - assigned to key: RetroPad D-Pad Left, port: 1.
[libretro INFO] P2 Left - has nSwitch.nCode: 4000.
[libretro INFO] P2 Right - assigned to key: RetroPad D-Pad Right, port: 1.
[libretro INFO] P2 Right - has nSwitch.nCode: 4001.
[libretro INFO] P2 Shot - assigned to key: RetroPad Button B, port: 1.
[libretro INFO] P2 Shot - has nSwitch.nCode: 4080.
[libretro INFO] P2 Bomb - assigned to key: RetroPad Button Y, port: 1.
[libretro INFO] P2 Bomb - has nSwitch.nCode: 4081.
[libretro INFO] WARNING! Button unaccounted for: [Reset].
[libretro INFO] Reset - has nSwitch.nCode: 3d.
[libretro INFO] Diagnostic - assigned to key: RetroPad Button R3, port: 0.
[libretro INFO] Diagnostic - has nSwitch.nCode: 3c.
[libretro INFO] WARNING! Button unaccounted for: [Service].
[libretro INFO] Service - has nSwitch.nCode: a.
[libretro INFO] WARNING! Button unaccounted for: [Volume Up].
[libretro INFO] Volume Up - has nSwitch.nCode: 2e.
[libretro INFO] WARNING! Button unaccounted for: [Volume Down].
[libretro INFO] Volume Down - has nSwitch.nCode: 1e.
[INFO] [Environ]: SET_INPUT_DESCRIPTORS:
[INFO] [SRAM]: Skipping SRAM load.
[INFO] [Core]: Version of libretro API: 1, Compiled against API: 1
[INFO] [Core]: Geometry: 384x224, Aspect: 1.333, FPS: 59.63, Sample rate: 31842.10 Hz.
[INFO] [Video]: Set video size to: fullscreen.
[INFO] [Video]: Starting threaded video driver..
[WARN] [DRM]: Couldn't get device resources.
[WARN] [DRM]: Couldn't get device resources.
[INFO] [DRM]: Found 2 connectors.
[INFO] [DRM]: Connector 0 connected: no
[INFO] [DRM]: Connector 0 has 0 modes.
[INFO] [DRM]: Connector 1 connected: yes
[INFO] [DRM]: Connector 1 has 1 modes.
[INFO] [DRM]: Connector 1 assigned to monitor index: #1.
[INFO] [DRM]: Mode 0: (640x480) 640 x 480, 59.976761 Hz
[INFO] [GL]: Found GL context: "kms".
[INFO] [GL]: Detecting screen resolution: 640x480.
[INFO] [EGL] Found EGL_EXT_platform_base, trying eglGetPlatformDisplayEXT
[INFO] [EGL]: EGL version: 1.4
[INFO] [EGL]: Current context: 0x7f800abb30.
[INFO] [KMS]: New FB: 640x480 (stride: 2560).
[INFO] [GL]: Vendor: ARM, Renderer: Mali-G52.
[INFO] [GL]: Version: OpenGL ES 3.2 v1.g2p0-01eac0.02b077cea4dc2127696dc49c93c0fc7a.
[INFO] [GL]: Using ARB_sync to reduce latency.
[INFO] [GL]: Using resolution 640x480.
[INFO] [GL]: Default shader backend found: glsl.
[INFO] [Shaders]: Specific shader preset found at "/media/sdcard0/Emu/CPS2/../../RetroArch/.config/retroarch/config/FB Alpha 2012 CPS-2/..glslp".
[INFO] [Shader driver]: Using GLSL shader backend.
[INFO] [GLSL]: Found GLSL vertex shader.
[INFO] [GLSL]: Found GLSL fragment shader.
[INFO] [GLSL]: Linking GLSL program.
[INFO] [GLSL]: Found GLSL vertex shader.
[INFO] [GLSL]: Found GLSL fragment shader.
[INFO] [GLSL]: Linking GLSL program.
[INFO] [GLSL]: Found GLSL vertex shader.
[INFO] [GLSL]: Found GLSL fragment shader.
[INFO] [GLSL]: Linking GLSL program.
[INFO] [GL]: Using 4 textures.
[INFO] [GL]: Loaded 1 program(s).
[INFO] [Video]: Graphics driver did not initialize an input driver. Attempting to pick a suitable driver.
[WARN] [udev]: Full-screen pointer won't be available.
[INFO] [udev]: Keyboard #0: "adc-keys" (/dev/input/event3).
[INFO] [udev]: Keyboard #1: "rk805 pwrkey" (/dev/input/event2).
[INFO] [udev]: Keyboard #2: "hdmi_cec_key" (/dev/input/event4).
[INFO] [udev]: Keyboard #3: "gpio-keys-polled" (/dev/input/event0).
[INFO] [udev]: Keyboard #4: "hall wake key" (/dev/input/event1).
[WARN] [SDL]: Couldn't open haptic device of the joypad #0: Haptic: There are 0 haptic devices available
[INFO] [SDL]: Falling back to joystick rumble
[INFO] [Joypad]: Found joypad driver: "sdl2".
[INFO] [Video]: Found display server: "kms".
[WARN] [udev]: Mouse grab/ungrab feature unavailable.
[INFO] [Audio]: Set audio input rate to: 32040.00 Hz.
[INFO] [ALSA] Using ALSA version 1.2.7.2
[INFO] [ALSA]: Using FLOAT_LE sample format for PLAYBACK device "default"
[INFO] [ALSA]: Period: 4 periods per buffer (768 frames, 6144 bytes)
[INFO] [ALSA]: Buffer size: 3072 frames (24576 bytes)
[INFO] [ALSA]: Can pause: no.
[INFO] [ALSA]: Initialized PLAYBACK device "default"
[INFO] [Audio]: Started synchronous audio driver.
[INFO] [Display]: Found display driver: "gl".
[INFO] [Playlist]: Loading history file: "/media/sdcard0/RetroArch/.config/retroarch/content_history.lpl".
[INFO] [Playlist]: Loading history file: "/media/sdcard0/RetroArch/.config/retroarch/content_music_history.lpl".
[INFO] [Playlist]: Loading history file: "/media/sdcard0/RetroArch/.config/retroarch/content_image_history.lpl".
[INFO] [Playlist]: Loading favorites file: "/media/sdcard0/RetroArch/.config/retroarch/content_favorites.lpl".
[INFO] [Playlist]: Written to playlist file: "/media/sdcard0/RetroArch/.config/retroarch/content_history.lpl".
[WARN] [SDL]: Couldn't open haptic device of the joypad #0: Haptic: There are 0 haptic devices available
[INFO] [SDL]: Falling back to joystick rumble
[INFO] [Environ]: RETRO_ENVIRONMENT_SET_MINIMUM_AUDIO_LATENCY.
[INFO] [KMS]: New FB: 640x480 (stride: 2560).
[INFO] [KMS]: New FB: 640x480 (stride: 2560).
[INFO] [Shaders]: Saved shader preset to "/media/sdcard0/Emu/CPS2/../../RetroArch/.config/retroarch/config/FB Alpha 2012 CPS-2/..glslp".
[INFO] [Shader driver]: Using GLSL shader backend.
[INFO] [GLSL]: Found GLSL vertex shader.
[INFO] [GLSL]: Found GLSL fragment shader.
[INFO] [GLSL]: Linking GLSL program.
[INFO] [GLSL]: Found GLSL vertex shader.
[INFO] [GLSL]: Found GLSL fragment shader.
[INFO] [GLSL]: Linking GLSL program.
[INFO] [GLSL]: Found GLSL vertex shader.
[INFO] [GLSL]: Found GLSL fragment shader.
[INFO] [GLSL]: Linking GLSL program.
[INFO] [Shaders]: Menu shader set to: "/media/sdcard0/Emu/CPS2/../../RetroArch/.config/retroarch/config/FB Alpha 2012 CPS-2/..glslp".
[INFO] [Shaders]: Applying shader: "/media/sdcard0/Emu/CPS2/../../RetroArch/.config/retroarch/config/FB Alpha 2012 CPS-2/..glslp".
[INFO] [Config]: Loading config: "/media/sdcard0/Emu/CPS2/../../RetroArch/.config/retroarch/retroarch.cfg".
[INFO] [Overrides]: Configuration overrides unloaded, original configuration restored.
[INFO] [Core]: Content ran for a total of: 00 hours, 00 minutes, 03 seconds.
[INFO] [Core]: Unloading game..
[INFO] [Core]: Unloading core..
[INFO] [Core]: Unloading core symbols..
[INFO] [Core]: Saved core options file to "/media/sdcard0/Emu/CPS2/../../RetroArch/.config/retroarch/config/FB Alpha 2012 CPS-2/FB Alpha 2012 CPS-2.opt".
[INFO] [Autoconf]: Xbox 360 Controller disconnected from port 1.
[INFO] Threaded video stats: Frames pushed: 3367, Frames dropped: 1.
