[INFO] RetroArch 1.20.0 (Git b797f2d8cc)
[INFO] === Build =======================================
[INFO] Capabilities: ASIMD 
[INFO] Version: 1.20.0
[INFO] Git: b797f2d8cc
[INFO] Built: Jan 16 2025
[INFO] =================================================
[INFO] [Input]: Found input driver: "udev".
[INFO] [Core]: Loading dynamic libretro core from: "/media/sdcard0/Emu/CPS1/../../RetroArch/.config/retroarch/cores/fbalpha2012_cps1_libretro.so"
[INFO] [Overrides]: Redirecting save file to "/mnt/SDCARD/Savefiles/./ffight.srm".
[INFO] [Overrides]: Redirecting save state to "/mnt/SDCARD/Savestates/./ffight.state".
[INFO] [Environ]: GET_CORE_OPTIONS_VERSION.
[INFO] [Environ]: GET_LANGUAGE: "0".
[INFO] [Environ]: RETRO_ENVIRONMENT_SET_CORE_OPTIONS_V2_INTL.
[INFO] [Remaps]: Game-specific remap found at "/media/sdcard0/Emu/CPS1/../../RetroArch/.config/retroarch/config/remaps/FB Alpha 2012 CPS-1/ffight.rmp".
[INFO] [Environ]: GET_LOG_INTERFACE.
[INFO] [Content]: Content loading skipped. Implementation will load it on its own.
[INFO] [Environ]: SAVE_DIRECTORY: "/mnt/SDCARD/Savefiles/.".
[libretro INFO] Setting save dir to /mnt/SDCARD/Savefiles/.
[INFO] [Environ]: SYSTEM_DIRECTORY: "/media/sdcard0/Emu/CPS1/../../RetroArch/.config/retroarch/system".
[libretro INFO] Setting system dir to /media/sdcard0/Emu/CPS1/../../RetroArch/.config/retroarch/system
[INFO] [Environ]: SET_AUDIO_BUFFER_STATUS_CALLBACK.
[libretro INFO] [FBA] Archive: ffight
[libretro INFO] [FBA] Game: ffight
[INFO] [Environ]: SET_PIXEL_FORMAT: RGB565.
[libretro INFO] Frontend supports RGB565 - will use that instead of XRGB1555.
[libretro INFO] [FBA] has_analog: 0
[libretro INFO] [FBA] drvname: ffight
[libretro INFO] [FBA] genre: 4
[libretro INFO] [FBA] hardware: 16842752
[libretro WARN] Button unaccounted for: [Reset].
[libretro WARN] Reset - has nSwitch.nCode: 3d.
[libretro WARN] Button unaccounted for: [Service].
[libretro WARN] Service - has nSwitch.nCode: a.
[libretro WARN] Button unaccounted for: [Dip A].
[libretro WARN] Dip A - has nSwitch.nCode: 0.
[libretro WARN] Button unaccounted for: [Dip B].
[libretro WARN] Dip B - has nSwitch.nCode: b.
[libretro WARN] Button unaccounted for: [Dip C].
[libretro WARN] Dip C - has nSwitch.nCode: 60.
[INFO] [Environ]: SET_INPUT_DESCRIPTORS:
[libretro INFO] DIP switch label: Coin A.
[libretro INFO] DIP switch option: 4 Coins 1 Credit.
[libretro INFO] DIP switch option: 3 Coins 1 Credit.
[libretro INFO] DIP switch option: 2 Coins 1 Credit.
[libretro INFO] DIP switch option: 1 Coin  1 Credit.
[libretro INFO] DIP switch option: 1 Coin  2 Credits.
[libretro INFO] DIP switch option: 1 Coin  3 Credits.
[libretro INFO] DIP switch option: 1 Coin  4 Credits.
[libretro INFO] DIP switch option: 1 Coin  6 Credits.
[libretro INFO] DIP switch label: Coin B.
[libretro INFO] DIP switch option: 4 Coins 1 Credit.
[libretro INFO] DIP switch option: 3 Coins 1 Credit.
[libretro INFO] DIP switch option: 2 Coins 1 Credit.
[libretro INFO] DIP switch option: 1 Coin  1 Credit.
[libretro INFO] DIP switch option: 1 Coin  2 Credits.
[libretro INFO] DIP switch option: 1 Coin  3 Credits.
[libretro INFO] DIP switch option: 1 Coin  4 Credits.
[libretro INFO] DIP switch option: 1 Coin  6 Credits.
[libretro INFO] DIP switch label: 2C to Start, 1 to Cont.
[libretro INFO] DIP switch option: Off.
[libretro INFO] DIP switch option: On.
[libretro INFO] DIP switch label: Difficulty.
[libretro INFO] DIP switch option: 1 (Easiest).
[libretro INFO] DIP switch option: 2.
[libretro INFO] DIP switch option: 3.
[libretro INFO] DIP switch option: 4 (Normal).
[libretro INFO] DIP switch option: 5.
[libretro INFO] DIP switch option: 6.
[libretro INFO] DIP switch option: 7.
[libretro INFO] DIP switch option: 8 (Hardest).
[libretro INFO] DIP switch label: Difficulty 2.
[libretro INFO] DIP switch option: Easy.
[libretro INFO] DIP switch option: Normal.
[libretro INFO] DIP switch option: Hard.
[libretro INFO] DIP switch option: Hardest.
[libretro INFO] DIP switch label: Bonus Life.
[libretro INFO] DIP switch option: 100k.
[libretro INFO] DIP switch option: 200k.
[libretro INFO] DIP switch option: 100k and every 200k.
[libretro INFO] DIP switch option: None.
[libretro INFO] DIP switch label: Lives.
[libretro INFO] DIP switch option: 1.
[libretro INFO] DIP switch option: 2.
[libretro INFO] DIP switch option: 3.
[libretro INFO] DIP switch option: 4.
[libretro INFO] DIP switch label: Free Play.
[libretro INFO] DIP switch option: Off.
[libretro INFO] DIP switch option: On.
[libretro INFO] DIP switch label: Freeze.
[libretro INFO] DIP switch option: Off.
[libretro INFO] DIP switch option: On.
[libretro INFO] DIP switch label: Flip.
[libretro INFO] DIP switch option: Off.
[libretro INFO] DIP switch option: On.
[libretro INFO] DIP switch label: Demo Sound.
[libretro INFO] DIP switch option: Off.
[libretro INFO] DIP switch option: On.
[libretro INFO] DIP switch label: Allow Continue.
[libretro INFO] DIP switch option: Off.
[libretro INFO] DIP switch option: On.
[libretro INFO] DIP switch label: Game Mode.
[libretro INFO] DIP switch option: Game.
[libretro INFO] DIP switch option: Test.
[INFO] [SRAM]: Skipping SRAM load.
[INFO] [Core]: Version of libretro API: 1, Compiled against API: 1
[INFO] [Core]: Geometry: 384x224, Aspect: 1.333, FPS: 59.63, Sample rate: 31842.10 Hz.
[INFO] [Video]: Set video size to: fullscreen.
[INFO] [Video]: Starting threaded video driver..
[WARN] [DRM]: Couldn't get device resources.
[WARN] [DRM]: Couldn't get device resources.
[INFO] [DRM]: Found 2 connectors.
[INFO] [DRM]: Connector 0 connected: no
[INFO] [DRM]: Connector 0 has 0 modes.
[INFO] [DRM]: Connector 1 connected: yes
[INFO] [DRM]: Connector 1 has 1 modes.
[INFO] [DRM]: Connector 1 assigned to monitor index: #1.
[INFO] [DRM]: Mode 0: (640x480) 640 x 480, 59.976761 Hz
[INFO] [GL]: Found GL context: "kms".
[INFO] [GL]: Detecting screen resolution: 640x480.
[INFO] [EGL] Found EGL_EXT_platform_base, trying eglGetPlatformDisplayEXT
[INFO] [EGL]: EGL version: 1.4
[INFO] [EGL]: Current context: 0x7f800abb30.
[INFO] [KMS]: New FB: 640x480 (stride: 2560).
[INFO] [GL]: Vendor: ARM, Renderer: Mali-G52.
[INFO] [GL]: Version: OpenGL ES 3.2 v1.g2p0-01eac0.02b077cea4dc2127696dc49c93c0fc7a.
[INFO] [GL]: Using ARB_sync to reduce latency.
[INFO] [GL]: Using resolution 640x480.
[INFO] [GL]: Default shader backend found: glsl.
[INFO] [Shader driver]: Using GLSL shader backend.
[WARN] [GL]: Stock GLSL shaders will be used.
[INFO] [GLSL]: Found GLSL vertex shader.
[INFO] [GLSL]: Found GLSL fragment shader.
[INFO] [GLSL]: Linking GLSL program.
[INFO] [GLSL]: Found GLSL vertex shader.
[INFO] [GLSL]: Found GLSL fragment shader.
[INFO] [GLSL]: Linking GLSL program.
[INFO] [GLSL]: Found GLSL vertex shader.
[INFO] [GLSL]: Found GLSL fragment shader.
[INFO] [GLSL]: Linking GLSL program.
[INFO] [GL]: Using 4 textures.
[INFO] [GL]: Loaded 1 program(s).
[INFO] [Video]: Graphics driver did not initialize an input driver. Attempting to pick a suitable driver.
[WARN] [udev]: Full-screen pointer won't be available.
[INFO] [udev]: Keyboard #0: "adc-keys" (/dev/input/event3).
[INFO] [udev]: Keyboard #1: "rk805 pwrkey" (/dev/input/event2).
[INFO] [udev]: Keyboard #2: "hdmi_cec_key" (/dev/input/event4).
[INFO] [udev]: Keyboard #3: "gpio-keys-polled" (/dev/input/event0).
[INFO] [udev]: Keyboard #4: "hall wake key" (/dev/input/event1).
[WARN] [SDL]: Couldn't open haptic device of the joypad #0: Haptic: There are 0 haptic devices available
[INFO] [SDL]: Falling back to joystick rumble
[INFO] [Joypad]: Found joypad driver: "sdl2".
[INFO] [Video]: Found display server: "kms".
[WARN] [udev]: Mouse grab/ungrab feature unavailable.
[INFO] [Audio]: Set audio input rate to: 32040.00 Hz.
[INFO] [ALSA] Using ALSA version 1.2.7.2
[INFO] [ALSA]: Using FLOAT_LE sample format for PLAYBACK device "default"
[INFO] [ALSA]: Period: 4 periods per buffer (768 frames, 6144 bytes)
[INFO] [ALSA]: Buffer size: 3072 frames (24576 bytes)
[INFO] [ALSA]: Can pause: no.
[INFO] [ALSA]: Initialized PLAYBACK device "default"
[INFO] [Audio]: Started synchronous audio driver.
[INFO] [Display]: Found display driver: "gl".
[INFO] [Playlist]: Loading history file: "/media/sdcard0/RetroArch/.config/retroarch/content_history.lpl".
[INFO] [Playlist]: Loading history file: "/media/sdcard0/RetroArch/.config/retroarch/content_music_history.lpl".
[INFO] [Playlist]: Loading history file: "/media/sdcard0/RetroArch/.config/retroarch/content_image_history.lpl".
[INFO] [Playlist]: Loading favorites file: "/media/sdcard0/RetroArch/.config/retroarch/content_favorites.lpl".
[WARN] [SDL]: Couldn't open haptic device of the joypad #0: Haptic: There are 0 haptic devices available
[INFO] [SDL]: Falling back to joystick rumble
[INFO] [Environ]: RETRO_ENVIRONMENT_SET_MINIMUM_AUDIO_LATENCY.
[INFO] [KMS]: New FB: 640x480 (stride: 2560).
[INFO] [KMS]: New FB: 640x480 (stride: 2560).
[ERROR] [GL]: none shader not supported, falling back to stock GLSL
[INFO] [Shader driver]: Using GLSL shader backend.
[WARN] [GL]: Stock GLSL shaders will be used.
[INFO] [GLSL]: Found GLSL vertex shader.
[INFO] [GLSL]: Found GLSL fragment shader.
[INFO] [GLSL]: Linking GLSL program.
[INFO] [GLSL]: Found GLSL vertex shader.
[INFO] [GLSL]: Found GLSL fragment shader.
[INFO] [GLSL]: Linking GLSL program.
[INFO] [GLSL]: Found GLSL vertex shader.
[INFO] [GLSL]: Found GLSL fragment shader.
[INFO] [GLSL]: Linking GLSL program.
[INFO] [Shaders]: Applying shader: "null".
[ERROR] [GL]: none shader not supported, falling back to stock GLSL
[INFO] [Shader driver]: Using GLSL shader backend.
[WARN] [GL]: Stock GLSL shaders will be used.
[INFO] [GLSL]: Found GLSL vertex shader.
[INFO] [GLSL]: Found GLSL fragment shader.
[INFO] [GLSL]: Linking GLSL program.
[INFO] [GLSL]: Found GLSL vertex shader.
[INFO] [GLSL]: Found GLSL fragment shader.
[INFO] [GLSL]: Linking GLSL program.
[INFO] [GLSL]: Found GLSL vertex shader.
[INFO] [GLSL]: Found GLSL fragment shader.
[INFO] [GLSL]: Linking GLSL program.
[INFO] [Shaders]: Applying shader: "null".
[INFO] [Shader driver]: Using GLSL shader backend.
[INFO] [GLSL]: Found GLSL vertex shader.
[INFO] [GLSL]: Found GLSL fragment shader.
[INFO] [GLSL]: Linking GLSL program.
[INFO] [GLSL]: Found GLSL vertex shader.
[INFO] [GLSL]: Found GLSL fragment shader.
[INFO] [GLSL]: Linking GLSL program.
[INFO] [GLSL]: Found GLSL vertex shader.
[INFO] [GLSL]: Found GLSL fragment shader.
[INFO] [GLSL]: Linking GLSL program.
[INFO] [Shaders]: Menu shader set to: "/media/sdcard0/Emu/CPS1/../../RetroArch/.config/retroarch/shaders/00_pixel.glslp".
[INFO] [Shaders]: Applying shader: "/media/sdcard0/Emu/CPS1/../../RetroArch/.config/retroarch/shaders/00_pixel.glslp".
[INFO] [Shaders]: Menu shader set to: "/media/sdcard0/Emu/CPS1/../../RetroArch/.config/retroarch/shaders/00_pixel.glslp".
[INFO] [Shaders]: Saved shader preset to "/media/sdcard0/Emu/CPS1/../../RetroArch/.config/retroarch/config/FB Alpha 2012 CPS-1/..glslp".
[INFO] [Shader driver]: Using GLSL shader backend.
[INFO] [GLSL]: Found GLSL vertex shader.
[INFO] [GLSL]: Found GLSL fragment shader.
[INFO] [GLSL]: Linking GLSL program.
[INFO] [GLSL]: Found GLSL vertex shader.
[INFO] [GLSL]: Found GLSL fragment shader.
[INFO] [GLSL]: Linking GLSL program.
[INFO] [GLSL]: Found GLSL vertex shader.
[INFO] [GLSL]: Found GLSL fragment shader.
[INFO] [GLSL]: Linking GLSL program.
[INFO] [Shaders]: Menu shader set to: "/media/sdcard0/Emu/CPS1/../../RetroArch/.config/retroarch/config/FB Alpha 2012 CPS-1/..glslp".
[INFO] [Shaders]: Applying shader: "/media/sdcard0/Emu/CPS1/../../RetroArch/.config/retroarch/config/FB Alpha 2012 CPS-1/..glslp".
[INFO] [Shaders]: Saved shader preset to "/media/sdcard0/Emu/CPS1/../../RetroArch/.config/retroarch/config/FB Alpha 2012 CPS-1/ffight.glslp".
[INFO] [Shader driver]: Using GLSL shader backend.
[INFO] [GLSL]: Found GLSL vertex shader.
[INFO] [GLSL]: Found GLSL fragment shader.
[INFO] [GLSL]: Linking GLSL program.
[INFO] [GLSL]: Found GLSL vertex shader.
[INFO] [GLSL]: Found GLSL fragment shader.
[INFO] [GLSL]: Linking GLSL program.
[INFO] [GLSL]: Found GLSL vertex shader.
[INFO] [GLSL]: Found GLSL fragment shader.
[INFO] [GLSL]: Linking GLSL program.
[INFO] [Shaders]: Menu shader set to: "/media/sdcard0/Emu/CPS1/../../RetroArch/.config/retroarch/config/FB Alpha 2012 CPS-1/ffight.glslp".
[INFO] [Shaders]: Applying shader: "/media/sdcard0/Emu/CPS1/../../RetroArch/.config/retroarch/config/FB Alpha 2012 CPS-1/ffight.glslp".
[INFO] [Core]: Content ran for a total of: 00 hours, 00 minutes, 01 seconds.
[INFO] [Core]: Unloading game..
[INFO] [Core]: Unloading core..
[INFO] [Core]: Unloading core symbols..
[INFO] [Core]: Saved core options file to "/media/sdcard0/Emu/CPS1/../../RetroArch/.config/retroarch/config/FB Alpha 2012 CPS-1/FB Alpha 2012 CPS-1.opt".
[INFO] [Autoconf]: Xbox 360 Controller disconnected from port 1.
[INFO] Threaded video stats: Frames pushed: 2463, Frames dropped: 0.
