[INFO] RetroArch 1.20.0 (Git b797f2d8cc)
[INFO] === Build =======================================
[INFO] Funcionalidades: ASIMD 
[INFO] Version: 1.20.0
[INFO] Git: b797f2d8cc
[INFO] Built: Jan 16 2025
[INFO] =================================================
[INFO] [Input]: Found input driver: "udev".
[INFO] [Core]: Loading dynamic libretro core from: "/media/sdcard0/Emu/SEGACD/../../RetroArch/.config/retroarch/cores/picodrive_libretro.so"
[INFO] [Overrides]: Content dir-specific overrides found at "/media/sdcard0/Emu/SEGACD/../../RetroArch/.config/retroarch/config/PicoDrive/SEGACD.cfg".
[INFO] [Config]: Loading config: "/media/sdcard0/Emu/SEGACD/../../RetroArch/.config/retroarch/retroarch.cfg".
[INFO] [Config]: Appending override config: "/media/sdcard0/Emu/SEGACD/../../RetroArch/.config/retroarch/config/PicoDrive/SEGACD.cfg".
[INFO] [Overrides]: Redirigiendo archivo de guardado a "/mnt/SDCARD/Savefiles/PicoDrive/Final Fight.srm".
[INFO] [Overrides]: Redirigiendo guardado rápido a "/mnt/SDCARD/Savestates/PicoDrive/Final Fight.state".
[INFO] [Environ]: GET_CORE_OPTIONS_VERSION.
[INFO] [Environ]: GET_LANGUAGE: "3".
[INFO] [Environ]: RETRO_ENVIRONMENT_SET_CORE_OPTIONS_V2_INTL.
[INFO] [Environ]: RETRO_ENVIRONMENT_SET_CONTENT_INFO_OVERRIDE.
[INFO] [Content Override]: File Extension: 'bin' - need_fullpath: FALSE, persistent_data: FALSE
[INFO] [Content Override]: File Extension: 'gen' - need_fullpath: FALSE, persistent_data: FALSE
[INFO] [Content Override]: File Extension: 'smd' - need_fullpath: FALSE, persistent_data: FALSE
[INFO] [Content Override]: File Extension: ' md' - need_fullpath: FALSE, persistent_data: FALSE
[INFO] [Content Override]: File Extension: '32x' - need_fullpath: FALSE, persistent_data: FALSE
[INFO] [Content Override]: File Extension: 'sms' - need_fullpath: FALSE, persistent_data: FALSE
[INFO] [Content Override]: File Extension: ' gg' - need_fullpath: FALSE, persistent_data: FALSE
[INFO] [Content Override]: File Extension: ' sg' - need_fullpath: FALSE, persistent_data: FALSE
[INFO] [Content Override]: File Extension: ' sc' - need_fullpath: FALSE, persistent_data: FALSE
[INFO] [Content Override]: File Extension: '68k' - need_fullpath: FALSE, persistent_data: FALSE
[INFO] [Content Override]: File Extension: 'sgd' - need_fullpath: FALSE, persistent_data: FALSE
[INFO] [Content Override]: File Extension: 'pco' - need_fullpath: FALSE, persistent_data: FALSE
[INFO] [Environ]: GET_VFS_INTERFACE. Core requested version >= V2, providing V3.
[INFO] [Remaps]: Core-specific remap found at "/media/sdcard0/Emu/SEGACD/../../RetroArch/.config/retroarch/config/remaps/PicoDrive/PicoDrive.rmp".
[INFO] [Environ]: PERFORMANCE_LEVEL: 0.
[INFO] [Environ]: GET_LOG_INTERFACE.
[INFO] [Environ]: SET_DISK_CONTROL_INTERFACE.
[INFO] [Environ]: GET_DISK_CONTROL_INTERFACE_VERSION.
[INFO] [Environ]: SET_DISK_CONTROL_EXT_INTERFACE.
[INFO] [Content]: Carga de contenido omitida. La implementación lo cargará por su cuenta.
[INFO] [Environ]: RETRO_ENVIRONMENT_GET_GAME_INFO_EXT.
[INFO] [Environ]: SET_PIXEL_FORMAT: RGB565.
[INFO] [Environ]: SYSTEM_DIRECTORY: "/media/sdcard0/Emu/SEGACD/../../RetroArch/.config/retroarch/system".
[libretro INFO] detected BIN Sega/Mega CD image with USA region
[INFO] [Environ]: SYSTEM_DIRECTORY: "/media/sdcard0/Emu/SEGACD/../../RetroArch/.config/retroarch/system".
[libretro INFO] using bios: /media/sdcard0/Emu/SEGACD/../../RetroArch/.config/retroarch/system/us_scd2_9306.bin
[libretro INFO] 00000:000: Track  1: 00:02:00    194296 AUDIO /media/sdcard0/Emu/SEGACD/../../Roms/SEGACD/Final Fight.chd
[libretro INFO] 00000:000: Track  2: 02:47:71      9751 AUDIO 
[libretro INFO] 00000:000: Track  3: 04:59:72     10119 AUDIO 
[libretro INFO] 00000:000: Track  4: 07:16:66      9690 AUDIO 
[libretro INFO] 00000:000: Track  5: 09:28:06      9567 AUDIO 
[libretro INFO] 00000:000: Track  6: 11:37:48     14575 AUDIO 
[libretro INFO] 00000:000: Track  7: 14:53:73      9431 AUDIO 
[libretro INFO] 00000:000: Track  8: 17:01:54      8731 AUDIO 
[libretro INFO] 00000:000: Track  9: 19:00:10      9965 AUDIO 
[libretro INFO] 00000:000: Track 10: 21:15:00      9763 AUDIO 
[libretro INFO] 00000:000: Track 11: 23:27:13      9716 AUDIO 
[libretro INFO] 00000:000: Track 12: 25:38:54     12791 AUDIO 
[libretro INFO] 00000:000: Track 13: 28:31:20       579 AUDIO 
[libretro INFO] 00000:000: Track 14: 28:40:74       751 AUDIO 
[libretro INFO] 00000:000: Track 15: 28:53:00       958 AUDIO 
[libretro INFO] 00000:000: Track 16: 29:07:58       630 AUDIO 
[libretro INFO] 00000:000: Track 17: 29:18:13      9050 AUDIO 
[libretro INFO] 00000:000: Track 18: 31:20:63      1052 AUDIO 
[libretro INFO] 00000:000: Track 19: 31:36:65       825 AUDIO 
[libretro INFO] 00000:000: Track 20: 31:49:65      9193 AUDIO 
[libretro INFO] 00000:000: Track 21: 33:54:33      1026 AUDIO 
[libretro INFO] 00000:000: Track 22: 34:10:09     14553 AUDIO 
[libretro INFO] 00000:000: Track 23: 37:26:12     10329 AUDIO 
[libretro INFO] 00000:000: Track 24: 39:45:66      8625 AUDIO 
[libretro INFO] 00000:000: Track 25: 41:42:66      3783 AUDIO 
[libretro INFO] 00000:000: Track 26: 42:35:24      2903 AUDIO 
[libretro INFO] 00000:000: End CD -  43:14:02

[libretro INFO] 00000:000: couldn't open carthw.cfg!
[INFO] [Environ]: SET_INPUT_DESCRIPTORS:
[INFO] [Environ]: SET_MEMORY_MAPS.
[INFO] [Environ]: SET_AUDIO_BUFFER_STATUS_CALLBACK.
[INFO] [SRAM]: Omitiendo carga de SRAM.
[INFO] [Core]: Versión de la API libretro: 1, API usada en la compilación: 1
[INFO] [Core]: Geometry: 320x240, Aspect: 1.333, FPS: 60.00, Sample rate: 44100.00 Hz.
[INFO] [Video]: Set video size to: fullscreen.
[INFO] [Video]: Starting threaded video driver..
[WARN] [DRM]: Couldn't get device resources.
[WARN] [DRM]: Couldn't get device resources.
[INFO] [DRM]: Found 2 connectors.
[INFO] [DRM]: Connector 0 connected: no
[INFO] [DRM]: Connector 0 has 0 modes.
[INFO] [DRM]: Connector 1 connected: yes
[INFO] [DRM]: Connector 1 has 1 modes.
[INFO] [DRM]: Connector 1 assigned to monitor index: #1.
[INFO] [DRM]: Mode 0: (640x480) 640 x 480, 59.976761 Hz
[INFO] [GL]: Found GL context: "kms".
[INFO] [GL]: Detecting screen resolution: 640x480.
[INFO] [EGL] Found EGL_EXT_platform_base, trying eglGetPlatformDisplayEXT
[INFO] [EGL]: EGL version: 1.4
[INFO] [EGL]: Current context: 0x7f9c0abb30.
[INFO] [KMS]: New FB: 640x480 (stride: 2560).
[INFO] [GL]: Vendor: ARM, Renderer: Mali-G52.
[INFO] [GL]: Version: OpenGL ES 3.2 v1.g2p0-01eac0.02b077cea4dc2127696dc49c93c0fc7a.
[INFO] [GL]: Using ARB_sync to reduce latency.
[INFO] [GL]: Using resolution 640x480.
[INFO] [GL]: Default shader backend found: glsl.
[INFO] [Shaders]: Specific shader preset found at "/media/sdcard0/Emu/SEGACD/../../RetroArch/.config/retroarch/config/PicoDrive/SEGACD.glslp".
[INFO] [Shader driver]: Using GLSL shader backend.
[INFO] [GLSL]: Found GLSL vertex shader.
[INFO] [GLSL]: Found GLSL fragment shader.
[INFO] [GLSL]: Linking GLSL program.
[INFO] [GLSL]: Found GLSL vertex shader.
[INFO] [GLSL]: Found GLSL fragment shader.
[INFO] [GLSL]: Linking GLSL program.
[INFO] [GLSL]: Found GLSL vertex shader.
[INFO] [GLSL]: Found GLSL fragment shader.
[INFO] [GLSL]: Linking GLSL program.
[INFO] [GL]: Using 4 textures.
[INFO] [GL]: Loaded 1 program(s).
[INFO] [Video]: Graphics driver did not initialize an input driver. Attempting to pick a suitable driver.
[WARN] [udev]: Full-screen pointer won't be available.
[INFO] [udev]: Keyboard #0: "adc-keys" (/dev/input/event3).
[INFO] [udev]: Keyboard #1: "rk805 pwrkey" (/dev/input/event2).
[INFO] [udev]: Keyboard #2: "hdmi_cec_key" (/dev/input/event4).
[INFO] [udev]: Keyboard #3: "gpio-keys-polled" (/dev/input/event0).
[INFO] [udev]: Keyboard #4: "hall wake key" (/dev/input/event1).
[WARN] [SDL]: Couldn't open haptic device of the joypad #0: Haptic: There are 0 haptic devices available
[INFO] [SDL]: Falling back to joystick rumble
[INFO] [Joypad]: Found joypad driver: "sdl2".
[INFO] [Video]: Found display server: "kms".
[WARN] [udev]: Mouse grab/ungrab feature unavailable.
[INFO] [Audio]: Set audio input rate to: 44100.00 Hz.
[INFO] [ALSA] Using ALSA version 1.2.7.2
[INFO] [ALSA]: Using FLOAT_LE sample format for PLAYBACK device "default"
[INFO] [ALSA]: Period: 4 periods per buffer (768 frames, 6144 bytes)
[INFO] [ALSA]: Buffer size: 3072 frames (24576 bytes)
[INFO] [ALSA]: Can pause: no.
[INFO] [ALSA]: Initialized PLAYBACK device "default"
[INFO] [Audio]: Started synchronous audio driver.
[INFO] [Display]: Found display driver: "gl".
[INFO] [Playlist]: Cargando historial: "/media/sdcard0/RetroArch/.config/retroarch/content_history.lpl".
[INFO] [Playlist]: Cargando historial: "/media/sdcard0/RetroArch/.config/retroarch/content_music_history.lpl".
[INFO] [Playlist]: Cargando historial: "/media/sdcard0/RetroArch/.config/retroarch/content_image_history.lpl".
[INFO] [Playlist]: Cargando favoritos: "/media/sdcard0/RetroArch/.config/retroarch/content_favorites.lpl".
[INFO] [Playlist]: Written to playlist file: "/media/sdcard0/RetroArch/.config/retroarch/content_history.lpl".
[WARN] [SDL]: Couldn't open haptic device of the joypad #0: Haptic: There are 0 haptic devices available
[INFO] [SDL]: Falling back to joystick rumble
[INFO] [Environ]: RETRO_ENVIRONMENT_SET_MINIMUM_AUDIO_LATENCY.
[INFO] [Environ]: SET_GEOMETRY: 320x224, Aspect: 1.429.
[INFO] [KMS]: New FB: 640x480 (stride: 2560).
[INFO] [KMS]: New FB: 640x480 (stride: 2560).
[INFO] [Config]: Loading config: "/media/sdcard0/Emu/SEGACD/../../RetroArch/.config/retroarch/retroarch.cfg".
[INFO] [Overrides]: Configuration overrides unloaded, original configuration restored.
[INFO] [SRAM]: Guardando tipo de RAM #0 en "/mnt/SDCARD/Savefiles/PicoDrive/Final Fight.srm".
[INFO] [SRAM]: Se han guardado los datos en "/mnt/SDCARD/Savefiles/PicoDrive/Final Fight.srm".
[INFO] [Core]: Content ran for a total of: 00 hours, 00 minutes, 03 seconds.
[INFO] [Core]: Unloading game..
[INFO] [Core]: Unloading core..
[INFO] [Core]: Unloading core symbols..
[INFO] [Core]: Saved core options file to "/media/sdcard0/Emu/SEGACD/../../RetroArch/.config/retroarch/config/PicoDrive/PicoDrive.opt".
[INFO] [Autoconf]: Se ha desconectado Xbox 360 Controller del puerto 1.
[INFO] Threaded video stats: Frames pushed: 189, Frames dropped: 0.
