[INFO] RetroArch 1.20.0 (Git b797f2d8cc)
[INFO] === Build =======================================
[INFO] Funcionalidades: ASIMD 
[INFO] Version: 1.20.0
[INFO] Git: b797f2d8cc
[INFO] Built: Jan 16 2025
[INFO] =================================================
[INFO] [Input]: Found input driver: "udev".
[INFO] [Core]: Loading dynamic libretro core from: "/media/sdcard0/Emu/ARCADE/../../RetroArch/.config/retroarch/cores/mame2010_libretro.so"
[INFO] [Overrides]: Content dir-specific overrides found at "/media/sdcard0/Emu/ARCADE/../../RetroArch/.config/retroarch/config/MAME 2010/ARCADE.cfg".
[INFO] [Overrides]: Game-specific overrides found at "/media/sdcard0/Emu/ARCADE/../../RetroArch/.config/retroarch/config/MAME 2010/galpani2.cfg".
[INFO] [Overrides]: Game-specific overrides stacking on top of previous overrides.
[INFO] [Config]: Loading config: "/media/sdcard0/Emu/ARCADE/../../RetroArch/.config/retroarch/retroarch.cfg".
[INFO] [Config]: Appending override config: "/media/sdcard0/Emu/ARCADE/../../RetroArch/.config/retroarch/config/MAME 2010/ARCADE.cfg".
[INFO] [Config]: Appending override config: "/media/sdcard0/Emu/ARCADE/../../RetroArch/.config/retroarch/config/MAME 2010/galpani2.cfg".
[INFO] [Overrides]: Redirigiendo archivo de guardado a "/mnt/SDCARD/Savefiles/MAME 2010/galpani2.srm".
[INFO] [Overrides]: Redirigiendo guardado rápido a "/mnt/SDCARD/Savestates/MAME 2010/galpani2.state".
[INFO] [Environ]: SET_VARIABLES.
[INFO] [Core]: Se han encontrado opciones personalizadas según juego en "/media/sdcard0/Emu/ARCADE/../../RetroArch/.config/retroarch/config/MAME 2010/galpani2.opt".
[INFO] [Remaps]: Core-specific remap found at "/media/sdcard0/Emu/ARCADE/../../RetroArch/.config/retroarch/config/remaps/MAME 2010/MAME 2010.rmp".
[INFO] [Environ]: GET_LOG_INTERFACE.
[INFO] [Environ]: SYSTEM_DIRECTORY: "/media/sdcard0/Emu/ARCADE/../../RetroArch/.config/retroarch/system".
[INFO] [Environ]: SAVE_DIRECTORY: "/mnt/SDCARD/Savefiles/MAME 2010".
[libretro INFO] [MAME 2010] mame.ini found at: /mnt/SDCARD/Savefiles/MAME 2010/mame2010/ini/mame.ini
[INFO] [Content]: Carga de contenido omitida. La implementación lo cargará por su cuenta.
[libretro INFO] [MAME 2010] libretro_content_directory: /media/sdcard0/Emu/ARCADE/../../Roms/ARCADE/
[libretro INFO] [MAME 2010] libretro_system_directory: /media/sdcard0/Emu/ARCADE/../../RetroArch/.config/retroarch/system/mame2010
[libretro INFO] [MAME 2010] libretro_save directory: /mnt/SDCARD/Savefiles/MAME 2010/mame2010
[INFO] [Environ]: SET_PIXEL_FORMAT: RGB565.
[libretro INFO] [MAME 2010] mouse_mode value: mouse
[libretro INFO] [MAME 2010] skip_nagscreen value: enabled
[libretro INFO] [MAME 2010] skip_gameinfo value: disabled
[libretro INFO] [MAME 2010] skip_warnings value: disabled
[libretro INFO] [MAME 2010] videoapproach1_enable value: disabled
[INFO] [Environ]: SET_INPUT_DESCRIPTORS:
[libretro INFO] [MAME 2010] path=/media/sdcard0/Emu/ARCADE/../../Roms/ARCADE/galpani2.zip gamePath=/media/sdcard0/Emu/ARCADE/../../Roms/ARCADE gameName=galpani2
[libretro INFO] [MAME 2010] galpani2          "Gals Panic II (Asia)" rot=5 
[libretro INFO] [MAME 2010]  *********** flip X
[libretro INFO] [MAME 2010] Creating frontend... game=galpani2
[libretro INFO] [MAME 2010] Invoking MAME2010 CLI frontend. Parameter count: 17
[libretro INFO] [MAME 2010] Parameter list: galpani2 
[libretro INFO] [MAME 2010] osd_init starting
[libretro INFO] [MAME 2010] SOURCE FILE: src/mame/drivers/galpani2.c
[libretro INFO] [MAME 2010] PARENT: 0
[libretro INFO] [MAME 2010] NAME: galpani2
[libretro INFO] [MAME 2010] DESCRIPTION: Gals Panic II (Asia)
[libretro INFO] [MAME 2010] YEAR: 1993
[libretro INFO] [MAME 2010] MANUFACTURER: Kaneko
[libretro INFO] [MAME 2010] Machine screen orientation: VERTICAL 
[libretro INFO] [MAME 2010] Rotation:3
[libretro INFO] [MAME 2010] osd_init done
[libretro INFO] [MAME 2010] game screen w=320 h=240  rowPixels=320
[libretro INFO] [MAME 2010] Rotation:3
[libretro ERROR] [MAME 2010] MAME returned an error!
[ERROR] [Content]: Error al cargar contenido
[INFO] [Core]: Content ran for a total of: 00 hours, 00 minutes, 00 seconds.
[INFO] [Core]: Unloading core..
[libretro INFO] [MAME 2010] retro_deinit called
[INFO] [Core]: Unloading core symbols..
