[INFO] RetroArch 1.20.0 (Git b797f2d8cc)
[INFO] === Build =======================================
[INFO] Capabilities: ASIMD 
[INFO] Version: 1.20.0
[INFO] Git: b797f2d8cc
[INFO] Built: Jan 16 2025
[INFO] =================================================
[INFO] [Input]: Found input driver: "udev".
[INFO] [Core]: Loading dynamic libretro core from: "/media/sdcard0/Emu/CPS1/../../RetroArch/.config/retroarch/cores/fbneo_libretro.so"
[INFO] [Overrides]: Content dir-specific overrides found at "/media/sdcard0/Emu/CPS1/../../RetroArch/.config/retroarch/config/FinalBurn Neo/CPS1.cfg".
[INFO] [Overrides]: Game-specific overrides found at "/media/sdcard0/Emu/CPS1/../../RetroArch/.config/retroarch/config/FinalBurn Neo/dino.cfg".
[INFO] [Overrides]: Game-specific overrides stacking on top of previous overrides.
[INFO] [Config]: Loading config: "/media/sdcard0/Emu/CPS1/../../RetroArch/.config/retroarch/retroarch.cfg".
[INFO] [Config]: Appending override config: "/media/sdcard0/Emu/CPS1/../../RetroArch/.config/retroarch/config/FinalBurn Neo/CPS1.cfg".
[INFO] [Config]: Appending override config: "/media/sdcard0/Emu/CPS1/../../RetroArch/.config/retroarch/config/FinalBurn Neo/dino.cfg".
[INFO] [Overrides]: Redirecting save file to "/mnt/SDCARD/Savefiles/CPS1/dino.srm".
[INFO] [Overrides]: Redirecting save state to "/mnt/SDCARD/Savestates/CPS1/dino.state".
[INFO] [Remaps]: Game-specific remap found at "/media/sdcard0/Emu/CPS1/../../RetroArch/.config/retroarch/config/remaps/FinalBurn Neo/dino.rmp".
[INFO] [Environ]: SET_SERIALIZATION_QUIRKS.
[INFO] [Environ]: GET_LOG_INTERFACE.
[INFO] [Environ]: GET_LANGUAGE: "0".
[INFO] [Environ]: GET_MESSAGE_INTERFACE_VERSION.
[INFO] [Environ]: SET_AUDIO_BUFFER_STATUS_CALLBACK.
[INFO] [Content]: Content loading skipped. Implementation will load it on its own.
[INFO] [Environ]: SAVE_DIRECTORY: "/mnt/SDCARD/Savefiles/CPS1".
[libretro INFO] Setting save dir to /mnt/SDCARD/Savefiles/CPS1
[INFO] [Environ]: SYSTEM_DIRECTORY: "/media/sdcard0/Emu/CPS1/../../RetroArch/.config/retroarch/system".
[libretro INFO] Setting system dir to /media/sdcard0/Emu/CPS1/../../RetroArch/.config/retroarch/system
[INFO] [Environ]: SET_CONTROLLER_INFO.
[libretro INFO] Initialize DIP switches.
[INFO] [Environ]: GET_CORE_OPTIONS_VERSION.
[INFO] [Environ]: RETRO_ENVIRONMENT_SET_CORE_OPTIONS_V2.
[libretro INFO] [FBNeo] Searching all possible locations for romset dino
[libretro INFO] [FBNeo] No patched romset found at /media/sdcard0/Emu/CPS1/../../RetroArch/.config/retroarch/system/fbneo/patched/dino
[libretro INFO] [FBNeo] Romset found at /media/sdcard0/Emu/CPS1/../../Roms/CPS1/dino
[libretro INFO] [FBNeo] No romset found at /media/sdcard0/Emu/CPS1/../../Roms/CPS1/arc/dino
[libretro INFO] [FBNeo] No romset found at /media/sdcard0/Emu/CPS1/../../Roms/CPS1/arcade/dino
[libretro INFO] [FBNeo] No romset found at /media/sdcard0/Emu/CPS1/../../Roms/CPS1/romdata/dino
[libretro INFO] [FBNeo] No romset found at /media/sdcard0/Emu/CPS1/../../Roms/CPS1/coleco/dino
[libretro INFO] [FBNeo] No romset found at /media/sdcard0/Emu/CPS1/../../Roms/CPS1/colecovision/dino
[libretro INFO] [FBNeo] No romset found at /media/sdcard0/Emu/CPS1/../../Roms/CPS1/gamegear/dino
[libretro INFO] [FBNeo] No romset found at /media/sdcard0/Emu/CPS1/../../Roms/CPS1/megadriv/dino
[libretro INFO] [FBNeo] No romset found at /media/sdcard0/Emu/CPS1/../../Roms/CPS1/megadrive/dino
[libretro INFO] [FBNeo] No romset found at /media/sdcard0/Emu/CPS1/../../Roms/CPS1/genesis/dino
[libretro INFO] [FBNeo] No romset found at /media/sdcard0/Emu/CPS1/../../Roms/CPS1/msx/dino
[libretro INFO] [FBNeo] No romset found at /media/sdcard0/Emu/CPS1/../../Roms/CPS1/msx1/dino
[libretro INFO] [FBNeo] No romset found at /media/sdcard0/Emu/CPS1/../../Roms/CPS1/pce/dino
[libretro INFO] [FBNeo] No romset found at /media/sdcard0/Emu/CPS1/../../Roms/CPS1/pcengine/dino
[libretro INFO] [FBNeo] No romset found at /media/sdcard0/Emu/CPS1/../../Roms/CPS1/sg1000/dino
[libretro INFO] [FBNeo] No romset found at /media/sdcard0/Emu/CPS1/../../Roms/CPS1/sgx/dino
[libretro INFO] [FBNeo] No romset found at /media/sdcard0/Emu/CPS1/../../Roms/CPS1/supergrafx/dino
[libretro INFO] [FBNeo] No romset found at /media/sdcard0/Emu/CPS1/../../Roms/CPS1/sms/dino
[libretro INFO] [FBNeo] No romset found at /media/sdcard0/Emu/CPS1/../../Roms/CPS1/mastersystem/dino
[libretro INFO] [FBNeo] No romset found at /media/sdcard0/Emu/CPS1/../../Roms/CPS1/snes/dino
[libretro INFO] [FBNeo] No romset found at /media/sdcard0/Emu/CPS1/../../Roms/CPS1/spectrum/dino
[libretro INFO] [FBNeo] No romset found at /media/sdcard0/Emu/CPS1/../../Roms/CPS1/zxspectrum/dino
[libretro INFO] [FBNeo] No romset found at /media/sdcard0/Emu/CPS1/../../Roms/CPS1/tg16/dino
[libretro INFO] [FBNeo] No romset found at /media/sdcard0/Emu/CPS1/../../Roms/CPS1/nes/dino
[libretro INFO] [FBNeo] No romset found at /media/sdcard0/Emu/CPS1/../../Roms/CPS1/fds/dino
[libretro INFO] [FBNeo] No romset found at /media/sdcard0/Emu/CPS1/../../Roms/CPS1/ngp/dino
[libretro INFO] [FBNeo] No romset found at /media/sdcard0/Emu/CPS1/../../Roms/CPS1/chf/dino
[libretro INFO] [FBNeo] No romset found at /media/sdcard0/Emu/CPS1/../../Roms/CPS1/channelf/dino
[libretro INFO] [FBNeo] No romset found at /media/sdcard0/Emu/CPS1/../../RetroArch/.config/retroarch/system/fbneo/dino
[libretro INFO] [FBNeo] No romset found at /media/sdcard0/Emu/CPS1/../../RetroArch/.config/retroarch/system/fbneo/arc/dino
[libretro INFO] [FBNeo] No romset found at /media/sdcard0/Emu/CPS1/../../RetroArch/.config/retroarch/system/fbneo/arcade/dino
[libretro INFO] [FBNeo] No romset found at /media/sdcard0/Emu/CPS1/../../RetroArch/.config/retroarch/system/fbneo/romdata/dino
[libretro INFO] [FBNeo] No romset found at /media/sdcard0/Emu/CPS1/../../RetroArch/.config/retroarch/system/fbneo/coleco/dino
[libretro INFO] [FBNeo] No romset found at /media/sdcard0/Emu/CPS1/../../RetroArch/.config/retroarch/system/fbneo/colecovision/dino
[libretro INFO] [FBNeo] No romset found at /media/sdcard0/Emu/CPS1/../../RetroArch/.config/retroarch/system/fbneo/gamegear/dino
[libretro INFO] [FBNeo] No romset found at /media/sdcard0/Emu/CPS1/../../RetroArch/.config/retroarch/system/fbneo/megadriv/dino
[libretro INFO] [FBNeo] No romset found at /media/sdcard0/Emu/CPS1/../../RetroArch/.config/retroarch/system/fbneo/megadrive/dino
[libretro INFO] [FBNeo] No romset found at /media/sdcard0/Emu/CPS1/../../RetroArch/.config/retroarch/system/fbneo/genesis/dino
[libretro INFO] [FBNeo] No romset found at /media/sdcard0/Emu/CPS1/../../RetroArch/.config/retroarch/system/fbneo/msx/dino
[libretro INFO] [FBNeo] No romset found at /media/sdcard0/Emu/CPS1/../../RetroArch/.config/retroarch/system/fbneo/msx1/dino
[libretro INFO] [FBNeo] No romset found at /media/sdcard0/Emu/CPS1/../../RetroArch/.config/retroarch/system/fbneo/pce/dino
[libretro INFO] [FBNeo] No romset found at /media/sdcard0/Emu/CPS1/../../RetroArch/.config/retroarch/system/fbneo/pcengine/dino
[libretro INFO] [FBNeo] No romset found at /media/sdcard0/Emu/CPS1/../../RetroArch/.config/retroarch/system/fbneo/sg1000/dino
[libretro INFO] [FBNeo] No romset found at /media/sdcard0/Emu/CPS1/../../RetroArch/.config/retroarch/system/fbneo/sgx/dino
[libretro INFO] [FBNeo] No romset found at /media/sdcard0/Emu/CPS1/../../RetroArch/.config/retroarch/system/fbneo/supergrafx/dino
[libretro INFO] [FBNeo] No romset found at /media/sdcard0/Emu/CPS1/../../RetroArch/.config/retroarch/system/fbneo/sms/dino
[libretro INFO] [FBNeo] No romset found at /media/sdcard0/Emu/CPS1/../../RetroArch/.config/retroarch/system/fbneo/mastersystem/dino
[libretro INFO] [FBNeo] No romset found at /media/sdcard0/Emu/CPS1/../../RetroArch/.config/retroarch/system/fbneo/snes/dino
[libretro INFO] [FBNeo] No romset found at /media/sdcard0/Emu/CPS1/../../RetroArch/.config/retroarch/system/fbneo/spectrum/dino
[libretro INFO] [FBNeo] No romset found at /media/sdcard0/Emu/CPS1/../../RetroArch/.config/retroarch/system/fbneo/zxspectrum/dino
[libretro INFO] [FBNeo] No romset found at /media/sdcard0/Emu/CPS1/../../RetroArch/.config/retroarch/system/fbneo/tg16/dino
[libretro INFO] [FBNeo] No romset found at /media/sdcard0/Emu/CPS1/../../RetroArch/.config/retroarch/system/fbneo/nes/dino
[libretro INFO] [FBNeo] No romset found at /media/sdcard0/Emu/CPS1/../../RetroArch/.config/retroarch/system/fbneo/fds/dino
[libretro INFO] [FBNeo] No romset found at /media/sdcard0/Emu/CPS1/../../RetroArch/.config/retroarch/system/fbneo/ngp/dino
[libretro INFO] [FBNeo] No romset found at /media/sdcard0/Emu/CPS1/../../RetroArch/.config/retroarch/system/fbneo/chf/dino
[libretro INFO] [FBNeo] No romset found at /media/sdcard0/Emu/CPS1/../../RetroArch/.config/retroarch/system/fbneo/channelf/dino
[libretro INFO] [FBNeo] No romset found at /media/sdcard0/Emu/CPS1/../../RetroArch/.config/retroarch/system/dino
[libretro INFO] [FBNeo] Using ROM with known crc 0x8f4e585e and name cde_23a.8f from archive /media/sdcard0/Emu/CPS1/../../Roms/CPS1/dino
[libretro INFO] [FBNeo] Using ROM with known crc 0x9278aa12 and name cde_22a.7f from archive /media/sdcard0/Emu/CPS1/../../Roms/CPS1/dino
[libretro INFO] [FBNeo] Using ROM with known crc 0x66d23de2 and name cde_21a.6f from archive /media/sdcard0/Emu/CPS1/../../Roms/CPS1/dino
[libretro INFO] [FBNeo] Using ROM with known crc 0x8da4f917 and name cd-1m.3a from archive /media/sdcard0/Emu/CPS1/../../Roms/CPS1/dino
[libretro INFO] [FBNeo] Using ROM with known crc 0x6c40f603 and name cd-3m.5a from archive /media/sdcard0/Emu/CPS1/../../Roms/CPS1/dino
[libretro INFO] [FBNeo] Using ROM with known crc 0x09c8fc2d and name cd-2m.4a from archive /media/sdcard0/Emu/CPS1/../../Roms/CPS1/dino
[libretro INFO] [FBNeo] Using ROM with known crc 0x637ff38f and name cd-4m.6a from archive /media/sdcard0/Emu/CPS1/../../Roms/CPS1/dino
[libretro INFO] [FBNeo] Using ROM with known crc 0x470befee and name cd-5m.7a from archive /media/sdcard0/Emu/CPS1/../../Roms/CPS1/dino
[libretro INFO] [FBNeo] Using ROM with known crc 0x22bfb7a3 and name cd-7m.9a from archive /media/sdcard0/Emu/CPS1/../../Roms/CPS1/dino
[libretro INFO] [FBNeo] Using ROM with known crc 0xe7599ac4 and name cd-6m.8a from archive /media/sdcard0/Emu/CPS1/../../Roms/CPS1/dino
[libretro INFO] [FBNeo] Using ROM with known crc 0x211b4b15 and name cd-8m.10a from archive /media/sdcard0/Emu/CPS1/../../Roms/CPS1/dino
[libretro INFO] [FBNeo] Using ROM with known crc 0x605fdb0b and name cd_q.5k from archive /media/sdcard0/Emu/CPS1/../../Roms/CPS1/dino
[libretro INFO] [FBNeo] Using ROM with known crc 0x60927775 and name cd-q1.1k from archive /media/sdcard0/Emu/CPS1/../../Roms/CPS1/dino
[libretro INFO] [FBNeo] Using ROM with known crc 0x770f4c47 and name cd-q2.2k from archive /media/sdcard0/Emu/CPS1/../../Roms/CPS1/dino
[libretro INFO] [FBNeo] Using ROM with known crc 0x2f273ffc and name cd-q3.3k from archive /media/sdcard0/Emu/CPS1/../../Roms/CPS1/dino
[libretro INFO] [FBNeo] Using ROM with known crc 0x2c67821d and name cd-q4.4k from archive /media/sdcard0/Emu/CPS1/../../Roms/CPS1/dino
[libretro INFO] [FBNeo] Using ROM with known crc 0xeb122de7 and name buf1 from archive /media/sdcard0/Emu/CPS1/../../Roms/CPS1/dino
[libretro INFO] [FBNeo] Using ROM with known crc 0x59c7ee3b and name ioa1 from archive /media/sdcard0/Emu/CPS1/../../Roms/CPS1/dino
[libretro INFO] [FBNeo] Using ROM with known crc 0x4386879a and name prg2 from archive /media/sdcard0/Emu/CPS1/../../Roms/CPS1/dino
[libretro INFO] [FBNeo] Using ROM with known crc 0x41dc73b9 and name rom1 from archive /media/sdcard0/Emu/CPS1/../../Roms/CPS1/dino
[libretro INFO] [FBNeo] Using ROM with known crc 0xef72e902 and name cd63b.1a from archive /media/sdcard0/Emu/CPS1/../../Roms/CPS1/dino
[libretro INFO] [FBNeo] Using ROM with known crc 0x3abc0700 and name iob1.12d from archive /media/sdcard0/Emu/CPS1/../../Roms/CPS1/dino
[libretro INFO] [FBNeo] Using ROM with known crc 0x31793da7 and name bprg1.11d from archive /media/sdcard0/Emu/CPS1/../../Roms/CPS1/dino
[libretro INFO] [FBNeo] Using ROM with known crc 0x27b7410d and name d7l1.7l from archive /media/sdcard0/Emu/CPS1/../../Roms/CPS1/dino
[libretro INFO] [FBNeo] Using ROM with known crc 0x539fc7da and name d8l1.8l from archive /media/sdcard0/Emu/CPS1/../../Roms/CPS1/dino
[libretro INFO] [FBNeo] Using ROM with known crc 0xcd85a156 and name d9k2.9k from archive /media/sdcard0/Emu/CPS1/../../Roms/CPS1/dino
[libretro INFO] [FBNeo] Using ROM with known crc 0x6619c494 and name d10f1.10f from archive /media/sdcard0/Emu/CPS1/../../Roms/CPS1/dino
[libretro INFO] [FBNeo] No missing files, proceeding
[libretro INFO] [FBNeo] Samplerate set to 48000
[libretro INFO] [FBNeo] Applied dipswitches from core options
[libretro INFO] [FBNeo] Initialized driver for dino
[libretro INFO] [FBNeo] Adjusted audio buffer to match driver's refresh rate (59.630000 Hz)
[libretro INFO] [Cheevos] System RAM set to 0x55a0dcf710, size is 65536
[INFO] [Environ]: SET_PIXEL_FORMAT: XRGB8888.
[libretro INFO] [FBNeo] Driver dino was successfully started : game's full name is Cadillacs and Dinosaurs (World 930201)
[INFO] [SRAM]: Skipping SRAM load.
[INFO] [Core]: Version of libretro API: 1, Compiled against API: 1
[libretro INFO] [FBNeo] Timing set to 59.630000 Hz
[INFO] [Core]: Geometry: 384x224, Aspect: 1.333, FPS: 59.63, Sample rate: 48002.15 Hz.
[INFO] [Video]: Set video size to: fullscreen.
[INFO] [Video]: Starting threaded video driver..
[WARN] [DRM]: Couldn't get device resources.
[WARN] [DRM]: Couldn't get device resources.
[INFO] [DRM]: Found 2 connectors.
[INFO] [DRM]: Connector 0 connected: no
[INFO] [DRM]: Connector 0 has 0 modes.
[INFO] [DRM]: Connector 1 connected: yes
[INFO] [DRM]: Connector 1 has 1 modes.
[INFO] [DRM]: Connector 1 assigned to monitor index: #1.
[INFO] [DRM]: Mode 0: (640x480) 640 x 480, 59.976761 Hz
[INFO] [GL]: Found GL context: "kms".
[INFO] [GL]: Detecting screen resolution: 640x480.
[INFO] [EGL] Found EGL_EXT_platform_base, trying eglGetPlatformDisplayEXT
[INFO] [EGL]: EGL version: 1.4
[INFO] [EGL]: Current context: 0x7f740abb30.
[INFO] [KMS]: New FB: 640x480 (stride: 2560).
[INFO] [GL]: Vendor: ARM, Renderer: Mali-G52.
[INFO] [GL]: Version: OpenGL ES 3.2 v1.g2p0-01eac0.02b077cea4dc2127696dc49c93c0fc7a.
[INFO] [GL]: Using ARB_sync to reduce latency.
[INFO] [GL]: Using resolution 640x480.
[INFO] [GL]: Default shader backend found: glsl.
[INFO] [Shaders]: Specific shader preset found at "/media/sdcard0/Emu/CPS1/../../RetroArch/.config/retroarch/config/FinalBurn Neo/CPS1.glslp".
[INFO] [Shader driver]: Using GLSL shader backend.
[INFO] [GLSL]: Found GLSL vertex shader.
[INFO] [GLSL]: Found GLSL fragment shader.
[INFO] [GLSL]: Linking GLSL program.
[INFO] [GLSL]: Found GLSL vertex shader.
[INFO] [GLSL]: Found GLSL fragment shader.
[INFO] [GLSL]: Linking GLSL program.
[INFO] [GLSL]: Found GLSL vertex shader.
[INFO] [GLSL]: Found GLSL fragment shader.
[INFO] [GLSL]: Linking GLSL program.
[INFO] [GL]: Using 4 textures.
[INFO] [GL]: Loaded 1 program(s).
[INFO] [Video]: Graphics driver did not initialize an input driver. Attempting to pick a suitable driver.
[WARN] [udev]: Full-screen pointer won't be available.
[INFO] [udev]: Keyboard #0: "adc-keys" (/dev/input/event3).
[INFO] [udev]: Keyboard #1: "rk805 pwrkey" (/dev/input/event2).
[INFO] [udev]: Keyboard #2: "hdmi_cec_key" (/dev/input/event4).
[INFO] [udev]: Keyboard #3: "gpio-keys-polled" (/dev/input/event0).
[INFO] [udev]: Keyboard #4: "hall wake key" (/dev/input/event1).
[WARN] [SDL]: Couldn't open haptic device of the joypad #0: Haptic: There are 0 haptic devices available
[INFO] [SDL]: Falling back to joystick rumble
[INFO] [Joypad]: Found joypad driver: "sdl2".
[INFO] [Video]: Found display server: "kms".
[WARN] [udev]: Mouse grab/ungrab feature unavailable.
[INFO] [Audio]: Set audio input rate to: 48300.00 Hz.
[INFO] [ALSA] Using ALSA version 1.2.7.2
[INFO] [ALSA]: Using FLOAT_LE sample format for PLAYBACK device "default"
[INFO] [ALSA]: Period: 4 periods per buffer (768 frames, 6144 bytes)
[INFO] [ALSA]: Buffer size: 3072 frames (24576 bytes)
[INFO] [ALSA]: Can pause: no.
[INFO] [ALSA]: Initialized PLAYBACK device "default"
[INFO] [Audio]: Started synchronous audio driver.
[INFO] [Display]: Found display driver: "gl".
[INFO] [Environ]: SET_SUBSYSTEM_INFO.
[libretro INFO] [FBNeo] Unknown device type for port 0, forcing "Classic" instead
[libretro INFO] [FBNeo] Unknown device type for port 1, forcing "Classic" instead
[libretro INFO] [FBNeo] Unknown device type for port 2, forcing "Classic" instead
[INFO] [Playlist]: Loading history file: "/media/sdcard0/RetroArch/.config/retroarch/content_history.lpl".
[INFO] [Playlist]: Loading history file: "/media/sdcard0/RetroArch/.config/retroarch/content_music_history.lpl".
[INFO] [Playlist]: Loading history file: "/media/sdcard0/RetroArch/.config/retroarch/content_image_history.lpl".
[INFO] [Playlist]: Loading favorites file: "/media/sdcard0/RetroArch/.config/retroarch/content_favorites.lpl".
[INFO] [Playlist]: Written to playlist file: "/media/sdcard0/RetroArch/.config/retroarch/content_history.lpl".
[INFO] [Environ]: SET_INPUT_DESCRIPTORS:
[WARN] [SDL]: Couldn't open haptic device of the joypad #0: Haptic: There are 0 haptic devices available
[INFO] [SDL]: Falling back to joystick rumble
[INFO] [KMS]: New FB: 640x480 (stride: 2560).
[INFO] [KMS]: New FB: 640x480 (stride: 2560).
[INFO] [Config]: Loading config: "/media/sdcard0/Emu/CPS1/../../RetroArch/.config/retroarch/retroarch.cfg".
[INFO] [Overrides]: Configuration overrides unloaded, original configuration restored.
[INFO] [Core]: Content ran for a total of: 00 hours, 00 minutes, 01 seconds.
[INFO] [Core]: Unloading game..
[INFO] [Core]: Unloading core..
[INFO] [Core]: Unloading core symbols..
[INFO] [Core]: Saved core options file to "/media/sdcard0/Emu/CPS1/../../RetroArch/.config/retroarch/config/FinalBurn Neo/FinalBurn Neo.opt".
[INFO] [Autoconf]: Xbox 360 Controller disconnected from port 1.
[INFO] Threaded video stats: Frames pushed: 95, Frames dropped: 0.
