[INFO] RetroArch 1.20.0 (Git b797f2d8cc)
[INFO] === Build =======================================
[INFO] Capabilities: ASIMD 
[INFO] Version: 1.20.0
[INFO] Git: b797f2d8cc
[INFO] Built: Jan 16 2025
[INFO] =================================================
[INFO] [Input]: Found input driver: "udev".
[INFO] [Core]: Loading dynamic libretro core from: "/media/sdcard0/Emu/AMIGA/../../RetroArch/.config/retroarch/cores/puae2021_libretro.so"
[INFO] [Overrides]: Content dir-specific overrides found at "/media/sdcard0/Emu/AMIGA/../../RetroArch/.config/retroarch/config/PUAE 2021/AMIGA.cfg".
[INFO] [Config]: Loading config: "/media/sdcard0/Emu/AMIGA/../../RetroArch/.config/retroarch/retroarch.cfg".
[INFO] [Config]: Appending override config: "/media/sdcard0/Emu/AMIGA/../../RetroArch/.config/retroarch/config/PUAE 2021/AMIGA.cfg".
[INFO] [Overrides]: Redirecting save file to "/mnt/SDCARD/Savefiles/AMIGA/BatmanTheMovie_v1.5_1Disk_0019.srm".
[INFO] [Overrides]: Redirecting save state to "/mnt/SDCARD/Savestates/AMIGA/BatmanTheMovie_v1.5_1Disk_0019.state".
[INFO] [Environ]: SYSTEM_DIRECTORY: "/media/sdcard0/Emu/AMIGA/../../RetroArch/.config/retroarch/system".
[INFO] [Environ]: CORE_ASSETS_DIRECTORY: "/media/sdcard0/Emu/AMIGA/../../RetroArch/.config/retroarch/downloads".
[INFO] [Environ]: SAVE_DIRECTORY: "/mnt/SDCARD/Savefiles/AMIGA".
[INFO] [Environ]: GET_CORE_OPTIONS_VERSION.
[INFO] [Environ]: RETRO_ENVIRONMENT_SET_CORE_OPTIONS_V2.
[INFO] [Core]: Game-specific core options found at "/media/sdcard0/Emu/AMIGA/../../RetroArch/.config/retroarch/config/PUAE 2021/BatmanTheMovie_v1.5_1Disk_0019.opt".
[INFO] [Environ]: SET_CONTROLLER_INFO.
[INFO] [Environ]: SET_INPUT_DESCRIPTORS:
[INFO] [Environ]: SET_SUPPORT_NO_GAME: yes.
[INFO] [Environ]: GET_LED_INTERFACE.
[INFO] [Environ]: GET_VFS_INTERFACE. Core requested version >= V2, providing V3.
[INFO] [Remaps]: Content-dir-specific remap found at "/media/sdcard0/Emu/AMIGA/../../RetroArch/.config/retroarch/config/remaps/PUAE 2021/AMIGA.rmp".
[INFO] [Environ]: GET_LOG_INTERFACE.
[INFO] [Environ]: GET_PERF_INTERFACE.
[INFO] [Environ]: GET_DISK_CONTROL_INTERFACE_VERSION.
[INFO] [Environ]: SET_DISK_CONTROL_EXT_INTERFACE.
[INFO] [Environ]: SET_KEYBOARD_CALLBACK.
[INFO] [Environ]: SET_SERIALIZATION_QUIRKS.
[INFO] [Environ]: SET_SUPPORT_ACHIEVEMENTS: yes.
[libretro INFO] Migrating 'zoom_mode' to 'crop'..
[libretro INFO] SET_VARIABLE: puae_crop = "auto"
[libretro INFO] SET_VARIABLE: puae_zoom_mode = "deprecated"
[libretro INFO] SET_VARIABLE: puae_zoom_mode_crop = "deprecated"
[INFO] [Content]: Content loading skipped. Implementation will load it on its own.
[INFO] [Environ]: SET_PIXEL_FORMAT: XRGB8888.
[libretro INFO] Unzip: /mnt/SDCARD/Savefiles/AMIGA/TEMP/BatmanTheMovie_v1.5_1Disk_0019.hdf
[libretro INFO] ->M3U: /mnt/SDCARD/Savefiles/AMIGA/TEMP/BatmanTheMovie_v1.5_1Disk_0019.m3u
[libretro INFO] No model specified in: '/mnt/SDCARD/Savefiles/AMIGA/TEMP/BatmanTheMovie_v1.5_1Disk_0019.m3u'
[libretro INFO] Model: 'A600'
[libretro INFO] Kickstart: 'kick40063.A600'
[libretro INFO] M3U parsed, 1 file(s) found
[libretro INFO] WHDLoad image directory '/mnt/SDCARD/Savefiles/AMIGA/WHDLoad' not found, attempting to create..
[libretro INFO] Mkdir: /mnt/SDCARD/Savefiles/AMIGA/WHDLoad/C/
[libretro INFO] Unzip: /mnt/SDCARD/Savefiles/AMIGA/WHDLoad/C/Assign
[libretro INFO] Unzip: /mnt/SDCARD/Savefiles/AMIGA/WHDLoad/C/ClickNot
[libretro INFO] Unzip: /mnt/SDCARD/Savefiles/AMIGA/WHDLoad/C/Copy
[libretro INFO] Unzip: /mnt/SDCARD/Savefiles/AMIGA/WHDLoad/C/Delete
[libretro INFO] Unzip: /mnt/SDCARD/Savefiles/AMIGA/WHDLoad/C/Dir
[libretro INFO] Unzip: /mnt/SDCARD/Savefiles/AMIGA/WHDLoad/C/Execute
[libretro INFO] Unzip: /mnt/SDCARD/Savefiles/AMIGA/WHDLoad/C/IconX
[libretro INFO] Unzip: /mnt/SDCARD/Savefiles/AMIGA/WHDLoad/C/JoyMouse
[libretro INFO] Unzip: /mnt/SDCARD/Savefiles/AMIGA/WHDLoad/C/JoyPad
[libretro INFO] Unzip: /mnt/SDCARD/Savefiles/AMIGA/WHDLoad/C/List
[libretro INFO] Unzip: /mnt/SDCARD/Savefiles/AMIGA/WHDLoad/C/MakeDir
[libretro INFO] Unzip: /mnt/SDCARD/Savefiles/AMIGA/WHDLoad/C/MEmacs
[libretro INFO] Unzip: /mnt/SDCARD/Savefiles/AMIGA/WHDLoad/C/MemClear
[libretro INFO] Unzip: /mnt/SDCARD/Savefiles/AMIGA/WHDLoad/C/MultiView
[libretro INFO] Unzip: /mnt/SDCARD/Savefiles/AMIGA/WHDLoad/C/Rename
[libretro INFO] Unzip: /mnt/SDCARD/Savefiles/AMIGA/WHDLoad/C/RequestChoice
[libretro INFO] Unzip: /mnt/SDCARD/Savefiles/AMIGA/WHDLoad/C/RequestFile
[libretro INFO] Unzip: /mnt/SDCARD/Savefiles/AMIGA/WHDLoad/C/RequestString
[libretro INFO] Unzip: /mnt/SDCARD/Savefiles/AMIGA/WHDLoad/C/Type
[libretro INFO] Unzip: /mnt/SDCARD/Savefiles/AMIGA/WHDLoad/C/WBRun
[libretro INFO] Unzip: /mnt/SDCARD/Savefiles/AMIGA/WHDLoad/C/WHDLoad
[libretro INFO] Unzip: /mnt/SDCARD/Savefiles/AMIGA/WHDLoad/C/xfdDecrunch
[libretro INFO] Mkdir: /mnt/SDCARD/Savefiles/AMIGA/WHDLoad/Devs/
[libretro INFO] Mkdir: /mnt/SDCARD/Savefiles/AMIGA/WHDLoad/Devs/Kickstarts/
[libretro INFO] Unzip: /mnt/SDCARD/Savefiles/AMIGA/WHDLoad/Devs/Kickstarts/kick33180.A500.RTB
[libretro INFO] Unzip: /mnt/SDCARD/Savefiles/AMIGA/WHDLoad/Devs/Kickstarts/kick34005.A500.RTB
[libretro INFO] Unzip: /mnt/SDCARD/Savefiles/AMIGA/WHDLoad/Devs/Kickstarts/kick40063.A600.RTB
[libretro INFO] Unzip: /mnt/SDCARD/Savefiles/AMIGA/WHDLoad/Devs/Kickstarts/kick40068.A1200.RTB
[libretro INFO] Unzip: /mnt/SDCARD/Savefiles/AMIGA/WHDLoad/Devs/Kickstarts/kick40068.A4000.RTB
[libretro INFO] Mkdir: /mnt/SDCARD/Savefiles/AMIGA/WHDLoad/Devs/Monitors/
[libretro INFO] Unzip: /mnt/SDCARD/Savefiles/AMIGA/WHDLoad/Devs/Monitors/NTSC
[libretro INFO] Unzip: /mnt/SDCARD/Savefiles/AMIGA/WHDLoad/Devs/Monitors/PAL
[libretro INFO] Unzip: /mnt/SDCARD/Savefiles/AMIGA/WHDLoad/Devs/system-configuration
[libretro INFO] Unzip: /mnt/SDCARD/Savefiles/AMIGA/WHDLoad/Devs/system-configuration-default
[libretro INFO] Unzip: /mnt/SDCARD/Savefiles/AMIGA/WHDLoad/Devs/system-configuration-native
[libretro INFO] Mkdir: /mnt/SDCARD/Savefiles/AMIGA/WHDLoad/L/
[libretro INFO] Mkdir: /mnt/SDCARD/Savefiles/AMIGA/WHDLoad/Libs/
[libretro INFO] Unzip: /mnt/SDCARD/Savefiles/AMIGA/WHDLoad/Libs/asl.library
[libretro INFO] Unzip: /mnt/SDCARD/Savefiles/AMIGA/WHDLoad/Libs/commodities.library
[libretro INFO] Mkdir: /mnt/SDCARD/Savefiles/AMIGA/WHDLoad/Libs/compressors/
[libretro INFO] Unzip: /mnt/SDCARD/Savefiles/AMIGA/WHDLoad/Libs/compressors/xpkBLZW.library
[libretro INFO] Unzip: /mnt/SDCARD/Savefiles/AMIGA/WHDLoad/Libs/compressors/xpkCBR0.library
[libretro INFO] Unzip: /mnt/SDCARD/Savefiles/AMIGA/WHDLoad/Libs/compressors/xpkDLTA.library
[libretro INFO] Unzip: /mnt/SDCARD/Savefiles/AMIGA/WHDLoad/Libs/compressors/xpkDUKE.library
[libretro INFO] Unzip: /mnt/SDCARD/Savefiles/AMIGA/WHDLoad/Libs/compressors/xpkFAST.library
[libretro INFO] Unzip: /mnt/SDCARD/Savefiles/AMIGA/WHDLoad/Libs/compressors/xpkFRLE.library
[libretro INFO] Unzip: /mnt/SDCARD/Savefiles/AMIGA/WHDLoad/Libs/compressors/xpkGZIP.library
[libretro INFO] Unzip: /mnt/SDCARD/Savefiles/AMIGA/WHDLoad/Libs/compressors/xpkHFMN.library
[libretro INFO] Unzip: /mnt/SDCARD/Savefiles/AMIGA/WHDLoad/Libs/compressors/xpkHUFF.library
[libretro INFO] Unzip: /mnt/SDCARD/Savefiles/AMIGA/WHDLoad/Libs/compressors/xpkIMPL.library
[libretro INFO] Unzip: /mnt/SDCARD/Savefiles/AMIGA/WHDLoad/Libs/compressors/xpkMASH.library
[libretro INFO] Unzip: /mnt/SDCARD/Savefiles/AMIGA/WHDLoad/Libs/compressors/xpkNONE.library
[libretro INFO] Unzip: /mnt/SDCARD/Savefiles/AMIGA/WHDLoad/Libs/compressors/xpkNUKE.library
[libretro INFO] Unzip: /mnt/SDCARD/Savefiles/AMIGA/WHDLoad/Libs/compressors/xpkRAKE.library
[libretro INFO] Unzip: /mnt/SDCARD/Savefiles/AMIGA/WHDLoad/Libs/compressors/xpkRLEN.library
[libretro INFO] Unzip: /mnt/SDCARD/Savefiles/AMIGA/WHDLoad/Libs/compressors/xpkSHRI.library
[libretro INFO] Unzip: /mnt/SDCARD/Savefiles/AMIGA/WHDLoad/Libs/compressors/xpkSMPL.library
[libretro INFO] Unzip: /mnt/SDCARD/Savefiles/AMIGA/WHDLoad/Libs/compressors/xpkSQSH.library
[libretro INFO] Unzip: /mnt/SDCARD/Savefiles/AMIGA/WHDLoad/Libs/diskfont.library
[libretro INFO] Unzip: /mnt/SDCARD/Savefiles/AMIGA/WHDLoad/Libs/lowlevel.library
[libretro INFO] Unzip: /mnt/SDCARD/Savefiles/AMIGA/WHDLoad/Libs/mathieeedoubbas.library
[libretro INFO] Unzip: /mnt/SDCARD/Savefiles/AMIGA/WHDLoad/Libs/parm.library
[libretro INFO] Unzip: /mnt/SDCARD/Savefiles/AMIGA/WHDLoad/Libs/powerpacker.library
[libretro INFO] Unzip: /mnt/SDCARD/Savefiles/AMIGA/WHDLoad/Libs/reqtools.library
[libretro INFO] Unzip: /mnt/SDCARD/Savefiles/AMIGA/WHDLoad/Libs/xfdmaster.library
[libretro INFO] Unzip: /mnt/SDCARD/Savefiles/AMIGA/WHDLoad/Libs/xpkmaster.library
[libretro INFO] Mkdir: /mnt/SDCARD/Savefiles/AMIGA/WHDLoad/S/
[libretro INFO] Unzip: /mnt/SDCARD/Savefiles/AMIGA/WHDLoad/S/KSCopy
[libretro INFO] Unzip: /mnt/SDCARD/Savefiles/AMIGA/WHDLoad/S/MkCustom
[libretro INFO] Unzip: /mnt/SDCARD/Savefiles/AMIGA/WHDLoad/S/Startup-Sequence
[libretro INFO] Unzip: /mnt/SDCARD/Savefiles/AMIGA/WHDLoad/S/WBSelect
[libretro INFO] Unzip: /mnt/SDCARD/Savefiles/AMIGA/WHDLoad/S/WHDLoad-Cleanup
[libretro INFO] Unzip: /mnt/SDCARD/Savefiles/AMIGA/WHDLoad/S/WHDLoad-Startup
[libretro INFO] Unzip: /mnt/SDCARD/Savefiles/AMIGA/WHDLoad/S/WHDLoad.prefs
[libretro INFO] Unzip: /mnt/SDCARD/Savefiles/AMIGA/WHDLoad/S/WHDLoad.prefs.default
[libretro INFO] WHDLoad installed 'kick34005.A500' to '/mnt/SDCARD/Savefiles/AMIGA/WHDLoad/Devs/Kickstarts/kick34005.A500'
[libretro INFO] WHDLoad installed 'kick40063.A600' to '/mnt/SDCARD/Savefiles/AMIGA/WHDLoad/Devs/Kickstarts/kick40063.A600'
[libretro INFO] WHDLoad installed 'kick40068.A1200' to '/mnt/SDCARD/Savefiles/AMIGA/WHDLoad/Devs/Kickstarts/kick40068.A1200'
[libretro INFO] WHDLoad updated 'WHDLoad.prefs'
[libretro INFO] HD (1) inserted in drive DH0: '/mnt/SDCARD/Savefiles/AMIGA/TEMP/BatmanTheMovie_v1.5_1Disk_0019.hdf'
[libretro INFO] --------------------------------------------------------------------------------
[libretro INFO] PUAE 2.6.1 1a534de, Oct 12 2024 20:07:37
[libretro INFO] --------------------------------------------------------------------------------
[libretro INFO] RTAREA located at 00F00000
[libretro INFO] Known ROM 'KS ROM v3.1 (A500,A600,A2000)' loaded
[libretro INFO] Building CPU table for configuration: 68000 24-bit
[libretro INFO] 1883 CPU functions
[libretro INFO] Building CPU, 44316 opcodes (0 0 1)
[libretro INFO] CPU=68000, FPU=0, MMU=0, JIT=CPU=0.
[libretro INFO] hfd attempting to open: '/mnt/SDCARD/Savefiles/AMIGA/TEMP/BatmanTheMovie_v1.5_1Disk_0019.hdf'
[libretro INFO] HDF '/mnt/SDCARD/Savefiles/AMIGA/TEMP/BatmanTheMovie_v1.5_1Disk_0019.hdf' opened, size=1040K mode=3 empty=0
[libretro INFO] Reset at 00000000. Chipset mask = 00000003
[libretro INFO] PAL mode V=50.0804Hz H=15625.0879Hz (227x312+0) IDX=10 (PAL) D=0 RTG=0/0
[libretro INFO] hardreset, memory cleared
[libretro INFO] SNDRATE 312.0*227.0*50.080410=3546894.958099
[libretro INFO] SNDRATE 312.0*227.0*50.080410=3546894.958099
[libretro INFO] PAL mode V=50.0804Hz H=15625.0879Hz (227x312+0) IDX=10 (PAL) D=0 RTG=0/0
[INFO] [Environ]: SET_MEMORY_MAPS.
[INFO] [SRAM]: Skipping SRAM load.
[INFO] [Core]: Version of libretro API: 1, Compiled against API: 1
[INFO] [Core]: Geometry: 360x287, Aspect: 1.254, FPS: 49.92, Sample rate: 44100.00 Hz.
[INFO] [Video]: Set video size to: fullscreen.
[INFO] [Video]: Starting threaded video driver..
[WARN] [DRM]: Couldn't get device resources.
[WARN] [DRM]: Couldn't get device resources.
[INFO] [DRM]: Found 2 connectors.
[INFO] [DRM]: Connector 0 connected: no
[INFO] [DRM]: Connector 0 has 0 modes.
[INFO] [DRM]: Connector 1 connected: yes
[INFO] [DRM]: Connector 1 has 1 modes.
[INFO] [DRM]: Connector 1 assigned to monitor index: #1.
[INFO] [DRM]: Mode 0: (640x480) 640 x 480, 59.976761 Hz
[INFO] [GL]: Found GL context: "kms".
[INFO] [GL]: Detecting screen resolution: 640x480.
[INFO] [EGL] Found EGL_EXT_platform_base, trying eglGetPlatformDisplayEXT
[INFO] [EGL]: EGL version: 1.4
[INFO] [EGL]: Current context: 0x7f7c0abb30.
[INFO] [KMS]: New FB: 640x480 (stride: 2560).
[INFO] [GL]: Vendor: ARM, Renderer: Mali-G52.
[INFO] [GL]: Version: OpenGL ES 3.2 v1.g2p0-01eac0.02b077cea4dc2127696dc49c93c0fc7a.
[INFO] [GL]: Using ARB_sync to reduce latency.
[INFO] [GL]: Using resolution 640x480.
[INFO] [GL]: Default shader backend found: glsl.
[INFO] [Shaders]: Specific shader preset found at "/media/sdcard0/Emu/AMIGA/../../RetroArch/.config/retroarch/config/PUAE 2021/AMIGA.glslp".
[INFO] [Shader driver]: Using GLSL shader backend.
[INFO] [GLSL]: Found GLSL vertex shader.
[INFO] [GLSL]: Found GLSL fragment shader.
[INFO] [GLSL]: Linking GLSL program.
[INFO] [GLSL]: Found GLSL vertex shader.
[INFO] [GLSL]: Found GLSL fragment shader.
[INFO] [GLSL]: Linking GLSL program.
[INFO] [GLSL]: Found GLSL vertex shader.
[INFO] [GLSL]: Found GLSL fragment shader.
[INFO] [GLSL]: Linking GLSL program.
[INFO] [GL]: Using 4 textures.
[INFO] [GL]: Loaded 1 program(s).
[INFO] [Video]: Graphics driver did not initialize an input driver. Attempting to pick a suitable driver.
[WARN] [udev]: Full-screen pointer won't be available.
[INFO] [udev]: Keyboard #0: "adc-keys" (/dev/input/event3).
[INFO] [udev]: Keyboard #1: "rk805 pwrkey" (/dev/input/event2).
[INFO] [udev]: Keyboard #2: "hdmi_cec_key" (/dev/input/event4).
[INFO] [udev]: Keyboard #3: "gpio-keys-polled" (/dev/input/event0).
[INFO] [udev]: Keyboard #4: "hall wake key" (/dev/input/event1).
[WARN] [SDL]: Couldn't open haptic device of the joypad #0: Haptic: There are 0 haptic devices available
[INFO] [SDL]: Falling back to joystick rumble
[INFO] [Joypad]: Found joypad driver: "sdl2".
[INFO] [Video]: Found display server: "kms".
[WARN] [udev]: Mouse grab/ungrab feature unavailable.
[INFO] [Audio]: Set audio input rate to: 44100.00 Hz.
[INFO] [Video]: Timings deviate too much. Will not adjust. (Target = 60.00 Hz, Game = 49.92 Hz)
[INFO] [ALSA] Using ALSA version 1.2.7.2
[INFO] [ALSA]: Using FLOAT_LE sample format for PLAYBACK device "default"
[INFO] [ALSA]: Period: 4 periods per buffer (768 frames, 6144 bytes)
[INFO] [ALSA]: Buffer size: 3072 frames (24576 bytes)
[INFO] [ALSA]: Can pause: no.
[INFO] [ALSA]: Initialized PLAYBACK device "default"
[INFO] [Audio]: Started synchronous audio driver.
[INFO] [Display]: Found display driver: "gl".
[INFO] [Playlist]: Loading history file: "/media/sdcard0/RetroArch/.config/retroarch/content_history.lpl".
[INFO] [Playlist]: Loading history file: "/media/sdcard0/RetroArch/.config/retroarch/content_music_history.lpl".
[INFO] [Playlist]: Loading history file: "/media/sdcard0/RetroArch/.config/retroarch/content_image_history.lpl".
[INFO] [Playlist]: Loading favorites file: "/media/sdcard0/RetroArch/.config/retroarch/content_favorites.lpl".
[INFO] [Playlist]: Written to playlist file: "/media/sdcard0/RetroArch/.config/retroarch/content_history.lpl".
[WARN] [SDL]: Couldn't open haptic device of the joypad #0: Haptic: There are 0 haptic devices available
[INFO] [SDL]: Falling back to joystick rumble
[INFO] [Environ]: SET_SYSTEM_AV_INFO: 640x200, Aspect: 1.666, FPS: 50.08, Sample rate: 44100.00 Hz.
[INFO] [Audio]: Set audio input rate to: 44100.00 Hz.
[INFO] [Video]: Timings deviate too much. Will not adjust. (Target = 60.00 Hz, Game = 50.08 Hz)
[INFO] [ALSA] Using ALSA version 1.2.7.2
[INFO] [ALSA]: Using FLOAT_LE sample format for PLAYBACK device "default"
[INFO] [ALSA]: Period: 4 periods per buffer (768 frames, 6144 bytes)
[INFO] [ALSA]: Buffer size: 3072 frames (24576 bytes)
[INFO] [ALSA]: Can pause: no.
[INFO] [ALSA]: Initialized PLAYBACK device "default"
[INFO] [Audio]: Started synchronous audio driver.
[INFO] [Display]: Found display driver: "gl".
[INFO] [Input]: Game Focus => OFF
[INFO] [KMS]: New FB: 640x480 (stride: 2560).
[INFO] [KMS]: New FB: 640x480 (stride: 2560).
[libretro INFO] SERIAL: period=372, baud=9600, hsyncs=1, bits=8, PC=f8018a
[libretro INFO] Illegal instruction: 4e7b at 00F80C38 -> 00F80CC0
[INFO] [Shaders]: Saved shader preset to "/media/sdcard0/Emu/AMIGA/../../RetroArch/.config/retroarch/config/PUAE 2021/AMIGA.glslp".
[INFO] [Shader driver]: Using GLSL shader backend.
[INFO] [GLSL]: Found GLSL vertex shader.
[INFO] [GLSL]: Found GLSL fragment shader.
[INFO] [GLSL]: Linking GLSL program.
[INFO] [GLSL]: Found GLSL vertex shader.
[INFO] [GLSL]: Found GLSL fragment shader.
[INFO] [GLSL]: Linking GLSL program.
[INFO] [GLSL]: Found GLSL vertex shader.
[INFO] [GLSL]: Found GLSL fragment shader.
[INFO] [GLSL]: Linking GLSL program.
[INFO] [Shaders]: Menu shader set to: "/media/sdcard0/Emu/AMIGA/../../RetroArch/.config/retroarch/config/PUAE 2021/AMIGA.glslp".
[INFO] [Shaders]: Applying shader: "/media/sdcard0/Emu/AMIGA/../../RetroArch/.config/retroarch/config/PUAE 2021/AMIGA.glslp".
[INFO] [Config]: Loading config: "/media/sdcard0/Emu/AMIGA/../../RetroArch/.config/retroarch/retroarch.cfg".
[INFO] [Overrides]: Configuration overrides unloaded, original configuration restored.
[INFO] [Core]: Content ran for a total of: 00 hours, 00 minutes, 00 seconds.
[INFO] [Core]: Unloading game..
[libretro INFO] WHDLoad QuitKey triggered..
[libretro INFO] Fastcard: mapped @$200000: 8MB fast memory
[libretro INFO]    Card 1 (ZorroII) done.
[libretro INFO] Filesystem: mapped memory @$e90000.
[libretro INFO]    Card 2 (ZorroII) done.
[libretro INFO] Memory map after autoconfig:
[libretro INFO] filesystem: diagentry called: 200098
[libretro INFO] SNDRATE 313.0*227.0*49.920410=3546895.062012
[libretro INFO] PAL mode V=49.9204Hz H=15625.0879Hz (227x312+1) IDX=10 (PAL) D=0 RTG=0/0
[INFO] [Core]: Unloading core..
[libretro INFO] Clean: /mnt/SDCARD/Savefiles/AMIGA/TEMP/BatmanTheMovie_v1.5_1Disk_0019.hdf
[libretro INFO] Clean: /mnt/SDCARD/Savefiles/AMIGA/TEMP/BatmanTheMovie_v1.5_1Disk_0019.m3u
[INFO] [Core]: Unloading core symbols..
[INFO] [Core]: Saved game-specific core options to "/media/sdcard0/Emu/AMIGA/../../RetroArch/.config/retroarch/config/PUAE 2021/BatmanTheMovie_v1.5_1Disk_0019.opt".
[INFO] [Autoconf]: Xbox 360 Controller disconnected from port 1.
[INFO] Threaded video stats: Frames pushed: 990, Frames dropped: 3.
