[INFO] RetroArch 1.20.0 (Git b797f2d8cc)
[INFO] === Build =======================================
[INFO] Funcionalidades: ASIMD 
[INFO] Version: 1.20.0
[INFO] Git: b797f2d8cc
[INFO] Built: Jan 16 2025
[INFO] =================================================
[INFO] [Input]: Found input driver: "udev".
[INFO] [Core]: Loading dynamic libretro core from: "/media/sdcard0/Emu/ARCADE/../../RetroArch/.config/retroarch/cores/fbneo_libretro.so"
[INFO] [Overrides]: Content dir-specific overrides found at "/media/sdcard0/Emu/ARCADE/../../RetroArch/.config/retroarch/config/FinalBurn Neo/ARCADE.cfg".
[INFO] [Overrides]: Game-specific overrides found at "/media/sdcard0/Emu/ARCADE/../../RetroArch/.config/retroarch/config/FinalBurn Neo/galpani4.cfg".
[INFO] [Overrides]: Game-specific overrides stacking on top of previous overrides.
[INFO] [Config]: Loading config: "/media/sdcard0/Emu/ARCADE/../../RetroArch/.config/retroarch/retroarch.cfg".
[INFO] [Config]: Appending override config: "/media/sdcard0/Emu/ARCADE/../../RetroArch/.config/retroarch/config/FinalBurn Neo/ARCADE.cfg".
[INFO] [Config]: Appending override config: "/media/sdcard0/Emu/ARCADE/../../RetroArch/.config/retroarch/config/FinalBurn Neo/galpani4.cfg".
[INFO] [Overrides]: Redirigiendo archivo de guardado a "/mnt/SDCARD/Savefiles/FinalBurn Neo/galpani4.srm".
[INFO] [Overrides]: Redirigiendo guardado rápido a "/mnt/SDCARD/Savestates/FinalBurn Neo/galpani4.state".
[INFO] [Environ]: SET_SERIALIZATION_QUIRKS.
[INFO] [Environ]: GET_LOG_INTERFACE.
[INFO] [Environ]: GET_LANGUAGE: "3".
[INFO] [Environ]: GET_MESSAGE_INTERFACE_VERSION.
[INFO] [Environ]: SET_AUDIO_BUFFER_STATUS_CALLBACK.
[INFO] [Content]: Carga de contenido omitida. La implementación lo cargará por su cuenta.
[INFO] [Environ]: SAVE_DIRECTORY: "/mnt/SDCARD/Savefiles/FinalBurn Neo".
[libretro INFO] Setting save dir to /mnt/SDCARD/Savefiles/FinalBurn Neo
[INFO] [Environ]: SYSTEM_DIRECTORY: "/media/sdcard0/Emu/ARCADE/../../RetroArch/.config/retroarch/system".
[libretro INFO] Setting system dir to /media/sdcard0/Emu/ARCADE/../../RetroArch/.config/retroarch/system
[INFO] [Environ]: SET_CONTROLLER_INFO.
[libretro INFO] Initialize DIP switches.
[INFO] [Environ]: GET_CORE_OPTIONS_VERSION.
[INFO] [Environ]: RETRO_ENVIRONMENT_SET_CORE_OPTIONS_V2.
[INFO] [Core]: Se han encontrado opciones personalizadas según juego en "/media/sdcard0/Emu/ARCADE/../../RetroArch/.config/retroarch/config/FinalBurn Neo/galpani4.opt".
[libretro INFO] [FBNeo] Searching all possible locations for romset galpani4
[libretro INFO] [FBNeo] No patched romset found at /media/sdcard0/Emu/ARCADE/../../RetroArch/.config/retroarch/system/fbneo/patched/galpani4
[libretro INFO] [FBNeo] Romset found at /media/sdcard0/Emu/ARCADE/../../Roms/ARCADE/galpani4
[libretro INFO] [FBNeo] No romset found at /media/sdcard0/Emu/ARCADE/../../Roms/ARCADE/arc/galpani4
[libretro INFO] [FBNeo] No romset found at /media/sdcard0/Emu/ARCADE/../../Roms/ARCADE/arcade/galpani4
[libretro INFO] [FBNeo] No romset found at /media/sdcard0/Emu/ARCADE/../../Roms/ARCADE/romdata/galpani4
[libretro INFO] [FBNeo] No romset found at /media/sdcard0/Emu/ARCADE/../../Roms/ARCADE/coleco/galpani4
[libretro INFO] [FBNeo] No romset found at /media/sdcard0/Emu/ARCADE/../../Roms/ARCADE/colecovision/galpani4
[libretro INFO] [FBNeo] No romset found at /media/sdcard0/Emu/ARCADE/../../Roms/ARCADE/gamegear/galpani4
[libretro INFO] [FBNeo] No romset found at /media/sdcard0/Emu/ARCADE/../../Roms/ARCADE/megadriv/galpani4
[libretro INFO] [FBNeo] No romset found at /media/sdcard0/Emu/ARCADE/../../Roms/ARCADE/megadrive/galpani4
[libretro INFO] [FBNeo] No romset found at /media/sdcard0/Emu/ARCADE/../../Roms/ARCADE/genesis/galpani4
[libretro INFO] [FBNeo] No romset found at /media/sdcard0/Emu/ARCADE/../../Roms/ARCADE/msx/galpani4
[libretro INFO] [FBNeo] No romset found at /media/sdcard0/Emu/ARCADE/../../Roms/ARCADE/msx1/galpani4
[libretro INFO] [FBNeo] No romset found at /media/sdcard0/Emu/ARCADE/../../Roms/ARCADE/pce/galpani4
[libretro INFO] [FBNeo] No romset found at /media/sdcard0/Emu/ARCADE/../../Roms/ARCADE/pcengine/galpani4
[libretro INFO] [FBNeo] No romset found at /media/sdcard0/Emu/ARCADE/../../Roms/ARCADE/sg1000/galpani4
[libretro INFO] [FBNeo] No romset found at /media/sdcard0/Emu/ARCADE/../../Roms/ARCADE/sgx/galpani4
[libretro INFO] [FBNeo] No romset found at /media/sdcard0/Emu/ARCADE/../../Roms/ARCADE/supergrafx/galpani4
[libretro INFO] [FBNeo] No romset found at /media/sdcard0/Emu/ARCADE/../../Roms/ARCADE/sms/galpani4
[libretro INFO] [FBNeo] No romset found at /media/sdcard0/Emu/ARCADE/../../Roms/ARCADE/mastersystem/galpani4
[libretro INFO] [FBNeo] No romset found at /media/sdcard0/Emu/ARCADE/../../Roms/ARCADE/snes/galpani4
[libretro INFO] [FBNeo] No romset found at /media/sdcard0/Emu/ARCADE/../../Roms/ARCADE/spectrum/galpani4
[libretro INFO] [FBNeo] No romset found at /media/sdcard0/Emu/ARCADE/../../Roms/ARCADE/zxspectrum/galpani4
[libretro INFO] [FBNeo] No romset found at /media/sdcard0/Emu/ARCADE/../../Roms/ARCADE/tg16/galpani4
[libretro INFO] [FBNeo] No romset found at /media/sdcard0/Emu/ARCADE/../../Roms/ARCADE/nes/galpani4
[libretro INFO] [FBNeo] No romset found at /media/sdcard0/Emu/ARCADE/../../Roms/ARCADE/fds/galpani4
[libretro INFO] [FBNeo] No romset found at /media/sdcard0/Emu/ARCADE/../../Roms/ARCADE/ngp/galpani4
[libretro INFO] [FBNeo] No romset found at /media/sdcard0/Emu/ARCADE/../../Roms/ARCADE/chf/galpani4
[libretro INFO] [FBNeo] No romset found at /media/sdcard0/Emu/ARCADE/../../Roms/ARCADE/channelf/galpani4
[libretro INFO] [FBNeo] No romset found at /media/sdcard0/Emu/ARCADE/../../RetroArch/.config/retroarch/system/fbneo/galpani4
[libretro INFO] [FBNeo] No romset found at /media/sdcard0/Emu/ARCADE/../../RetroArch/.config/retroarch/system/fbneo/arc/galpani4
[libretro INFO] [FBNeo] No romset found at /media/sdcard0/Emu/ARCADE/../../RetroArch/.config/retroarch/system/fbneo/arcade/galpani4
[libretro INFO] [FBNeo] No romset found at /media/sdcard0/Emu/ARCADE/../../RetroArch/.config/retroarch/system/fbneo/romdata/galpani4
[libretro INFO] [FBNeo] No romset found at /media/sdcard0/Emu/ARCADE/../../RetroArch/.config/retroarch/system/fbneo/coleco/galpani4
[libretro INFO] [FBNeo] No romset found at /media/sdcard0/Emu/ARCADE/../../RetroArch/.config/retroarch/system/fbneo/colecovision/galpani4
[libretro INFO] [FBNeo] No romset found at /media/sdcard0/Emu/ARCADE/../../RetroArch/.config/retroarch/system/fbneo/gamegear/galpani4
[libretro INFO] [FBNeo] No romset found at /media/sdcard0/Emu/ARCADE/../../RetroArch/.config/retroarch/system/fbneo/megadriv/galpani4
[libretro INFO] [FBNeo] No romset found at /media/sdcard0/Emu/ARCADE/../../RetroArch/.config/retroarch/system/fbneo/megadrive/galpani4
[libretro INFO] [FBNeo] No romset found at /media/sdcard0/Emu/ARCADE/../../RetroArch/.config/retroarch/system/fbneo/genesis/galpani4
[libretro INFO] [FBNeo] No romset found at /media/sdcard0/Emu/ARCADE/../../RetroArch/.config/retroarch/system/fbneo/msx/galpani4
[libretro INFO] [FBNeo] No romset found at /media/sdcard0/Emu/ARCADE/../../RetroArch/.config/retroarch/system/fbneo/msx1/galpani4
[libretro INFO] [FBNeo] No romset found at /media/sdcard0/Emu/ARCADE/../../RetroArch/.config/retroarch/system/fbneo/pce/galpani4
[libretro INFO] [FBNeo] No romset found at /media/sdcard0/Emu/ARCADE/../../RetroArch/.config/retroarch/system/fbneo/pcengine/galpani4
[libretro INFO] [FBNeo] No romset found at /media/sdcard0/Emu/ARCADE/../../RetroArch/.config/retroarch/system/fbneo/sg1000/galpani4
[libretro INFO] [FBNeo] No romset found at /media/sdcard0/Emu/ARCADE/../../RetroArch/.config/retroarch/system/fbneo/sgx/galpani4
[libretro INFO] [FBNeo] No romset found at /media/sdcard0/Emu/ARCADE/../../RetroArch/.config/retroarch/system/fbneo/supergrafx/galpani4
[libretro INFO] [FBNeo] No romset found at /media/sdcard0/Emu/ARCADE/../../RetroArch/.config/retroarch/system/fbneo/sms/galpani4
[libretro INFO] [FBNeo] No romset found at /media/sdcard0/Emu/ARCADE/../../RetroArch/.config/retroarch/system/fbneo/mastersystem/galpani4
[libretro INFO] [FBNeo] No romset found at /media/sdcard0/Emu/ARCADE/../../RetroArch/.config/retroarch/system/fbneo/snes/galpani4
[libretro INFO] [FBNeo] No romset found at /media/sdcard0/Emu/ARCADE/../../RetroArch/.config/retroarch/system/fbneo/spectrum/galpani4
[libretro INFO] [FBNeo] No romset found at /media/sdcard0/Emu/ARCADE/../../RetroArch/.config/retroarch/system/fbneo/zxspectrum/galpani4
[libretro INFO] [FBNeo] No romset found at /media/sdcard0/Emu/ARCADE/../../RetroArch/.config/retroarch/system/fbneo/tg16/galpani4
[libretro INFO] [FBNeo] No romset found at /media/sdcard0/Emu/ARCADE/../../RetroArch/.config/retroarch/system/fbneo/nes/galpani4
[libretro INFO] [FBNeo] No romset found at /media/sdcard0/Emu/ARCADE/../../RetroArch/.config/retroarch/system/fbneo/fds/galpani4
[libretro INFO] [FBNeo] No romset found at /media/sdcard0/Emu/ARCADE/../../RetroArch/.config/retroarch/system/fbneo/ngp/galpani4
[libretro INFO] [FBNeo] No romset found at /media/sdcard0/Emu/ARCADE/../../RetroArch/.config/retroarch/system/fbneo/chf/galpani4
[libretro INFO] [FBNeo] No romset found at /media/sdcard0/Emu/ARCADE/../../RetroArch/.config/retroarch/system/fbneo/channelf/galpani4
[libretro INFO] [FBNeo] No romset found at /media/sdcard0/Emu/ARCADE/../../RetroArch/.config/retroarch/system/galpani4
[libretro INFO] [FBNeo] Searching all possible locations for romset skns
[libretro INFO] [FBNeo] No patched romset found at /media/sdcard0/Emu/ARCADE/../../RetroArch/.config/retroarch/system/fbneo/patched/skns
[libretro INFO] [FBNeo] No romset found at /media/sdcard0/Emu/ARCADE/../../Roms/ARCADE/skns
[libretro INFO] [FBNeo] No romset found at /media/sdcard0/Emu/ARCADE/../../Roms/ARCADE/arc/skns
[libretro INFO] [FBNeo] No romset found at /media/sdcard0/Emu/ARCADE/../../Roms/ARCADE/arcade/skns
[libretro INFO] [FBNeo] No romset found at /media/sdcard0/Emu/ARCADE/../../Roms/ARCADE/romdata/skns
[libretro INFO] [FBNeo] No romset found at /media/sdcard0/Emu/ARCADE/../../Roms/ARCADE/coleco/skns
[libretro INFO] [FBNeo] No romset found at /media/sdcard0/Emu/ARCADE/../../Roms/ARCADE/colecovision/skns
[libretro INFO] [FBNeo] No romset found at /media/sdcard0/Emu/ARCADE/../../Roms/ARCADE/gamegear/skns
[libretro INFO] [FBNeo] No romset found at /media/sdcard0/Emu/ARCADE/../../Roms/ARCADE/megadriv/skns
[libretro INFO] [FBNeo] No romset found at /media/sdcard0/Emu/ARCADE/../../Roms/ARCADE/megadrive/skns
[libretro INFO] [FBNeo] No romset found at /media/sdcard0/Emu/ARCADE/../../Roms/ARCADE/genesis/skns
[libretro INFO] [FBNeo] No romset found at /media/sdcard0/Emu/ARCADE/../../Roms/ARCADE/msx/skns
[libretro INFO] [FBNeo] No romset found at /media/sdcard0/Emu/ARCADE/../../Roms/ARCADE/msx1/skns
[libretro INFO] [FBNeo] No romset found at /media/sdcard0/Emu/ARCADE/../../Roms/ARCADE/pce/skns
[libretro INFO] [FBNeo] No romset found at /media/sdcard0/Emu/ARCADE/../../Roms/ARCADE/pcengine/skns
[libretro INFO] [FBNeo] No romset found at /media/sdcard0/Emu/ARCADE/../../Roms/ARCADE/sg1000/skns
[libretro INFO] [FBNeo] No romset found at /media/sdcard0/Emu/ARCADE/../../Roms/ARCADE/sgx/skns
[libretro INFO] [FBNeo] No romset found at /media/sdcard0/Emu/ARCADE/../../Roms/ARCADE/supergrafx/skns
[libretro INFO] [FBNeo] No romset found at /media/sdcard0/Emu/ARCADE/../../Roms/ARCADE/sms/skns
[libretro INFO] [FBNeo] No romset found at /media/sdcard0/Emu/ARCADE/../../Roms/ARCADE/mastersystem/skns
[libretro INFO] [FBNeo] No romset found at /media/sdcard0/Emu/ARCADE/../../Roms/ARCADE/snes/skns
[libretro INFO] [FBNeo] No romset found at /media/sdcard0/Emu/ARCADE/../../Roms/ARCADE/spectrum/skns
[libretro INFO] [FBNeo] No romset found at /media/sdcard0/Emu/ARCADE/../../Roms/ARCADE/zxspectrum/skns
[libretro INFO] [FBNeo] No romset found at /media/sdcard0/Emu/ARCADE/../../Roms/ARCADE/tg16/skns
[libretro INFO] [FBNeo] No romset found at /media/sdcard0/Emu/ARCADE/../../Roms/ARCADE/nes/skns
[libretro INFO] [FBNeo] No romset found at /media/sdcard0/Emu/ARCADE/../../Roms/ARCADE/fds/skns
[libretro INFO] [FBNeo] No romset found at /media/sdcard0/Emu/ARCADE/../../Roms/ARCADE/ngp/skns
[libretro INFO] [FBNeo] No romset found at /media/sdcard0/Emu/ARCADE/../../Roms/ARCADE/chf/skns
[libretro INFO] [FBNeo] No romset found at /media/sdcard0/Emu/ARCADE/../../Roms/ARCADE/channelf/skns
[libretro INFO] [FBNeo] Romset found at /media/sdcard0/Emu/ARCADE/../../RetroArch/.config/retroarch/system/fbneo/skns
[libretro INFO] [FBNeo] No romset found at /media/sdcard0/Emu/ARCADE/../../RetroArch/.config/retroarch/system/fbneo/arc/skns
[libretro INFO] [FBNeo] No romset found at /media/sdcard0/Emu/ARCADE/../../RetroArch/.config/retroarch/system/fbneo/arcade/skns
[libretro INFO] [FBNeo] No romset found at /media/sdcard0/Emu/ARCADE/../../RetroArch/.config/retroarch/system/fbneo/romdata/skns
[libretro INFO] [FBNeo] No romset found at /media/sdcard0/Emu/ARCADE/../../RetroArch/.config/retroarch/system/fbneo/coleco/skns
[libretro INFO] [FBNeo] No romset found at /media/sdcard0/Emu/ARCADE/../../RetroArch/.config/retroarch/system/fbneo/colecovision/skns
[libretro INFO] [FBNeo] No romset found at /media/sdcard0/Emu/ARCADE/../../RetroArch/.config/retroarch/system/fbneo/gamegear/skns
[libretro INFO] [FBNeo] No romset found at /media/sdcard0/Emu/ARCADE/../../RetroArch/.config/retroarch/system/fbneo/megadriv/skns
[libretro INFO] [FBNeo] No romset found at /media/sdcard0/Emu/ARCADE/../../RetroArch/.config/retroarch/system/fbneo/megadrive/skns
[libretro INFO] [FBNeo] No romset found at /media/sdcard0/Emu/ARCADE/../../RetroArch/.config/retroarch/system/fbneo/genesis/skns
[libretro INFO] [FBNeo] No romset found at /media/sdcard0/Emu/ARCADE/../../RetroArch/.config/retroarch/system/fbneo/msx/skns
[libretro INFO] [FBNeo] No romset found at /media/sdcard0/Emu/ARCADE/../../RetroArch/.config/retroarch/system/fbneo/msx1/skns
[libretro INFO] [FBNeo] No romset found at /media/sdcard0/Emu/ARCADE/../../RetroArch/.config/retroarch/system/fbneo/pce/skns
[libretro INFO] [FBNeo] No romset found at /media/sdcard0/Emu/ARCADE/../../RetroArch/.config/retroarch/system/fbneo/pcengine/skns
[libretro INFO] [FBNeo] No romset found at /media/sdcard0/Emu/ARCADE/../../RetroArch/.config/retroarch/system/fbneo/sg1000/skns
[libretro INFO] [FBNeo] No romset found at /media/sdcard0/Emu/ARCADE/../../RetroArch/.config/retroarch/system/fbneo/sgx/skns
[libretro INFO] [FBNeo] No romset found at /media/sdcard0/Emu/ARCADE/../../RetroArch/.config/retroarch/system/fbneo/supergrafx/skns
[libretro INFO] [FBNeo] No romset found at /media/sdcard0/Emu/ARCADE/../../RetroArch/.config/retroarch/system/fbneo/sms/skns
[libretro INFO] [FBNeo] No romset found at /media/sdcard0/Emu/ARCADE/../../RetroArch/.config/retroarch/system/fbneo/mastersystem/skns
[libretro INFO] [FBNeo] No romset found at /media/sdcard0/Emu/ARCADE/../../RetroArch/.config/retroarch/system/fbneo/snes/skns
[libretro INFO] [FBNeo] No romset found at /media/sdcard0/Emu/ARCADE/../../RetroArch/.config/retroarch/system/fbneo/spectrum/skns
[libretro INFO] [FBNeo] No romset found at /media/sdcard0/Emu/ARCADE/../../RetroArch/.config/retroarch/system/fbneo/zxspectrum/skns
[libretro INFO] [FBNeo] No romset found at /media/sdcard0/Emu/ARCADE/../../RetroArch/.config/retroarch/system/fbneo/tg16/skns
[libretro INFO] [FBNeo] No romset found at /media/sdcard0/Emu/ARCADE/../../RetroArch/.config/retroarch/system/fbneo/nes/skns
[libretro INFO] [FBNeo] No romset found at /media/sdcard0/Emu/ARCADE/../../RetroArch/.config/retroarch/system/fbneo/fds/skns
[libretro INFO] [FBNeo] No romset found at /media/sdcard0/Emu/ARCADE/../../RetroArch/.config/retroarch/system/fbneo/ngp/skns
[libretro INFO] [FBNeo] No romset found at /media/sdcard0/Emu/ARCADE/../../RetroArch/.config/retroarch/system/fbneo/chf/skns
[libretro INFO] [FBNeo] No romset found at /media/sdcard0/Emu/ARCADE/../../RetroArch/.config/retroarch/system/fbneo/channelf/skns
[libretro INFO] [FBNeo] Romset found at /media/sdcard0/Emu/ARCADE/../../RetroArch/.config/retroarch/system/skns
[libretro INFO] [FBNeo] Using ROM with known crc 0x1df61f01 and name gp410000.u24 from archive /media/sdcard0/Emu/ARCADE/../../Roms/ARCADE/galpani4
[libretro INFO] [FBNeo] Using ROM with known crc 0x8e2c9349 and name gp410100.u20 from archive /media/sdcard0/Emu/ARCADE/../../Roms/ARCADE/galpani4
[libretro INFO] [FBNeo] Using ROM with known crc 0xf0781376 and name gp420000.u16 from archive /media/sdcard0/Emu/ARCADE/../../Roms/ARCADE/galpani4
[libretro INFO] [FBNeo] Using ROM with known crc 0x10c4b183 and name gp420100.u18 from archive /media/sdcard0/Emu/ARCADE/../../Roms/ARCADE/galpani4
[libretro INFO] [FBNeo] Using ROM with known crc 0x8374663a and name gp430000.u4 from archive /media/sdcard0/Emu/ARCADE/../../Roms/ARCADE/galpani4
[libretro INFO] [FBNeo] Using ROM with known crc 0x7e2b836c and name sknsj1.u10 from archive /media/sdcard0/Emu/ARCADE/../../RetroArch/.config/retroarch/system/fbneo/skns
[libretro INFO] [FBNeo] Using ROM with known crc 0xe2b9d7d1 and name sknse1.u10 from archive /media/sdcard0/Emu/ARCADE/../../RetroArch/.config/retroarch/system/fbneo/skns
[libretro INFO] [FBNeo] Using ROM with known crc 0x745e5212 and name sknsa1.u10 from archive /media/sdcard0/Emu/ARCADE/../../RetroArch/.config/retroarch/system/fbneo/skns
[libretro INFO] [FBNeo] Using ROM with known crc 0x384d21ec and name sknsu1.u10 from archive /media/sdcard0/Emu/ARCADE/../../RetroArch/.config/retroarch/system/fbneo/skns
[libretro INFO] [FBNeo] Using ROM with known crc 0xff1c9f79 and name sknsk1.u10 from archive /media/sdcard0/Emu/ARCADE/../../RetroArch/.config/retroarch/system/fbneo/skns
[libretro ERROR] [FBNeo] ROM at index 0 with name gp4-000-e0.u10 and CRC 0x7464cc28 is required
[libretro ERROR] [FBNeo] ROM at index 1 with name gp4-001-e0.u8 and CRC 0x8d162069 is required
[libretro ERROR] [FBNeo] ROM at index 7 with name gp4-301-00.u7 and CRC 0x53e9f8fb is required
[INFO] [Environ]: SET_PIXEL_FORMAT: XRGB8888.
[INFO] [SRAM]: Omitiendo carga de SRAM.
[INFO] [Core]: Versión de la API libretro: 1, API usada en la compilación: 1
[libretro INFO] [FBNeo] Timing set to 60.000000 Hz
[INFO] [Core]: Geometry: 640x480, Aspect: 1.333, FPS: 60.00, Sample rate: 48000.00 Hz.
[INFO] [Video]: Set video size to: fullscreen.
[INFO] [Video]: Starting threaded video driver..
[WARN] [DRM]: Couldn't get device resources.
[WARN] [DRM]: Couldn't get device resources.
[INFO] [DRM]: Found 2 connectors.
[INFO] [DRM]: Connector 0 connected: no
[INFO] [DRM]: Connector 0 has 0 modes.
[INFO] [DRM]: Connector 1 connected: yes
[INFO] [DRM]: Connector 1 has 1 modes.
[INFO] [DRM]: Connector 1 assigned to monitor index: #1.
[INFO] [DRM]: Mode 0: (640x480) 640 x 480, 59.976761 Hz
[INFO] [GL]: Found GL context: "kms".
[INFO] [GL]: Detecting screen resolution: 640x480.
[INFO] [EGL] Found EGL_EXT_platform_base, trying eglGetPlatformDisplayEXT
[INFO] [EGL]: EGL version: 1.4
[INFO] [EGL]: Current context: 0x7f980abb30.
[INFO] [KMS]: New FB: 640x480 (stride: 2560).
[INFO] [GL]: Vendor: ARM, Renderer: Mali-G52.
[INFO] [GL]: Version: OpenGL ES 3.2 v1.g2p0-01eac0.02b077cea4dc2127696dc49c93c0fc7a.
[INFO] [GL]: Using ARB_sync to reduce latency.
[INFO] [GL]: Using resolution 640x480.
[INFO] [GL]: Default shader backend found: glsl.
[INFO] [Shaders]: Specific shader preset found at "/media/sdcard0/Emu/ARCADE/../../RetroArch/.config/retroarch/config/FinalBurn Neo/ARCADE.glslp".
[INFO] [Shader driver]: Using GLSL shader backend.
[INFO] [GLSL]: Found GLSL vertex shader.
[INFO] [GLSL]: Found GLSL fragment shader.
[INFO] [GLSL]: Linking GLSL program.
[INFO] [GLSL]: Found GLSL vertex shader.
[INFO] [GLSL]: Found GLSL fragment shader.
[INFO] [GLSL]: Linking GLSL program.
[INFO] [GLSL]: Found GLSL vertex shader.
[INFO] [GLSL]: Found GLSL fragment shader.
[INFO] [GLSL]: Linking GLSL program.
[INFO] [GL]: Using 4 textures.
[INFO] [GL]: Loaded 1 program(s).
[INFO] [Video]: Graphics driver did not initialize an input driver. Attempting to pick a suitable driver.
[WARN] [udev]: Full-screen pointer won't be available.
[INFO] [udev]: Keyboard #0: "adc-keys" (/dev/input/event3).
[INFO] [udev]: Keyboard #1: "rk805 pwrkey" (/dev/input/event2).
[INFO] [udev]: Keyboard #2: "hdmi_cec_key" (/dev/input/event4).
[INFO] [udev]: Keyboard #3: "gpio-keys-polled" (/dev/input/event0).
[INFO] [udev]: Keyboard #4: "hall wake key" (/dev/input/event1).
[WARN] [SDL]: Couldn't open haptic device of the joypad #0: Haptic: There are 0 haptic devices available
[INFO] [SDL]: Falling back to joystick rumble
[INFO] [Joypad]: Found joypad driver: "sdl2".
[INFO] [Video]: Found display server: "kms".
[WARN] [udev]: Mouse grab/ungrab feature unavailable.
[INFO] [Audio]: Set audio input rate to: 48000.00 Hz.
[INFO] [ALSA] Using ALSA version 1.2.7.2
[INFO] [ALSA]: Using FLOAT_LE sample format for PLAYBACK device "default"
[INFO] [ALSA]: Period: 4 periods per buffer (768 frames, 6144 bytes)
[INFO] [ALSA]: Buffer size: 3072 frames (24576 bytes)
[INFO] [ALSA]: Can pause: no.
[INFO] [ALSA]: Initialized PLAYBACK device "default"
[INFO] [Audio]: Started synchronous audio driver.
[INFO] [Display]: Found display driver: "gl".
[INFO] [Environ]: SET_SUBSYSTEM_INFO.
[INFO] [Playlist]: Cargando historial: "/media/sdcard0/RetroArch/.config/retroarch/content_history.lpl".
[INFO] [Playlist]: Cargando historial: "/media/sdcard0/RetroArch/.config/retroarch/content_music_history.lpl".
[INFO] [Playlist]: Cargando historial: "/media/sdcard0/RetroArch/.config/retroarch/content_image_history.lpl".
[INFO] [Playlist]: Cargando favoritos: "/media/sdcard0/RetroArch/.config/retroarch/content_favorites.lpl".
[INFO] [Playlist]: Written to playlist file: "/media/sdcard0/RetroArch/.config/retroarch/content_history.lpl".
[WARN] [SDL]: Couldn't open haptic device of the joypad #0: Haptic: There are 0 haptic devices available
[INFO] [SDL]: Falling back to joystick rumble
[INFO] [KMS]: New FB: 640x480 (stride: 2560).
[INFO] [KMS]: New FB: 640x480 (stride: 2560).
[INFO] [Core]: Content ran for a total of: 00 hours, 00 minutes, 00 seconds.
[INFO] [Config]: Loading config: "/media/sdcard0/Emu/ARCADE/../../RetroArch/.config/retroarch/retroarch.cfg".
[INFO] [Overrides]: Configuration overrides unloaded, original configuration restored.
[INFO] [Core]: No hay contenido, iniciando núcleo vacío.
[INFO] [Core]: Content ran for a total of: 00 hours, 00 minutes, 00 seconds.
[INFO] [Core]: Unloading game..
[INFO] [Core]: Unloading core..
[INFO] [Core]: Unloading core symbols..
[INFO] [Core]: Saved game-specific core options to "/media/sdcard0/Emu/ARCADE/../../RetroArch/.config/retroarch/config/FinalBurn Neo/galpani4.opt".
[INFO] [Autoconf]: Se ha desconectado Xbox 360 Controller del puerto 1.
[INFO] Threaded video stats: Frames pushed: 148, Frames dropped: 7.
[INFO] RetroArch 1.20.0 (Git b797f2d8cc)
[INFO] === Build =======================================
[INFO] Funcionalidades: ASIMD 
[INFO] Version: 1.20.0
[INFO] Git: b797f2d8cc
[INFO] Built: Jan 16 2025
[INFO] =================================================
[INFO] [Input]: Found input driver: "udev".
[INFO] [Environ]: SET_PIXEL_FORMAT: RGB565.
[INFO] [Core]: Versión de la API libretro: 1, API usada en la compilación: 1
[INFO] [Core]: Geometry: 320x240, Aspect: 1.333, FPS: 60.00, Sample rate: 48000.00 Hz.
[INFO] [Video]: Set video size to: fullscreen.
[INFO] [Video]: Starting threaded video driver..
[WARN] [DRM]: Couldn't get device resources.
[WARN] [DRM]: Couldn't get device resources.
[INFO] [DRM]: Found 2 connectors.
[INFO] [DRM]: Connector 0 connected: no
[INFO] [DRM]: Connector 0 has 0 modes.
[INFO] [DRM]: Connector 1 connected: yes
[INFO] [DRM]: Connector 1 has 1 modes.
[INFO] [DRM]: Connector 1 assigned to monitor index: #1.
[INFO] [DRM]: Mode 0: (640x480) 640 x 480, 59.976761 Hz
[INFO] [GL]: Found GL context: "kms".
[INFO] [GL]: Detecting screen resolution: 640x480.
[INFO] [EGL] Found EGL_EXT_platform_base, trying eglGetPlatformDisplayEXT
[INFO] [EGL]: EGL version: 1.4
[INFO] [EGL]: Current context: 0x7f800a3560.
[INFO] [KMS]: New FB: 640x480 (stride: 2560).
[INFO] [GL]: Vendor: ARM, Renderer: Mali-G52.
[INFO] [GL]: Version: OpenGL ES 3.2 v1.g2p0-01eac0.02b077cea4dc2127696dc49c93c0fc7a.
[INFO] [GL]: Using ARB_sync to reduce latency.
[INFO] [GL]: Using resolution 640x480.
[INFO] [GL]: Default shader backend found: glsl.
[INFO] [Shader driver]: Using GLSL shader backend.
[WARN] [GL]: Stock GLSL shaders will be used.
[INFO] [GLSL]: Found GLSL vertex shader.
[INFO] [GLSL]: Found GLSL fragment shader.
[INFO] [GLSL]: Linking GLSL program.
[INFO] [GLSL]: Found GLSL vertex shader.
[INFO] [GLSL]: Found GLSL fragment shader.
[INFO] [GLSL]: Linking GLSL program.
[INFO] [GLSL]: Found GLSL vertex shader.
[INFO] [GLSL]: Found GLSL fragment shader.
[INFO] [GLSL]: Linking GLSL program.
[INFO] [GL]: Using 4 textures.
[INFO] [GL]: Loaded 1 program(s).
[INFO] [Video]: Graphics driver did not initialize an input driver. Attempting to pick a suitable driver.
[WARN] [udev]: Full-screen pointer won't be available.
[INFO] [udev]: Keyboard #0: "adc-keys" (/dev/input/event3).
[INFO] [udev]: Keyboard #1: "rk805 pwrkey" (/dev/input/event2).
[INFO] [udev]: Keyboard #2: "hdmi_cec_key" (/dev/input/event4).
[INFO] [udev]: Keyboard #3: "gpio-keys-polled" (/dev/input/event0).
[INFO] [udev]: Keyboard #4: "hall wake key" (/dev/input/event1).
[WARN] [SDL]: Couldn't open haptic device of the joypad #0: Haptic: There are 0 haptic devices available
[INFO] [SDL]: Falling back to joystick rumble
[INFO] [Joypad]: Found joypad driver: "sdl2".
[INFO] [Video]: Found display server: "kms".
[WARN] [udev]: Mouse grab/ungrab feature unavailable.
[INFO] [Audio]: Set audio input rate to: 48000.00 Hz.
[INFO] [ALSA] Using ALSA version 1.2.7.2
[INFO] [ALSA]: Using FLOAT_LE sample format for PLAYBACK device "default"
[INFO] [ALSA]: Period: 4 periods per buffer (768 frames, 6144 bytes)
[INFO] [ALSA]: Buffer size: 3072 frames (24576 bytes)
[INFO] [ALSA]: Can pause: no.
[INFO] [ALSA]: Initialized PLAYBACK device "default"
[INFO] [Audio]: Started synchronous audio driver.
[INFO] [Display]: Found display driver: "gl".
[INFO] [Environ]: SET_SUBSYSTEM_INFO.
[INFO] [Playlist]: Cargando historial: "/media/sdcard0/RetroArch/.config/retroarch/content_history.lpl".
[INFO] [Playlist]: Cargando historial: "/media/sdcard0/RetroArch/.config/retroarch/content_music_history.lpl".
[INFO] [Playlist]: Cargando historial: "/media/sdcard0/RetroArch/.config/retroarch/content_image_history.lpl".
[INFO] [Playlist]: Cargando favoritos: "/media/sdcard0/RetroArch/.config/retroarch/content_favorites.lpl".
[INFO] [KMS]: New FB: 640x480 (stride: 2560).
[INFO] [KMS]: New FB: 640x480 (stride: 2560).
[INFO] [Playlist]: Written to playlist file: "/media/sdcard0/RetroArch/.config/retroarch/content_history.lpl".
[INFO] [Core]: Using content: "/mnt/sdcard/Roms/ARCADE/galpani4.zip".
[INFO] [Core]: Content ran for a total of: 00 hours, 00 minutes, 00 seconds.
[INFO] [Core]: Unloading core..
[INFO] [Core]: Unloading core symbols..
[INFO] [Autoconf]: Se ha desconectado Xbox 360 Controller del puerto 1.
[INFO] Threaded video stats: Frames pushed: 468, Frames dropped: 0.
[INFO] RetroArch 1.20.0 (Git b797f2d8cc)
[INFO] === Build =======================================
[INFO] Funcionalidades: ASIMD 
[INFO] Version: 1.20.0
[INFO] Git: b797f2d8cc
[INFO] Built: Jan 16 2025
[INFO] =================================================
[INFO] [Input]: Found input driver: "udev".
[INFO] [Core]: Loading dynamic libretro core from: "/media/sdcard0/Emu/ARCADE/../../RetroArch/.config/retroarch/cores/mame2015_libretro.so"
[INFO] [Overrides]: Redirigiendo archivo de guardado a "/mnt/SDCARD/Savefiles/MAME 2015/galpani4.srm".
[INFO] [Overrides]: Redirigiendo guardado rápido a "/mnt/SDCARD/Savestates/MAME 2015/galpani4.state".
[INFO] [Environ]: SET_VARIABLES.
[INFO] [Environ]: GET_LOG_INTERFACE.
[INFO] [Environ]: SYSTEM_DIRECTORY: "/media/sdcard0/Emu/ARCADE/../../RetroArch/.config/retroarch/system".
[libretro INFO] SYSTEM_DIRECTORY: /media/sdcard0/Emu/ARCADE/../../RetroArch/.config/retroarch/system[INFO] [Environ]: CORE_ASSETS_DIRECTORY: "/media/sdcard0/Emu/ARCADE/../../RetroArch/.config/retroarch/downloads".
[libretro INFO] CONTENT_DIRECTORY: /media/sdcard0/Emu/ARCADE/../../RetroArch/.config/retroarch/downloads[INFO] [Environ]: SAVE_DIRECTORY: "/mnt/SDCARD/Savefiles/MAME 2015".
[libretro INFO] SAVE_DIRECTORY: /mnt/SDCARD/Savefiles/MAME 2015[INFO] [Content]: Carga de contenido omitida. La implementación lo cargará por su cuenta.
[INFO] [Environ]: SET_PIXEL_FORMAT: RGB565.
[ERROR] [Environ]: GET_VARIABLE: mame2015_nobuffer - Invalid value.
[ERROR] [Environ]: GET_VARIABLE: mame2015_saves - Invalid value.
[INFO] [SRAM]: Omitiendo carga de SRAM.
[INFO] [Core]: Versión de la API libretro: 1, API usada en la compilación: 1
[ERROR] [Environ]: GET_VARIABLE: mame2015_nobuffer - Invalid value.
[ERROR] [Environ]: GET_VARIABLE: mame2015_saves - Invalid value.
[libretro INFO] AV_INFO: width=320 height=240
[libretro INFO] AV_INFO: max_width=1600 max_height=1200
[libretro INFO] AV_INFO: aspect_ratio = 0.000000
[libretro INFO] AV_INFO: fps = 60.000000 sample_rate = 48000.000000
[INFO] [Core]: Geometry: 320x240, Aspect: 0.000, FPS: 60.00, Sample rate: 48000.00 Hz.
[INFO] [Video]: Set video size to: fullscreen.
[INFO] [Video]: Starting threaded video driver..
[WARN] [DRM]: Couldn't get device resources.
[WARN] [DRM]: Couldn't get device resources.
[INFO] [DRM]: Found 2 connectors.
[INFO] [DRM]: Connector 0 connected: no
[INFO] [DRM]: Connector 0 has 0 modes.
[INFO] [DRM]: Connector 1 connected: yes
[INFO] [DRM]: Connector 1 has 1 modes.
[INFO] [DRM]: Connector 1 assigned to monitor index: #1.
[INFO] [DRM]: Mode 0: (640x480) 640 x 480, 59.976761 Hz
[INFO] [GL]: Found GL context: "kms".
[INFO] [GL]: Detecting screen resolution: 640x480.
[INFO] [EGL] Found EGL_EXT_platform_base, trying eglGetPlatformDisplayEXT
[INFO] [EGL]: EGL version: 1.4
[INFO] [EGL]: Current context: 0x7f9a410130.
[INFO] [KMS]: New FB: 640x480 (stride: 2560).
[INFO] [GL]: Vendor: ARM, Renderer: Mali-G52.
[INFO] [GL]: Version: OpenGL ES 3.2 v1.g2p0-01eac0.02b077cea4dc2127696dc49c93c0fc7a.
[INFO] [GL]: Using ARB_sync to reduce latency.
[INFO] [GL]: Using resolution 640x480.
[INFO] [GL]: Default shader backend found: glsl.
[INFO] [Shader driver]: Using GLSL shader backend.
[WARN] [GL]: Stock GLSL shaders will be used.
[INFO] [GLSL]: Found GLSL vertex shader.
[INFO] [GLSL]: Found GLSL fragment shader.
[INFO] [GLSL]: Linking GLSL program.
[INFO] [GLSL]: Found GLSL vertex shader.
[INFO] [GLSL]: Found GLSL fragment shader.
[INFO] [GLSL]: Linking GLSL program.
[INFO] [GLSL]: Found GLSL vertex shader.
[INFO] [GLSL]: Found GLSL fragment shader.
[INFO] [GLSL]: Linking GLSL program.
[INFO] [GL]: Using 4 textures.
[INFO] [GL]: Loaded 1 program(s).
[INFO] [Video]: Graphics driver did not initialize an input driver. Attempting to pick a suitable driver.
[WARN] [udev]: Full-screen pointer won't be available.
[INFO] [udev]: Keyboard #0: "adc-keys" (/dev/input/event3).
[INFO] [udev]: Keyboard #1: "rk805 pwrkey" (/dev/input/event2).
[INFO] [udev]: Keyboard #2: "hdmi_cec_key" (/dev/input/event4).
[INFO] [udev]: Keyboard #3: "gpio-keys-polled" (/dev/input/event0).
[INFO] [udev]: Keyboard #4: "hall wake key" (/dev/input/event1).
[WARN] [SDL]: Couldn't open haptic device of the joypad #0: Haptic: There are 0 haptic devices available
[INFO] [SDL]: Falling back to joystick rumble
[INFO] [Joypad]: Found joypad driver: "sdl2".
[INFO] [Video]: Found display server: "kms".
[WARN] [udev]: Mouse grab/ungrab feature unavailable.
[INFO] [Audio]: Set audio input rate to: 48000.00 Hz.
[INFO] [ALSA] Using ALSA version 1.2.7.2
[INFO] [ALSA]: Using FLOAT_LE sample format for PLAYBACK device "default"
[INFO] [ALSA]: Period: 4 periods per buffer (768 frames, 6144 bytes)
[INFO] [ALSA]: Buffer size: 3072 frames (24576 bytes)
[INFO] [ALSA]: Can pause: no.
[INFO] [ALSA]: Initialized PLAYBACK device "default"
[INFO] [Audio]: Started synchronous audio driver.
[INFO] [Display]: Found display driver: "gl".
[INFO] [Playlist]: Cargando historial: "/media/sdcard0/RetroArch/.config/retroarch/content_history.lpl".
[INFO] [Playlist]: Cargando historial: "/media/sdcard0/RetroArch/.config/retroarch/content_music_history.lpl".
[INFO] [Playlist]: Cargando historial: "/media/sdcard0/RetroArch/.config/retroarch/content_image_history.lpl".
[INFO] [Playlist]: Cargando favoritos: "/media/sdcard0/RetroArch/.config/retroarch/content_favorites.lpl".
[INFO] [Playlist]: Written to playlist file: "/media/sdcard0/RetroArch/.config/retroarch/content_history.lpl".
[libretro INFO] Starting game:/mnt/sdcard/Roms/ARCADE/galpani4.zip
[libretro INFO] Game name: galpani4, Game description: Gals Panic 4 (Japan)
[libretro INFO] Creating frontend for game: galpani4
[libretro INFO] Softlists: 0
[libretro INFO] Screen orientation: HORIZONTAL
[libretro INFO] OSD initialization complete
