[INFO] RetroArch 1.20.0 (Git b797f2d8cc)
[INFO] === Build =======================================
[INFO] Funcionalidades: ASIMD 
[INFO] Version: 1.20.0
[INFO] Git: b797f2d8cc
[INFO] Built: Jan 16 2025
[INFO] =================================================
[INFO] [Input]: Found input driver: "udev".
[INFO] [Core]: Loading dynamic libretro core from: "/media/sdcard0/Emu/ARCADE/../../RetroArch/.config/retroarch/cores/fbneo_libretro.so"
[INFO] [Overrides]: Content dir-specific overrides found at "/media/sdcard0/Emu/ARCADE/../../RetroArch/.config/retroarch/config/FinalBurn Neo/ARCADE.cfg".
[INFO] [Config]: Loading config: "/media/sdcard0/Emu/ARCADE/../../RetroArch/.config/retroarch/retroarch.cfg".
[INFO] [Config]: Appending override config: "/media/sdcard0/Emu/ARCADE/../../RetroArch/.config/retroarch/config/FinalBurn Neo/ARCADE.cfg".
[INFO] [Overrides]: Redirigiendo archivo de guardado a "/mnt/SDCARD/Savefiles/FinalBurn Neo/heatbrl.srm".
[INFO] [Overrides]: Redirigiendo guardado rápido a "/mnt/SDCARD/Savestates/FinalBurn Neo/heatbrl.state".
[INFO] [Remaps]: Game-specific remap found at "/media/sdcard0/Emu/ARCADE/../../RetroArch/.config/retroarch/config/remaps/FinalBurn Neo/heatbrl.rmp".
[INFO] [Environ]: SET_SERIALIZATION_QUIRKS.
[INFO] [Environ]: GET_LOG_INTERFACE.
[INFO] [Environ]: GET_LANGUAGE: "3".
[INFO] [Environ]: GET_MESSAGE_INTERFACE_VERSION.
[INFO] [Environ]: SET_AUDIO_BUFFER_STATUS_CALLBACK.
[INFO] [Content]: Carga de contenido omitida. La implementación lo cargará por su cuenta.
[INFO] [Environ]: SAVE_DIRECTORY: "/mnt/SDCARD/Savefiles/FinalBurn Neo".
[libretro INFO] Setting save dir to /mnt/SDCARD/Savefiles/FinalBurn Neo
[INFO] [Environ]: SYSTEM_DIRECTORY: "/media/sdcard0/Emu/ARCADE/../../RetroArch/.config/retroarch/system".
[libretro INFO] Setting system dir to /media/sdcard0/Emu/ARCADE/../../RetroArch/.config/retroarch/system
[libretro INFO] DIP switches offset: 33.
[INFO] [Environ]: SET_CONTROLLER_INFO.
[libretro INFO] Initialize DIP switches.
[INFO] [Environ]: GET_CORE_OPTIONS_VERSION.
[INFO] [Environ]: RETRO_ENVIRONMENT_SET_CORE_OPTIONS_V2.
[libretro INFO] [FBNeo] Searching all possible locations for romset heatbrl
[libretro INFO] [FBNeo] No patched romset found at /media/sdcard0/Emu/ARCADE/../../RetroArch/.config/retroarch/system/fbneo/patched/heatbrl
[libretro INFO] [FBNeo] Romset found at /media/sdcard0/Emu/ARCADE/../../Roms/ARCADE/heatbrl
[libretro INFO] [FBNeo] No romset found at /media/sdcard0/Emu/ARCADE/../../Roms/ARCADE/arc/heatbrl
[libretro INFO] [FBNeo] No romset found at /media/sdcard0/Emu/ARCADE/../../Roms/ARCADE/arcade/heatbrl
[libretro INFO] [FBNeo] No romset found at /media/sdcard0/Emu/ARCADE/../../Roms/ARCADE/romdata/heatbrl
[libretro INFO] [FBNeo] No romset found at /media/sdcard0/Emu/ARCADE/../../Roms/ARCADE/coleco/heatbrl
[libretro INFO] [FBNeo] No romset found at /media/sdcard0/Emu/ARCADE/../../Roms/ARCADE/colecovision/heatbrl
[libretro INFO] [FBNeo] No romset found at /media/sdcard0/Emu/ARCADE/../../Roms/ARCADE/gamegear/heatbrl
[libretro INFO] [FBNeo] No romset found at /media/sdcard0/Emu/ARCADE/../../Roms/ARCADE/megadriv/heatbrl
[libretro INFO] [FBNeo] No romset found at /media/sdcard0/Emu/ARCADE/../../Roms/ARCADE/megadrive/heatbrl
[libretro INFO] [FBNeo] No romset found at /media/sdcard0/Emu/ARCADE/../../Roms/ARCADE/genesis/heatbrl
[libretro INFO] [FBNeo] No romset found at /media/sdcard0/Emu/ARCADE/../../Roms/ARCADE/msx/heatbrl
[libretro INFO] [FBNeo] No romset found at /media/sdcard0/Emu/ARCADE/../../Roms/ARCADE/msx1/heatbrl
[libretro INFO] [FBNeo] No romset found at /media/sdcard0/Emu/ARCADE/../../Roms/ARCADE/pce/heatbrl
[libretro INFO] [FBNeo] No romset found at /media/sdcard0/Emu/ARCADE/../../Roms/ARCADE/pcengine/heatbrl
[libretro INFO] [FBNeo] No romset found at /media/sdcard0/Emu/ARCADE/../../Roms/ARCADE/sg1000/heatbrl
[libretro INFO] [FBNeo] No romset found at /media/sdcard0/Emu/ARCADE/../../Roms/ARCADE/sgx/heatbrl
[libretro INFO] [FBNeo] No romset found at /media/sdcard0/Emu/ARCADE/../../Roms/ARCADE/supergrafx/heatbrl
[libretro INFO] [FBNeo] No romset found at /media/sdcard0/Emu/ARCADE/../../Roms/ARCADE/sms/heatbrl
[libretro INFO] [FBNeo] No romset found at /media/sdcard0/Emu/ARCADE/../../Roms/ARCADE/mastersystem/heatbrl
[libretro INFO] [FBNeo] No romset found at /media/sdcard0/Emu/ARCADE/../../Roms/ARCADE/snes/heatbrl
[libretro INFO] [FBNeo] No romset found at /media/sdcard0/Emu/ARCADE/../../Roms/ARCADE/spectrum/heatbrl
[libretro INFO] [FBNeo] No romset found at /media/sdcard0/Emu/ARCADE/../../Roms/ARCADE/zxspectrum/heatbrl
[libretro INFO] [FBNeo] No romset found at /media/sdcard0/Emu/ARCADE/../../Roms/ARCADE/tg16/heatbrl
[libretro INFO] [FBNeo] No romset found at /media/sdcard0/Emu/ARCADE/../../Roms/ARCADE/nes/heatbrl
[libretro INFO] [FBNeo] No romset found at /media/sdcard0/Emu/ARCADE/../../Roms/ARCADE/fds/heatbrl
[libretro INFO] [FBNeo] No romset found at /media/sdcard0/Emu/ARCADE/../../Roms/ARCADE/ngp/heatbrl
[libretro INFO] [FBNeo] No romset found at /media/sdcard0/Emu/ARCADE/../../Roms/ARCADE/chf/heatbrl
[libretro INFO] [FBNeo] No romset found at /media/sdcard0/Emu/ARCADE/../../Roms/ARCADE/channelf/heatbrl
[libretro INFO] [FBNeo] No romset found at /media/sdcard0/Emu/ARCADE/../../RetroArch/.config/retroarch/system/fbneo/heatbrl
[libretro INFO] [FBNeo] No romset found at /media/sdcard0/Emu/ARCADE/../../RetroArch/.config/retroarch/system/fbneo/arc/heatbrl
[libretro INFO] [FBNeo] No romset found at /media/sdcard0/Emu/ARCADE/../../RetroArch/.config/retroarch/system/fbneo/arcade/heatbrl
[libretro INFO] [FBNeo] No romset found at /media/sdcard0/Emu/ARCADE/../../RetroArch/.config/retroarch/system/fbneo/romdata/heatbrl
[libretro INFO] [FBNeo] No romset found at /media/sdcard0/Emu/ARCADE/../../RetroArch/.config/retroarch/system/fbneo/coleco/heatbrl
[libretro INFO] [FBNeo] No romset found at /media/sdcard0/Emu/ARCADE/../../RetroArch/.config/retroarch/system/fbneo/colecovision/heatbrl
[libretro INFO] [FBNeo] No romset found at /media/sdcard0/Emu/ARCADE/../../RetroArch/.config/retroarch/system/fbneo/gamegear/heatbrl
[libretro INFO] [FBNeo] No romset found at /media/sdcard0/Emu/ARCADE/../../RetroArch/.config/retroarch/system/fbneo/megadriv/heatbrl
[libretro INFO] [FBNeo] No romset found at /media/sdcard0/Emu/ARCADE/../../RetroArch/.config/retroarch/system/fbneo/megadrive/heatbrl
[libretro INFO] [FBNeo] No romset found at /media/sdcard0/Emu/ARCADE/../../RetroArch/.config/retroarch/system/fbneo/genesis/heatbrl
[libretro INFO] [FBNeo] No romset found at /media/sdcard0/Emu/ARCADE/../../RetroArch/.config/retroarch/system/fbneo/msx/heatbrl
[libretro INFO] [FBNeo] No romset found at /media/sdcard0/Emu/ARCADE/../../RetroArch/.config/retroarch/system/fbneo/msx1/heatbrl
[libretro INFO] [FBNeo] No romset found at /media/sdcard0/Emu/ARCADE/../../RetroArch/.config/retroarch/system/fbneo/pce/heatbrl
[libretro INFO] [FBNeo] No romset found at /media/sdcard0/Emu/ARCADE/../../RetroArch/.config/retroarch/system/fbneo/pcengine/heatbrl
[libretro INFO] [FBNeo] No romset found at /media/sdcard0/Emu/ARCADE/../../RetroArch/.config/retroarch/system/fbneo/sg1000/heatbrl
[libretro INFO] [FBNeo] No romset found at /media/sdcard0/Emu/ARCADE/../../RetroArch/.config/retroarch/system/fbneo/sgx/heatbrl
[libretro INFO] [FBNeo] No romset found at /media/sdcard0/Emu/ARCADE/../../RetroArch/.config/retroarch/system/fbneo/supergrafx/heatbrl
[libretro INFO] [FBNeo] No romset found at /media/sdcard0/Emu/ARCADE/../../RetroArch/.config/retroarch/system/fbneo/sms/heatbrl
[libretro INFO] [FBNeo] No romset found at /media/sdcard0/Emu/ARCADE/../../RetroArch/.config/retroarch/system/fbneo/mastersystem/heatbrl
[libretro INFO] [FBNeo] No romset found at /media/sdcard0/Emu/ARCADE/../../RetroArch/.config/retroarch/system/fbneo/snes/heatbrl
[libretro INFO] [FBNeo] No romset found at /media/sdcard0/Emu/ARCADE/../../RetroArch/.config/retroarch/system/fbneo/spectrum/heatbrl
[libretro INFO] [FBNeo] No romset found at /media/sdcard0/Emu/ARCADE/../../RetroArch/.config/retroarch/system/fbneo/zxspectrum/heatbrl
[libretro INFO] [FBNeo] No romset found at /media/sdcard0/Emu/ARCADE/../../RetroArch/.config/retroarch/system/fbneo/tg16/heatbrl
[libretro INFO] [FBNeo] No romset found at /media/sdcard0/Emu/ARCADE/../../RetroArch/.config/retroarch/system/fbneo/nes/heatbrl
[libretro INFO] [FBNeo] No romset found at /media/sdcard0/Emu/ARCADE/../../RetroArch/.config/retroarch/system/fbneo/fds/heatbrl
[libretro INFO] [FBNeo] No romset found at /media/sdcard0/Emu/ARCADE/../../RetroArch/.config/retroarch/system/fbneo/ngp/heatbrl
[libretro INFO] [FBNeo] No romset found at /media/sdcard0/Emu/ARCADE/../../RetroArch/.config/retroarch/system/fbneo/chf/heatbrl
[libretro INFO] [FBNeo] No romset found at /media/sdcard0/Emu/ARCADE/../../RetroArch/.config/retroarch/system/fbneo/channelf/heatbrl
[libretro INFO] [FBNeo] No romset found at /media/sdcard0/Emu/ARCADE/../../RetroArch/.config/retroarch/system/heatbrl
[libretro INFO] [FBNeo] Using ROM with known crc 0x6b41fbac and name 1e_ver3.9k from archive /media/sdcard0/Emu/ARCADE/../../Roms/ARCADE/heatbrl
[libretro INFO] [FBNeo] Using ROM with known crc 0xdd21969b and name 2e_ver3.9m from archive /media/sdcard0/Emu/ARCADE/../../Roms/ARCADE/heatbrl
[libretro INFO] [FBNeo] Using ROM with known crc 0x09544a91 and name 3e_ver3.9f from archive /media/sdcard0/Emu/ARCADE/../../Roms/ARCADE/heatbrl
[libretro INFO] [FBNeo] Using ROM with known crc 0xebd34559 and name 4e_ver3.9h from archive /media/sdcard0/Emu/ARCADE/../../Roms/ARCADE/heatbrl
[libretro INFO] [FBNeo] Using ROM with known crc 0x0784dbd8 and name barrel_7.u1110 from archive /media/sdcard0/Emu/ARCADE/../../Roms/ARCADE/heatbrl
[libretro INFO] [FBNeo] Using ROM with known crc 0xbea3c581 and name barrel_6.u077 from archive /media/sdcard0/Emu/ARCADE/../../Roms/ARCADE/heatbrl
[libretro INFO] [FBNeo] Using ROM with known crc 0x5604d155 and name barrel_5.u072 from archive /media/sdcard0/Emu/ARCADE/../../Roms/ARCADE/heatbrl
[libretro INFO] [FBNeo] Using ROM with known crc 0xf7a7c31c and name heated-barrel_obj1.u085 from archive /media/sdcard0/Emu/ARCADE/../../Roms/ARCADE/heatbrl
[libretro INFO] [FBNeo] Using ROM with known crc 0x24236116 and name heated-barrel_obj2.u0814 from archive /media/sdcard0/Emu/ARCADE/../../Roms/ARCADE/heatbrl
[libretro INFO] [FBNeo] Using ROM with known crc 0x2f5d8baa and name heated-barrel_bg-1.u075 from archive /media/sdcard0/Emu/ARCADE/../../Roms/ARCADE/heatbrl
[libretro INFO] [FBNeo] Using ROM with known crc 0x77ee4c6f and name heated-barrel_bg-2.u074 from archive /media/sdcard0/Emu/ARCADE/../../Roms/ARCADE/heatbrl
[libretro INFO] [FBNeo] Using ROM with known crc 0x83850e2d and name heated-barrel_bg-3.u076 from archive /media/sdcard0/Emu/ARCADE/../../Roms/ARCADE/heatbrl
[libretro INFO] [FBNeo] Using ROM with known crc 0x489e5b1d and name barrel_8.u106 from archive /media/sdcard0/Emu/ARCADE/../../Roms/ARCADE/heatbrl
[libretro INFO] [FBNeo] Using ROM with known crc 0x7c52581b and name copx-d2.u0339 from archive /media/sdcard0/Emu/ARCADE/../../Roms/ARCADE/heatbrl
[libretro INFO] [FBNeo] Using ROM with known crc 0x265eccc8 and name heat07.u0910 from archive /media/sdcard0/Emu/ARCADE/../../Roms/ARCADE/heatbrl
[libretro INFO] [FBNeo] No missing files, proceeding
[libretro INFO] [FBNeo] Samplerate set to 48000
[libretro INFO] [FBNeo] Applied dipswitches from core options
[libretro INFO] [FBNeo] Initialized driver for heatbrl
[libretro INFO] [FBNeo] Adjusted audio buffer to match driver's refresh rate (60.000000 Hz)
[libretro INFO] [Cheevos] System RAM set to 0x7f8abea010, size is 152576
[INFO] [Environ]: SET_PIXEL_FORMAT: XRGB8888.
[libretro INFO] [FBNeo] Driver heatbrl was successfully started : game's full name is Heated Barrel (World version 3)
[INFO] [SRAM]: Omitiendo carga de SRAM.
[INFO] [Core]: Versión de la API libretro: 1, API usada en la compilación: 1
[libretro INFO] [FBNeo] Timing set to 60.000000 Hz
[INFO] [Core]: Geometry: 256x256, Aspect: 1.333, FPS: 60.00, Sample rate: 48000.00 Hz.
[INFO] [Video]: Set video size to: fullscreen.
[INFO] [Video]: Starting threaded video driver..
[WARN] [DRM]: Couldn't get device resources.
[WARN] [DRM]: Couldn't get device resources.
[INFO] [DRM]: Found 2 connectors.
[INFO] [DRM]: Connector 0 connected: no
[INFO] [DRM]: Connector 0 has 0 modes.
[INFO] [DRM]: Connector 1 connected: yes
[INFO] [DRM]: Connector 1 has 1 modes.
[INFO] [DRM]: Connector 1 assigned to monitor index: #1.
[INFO] [DRM]: Mode 0: (640x480) 640 x 480, 59.976761 Hz
[INFO] [GL]: Found GL context: "kms".
[INFO] [GL]: Detecting screen resolution: 640x480.
[INFO] [EGL] Found EGL_EXT_platform_base, trying eglGetPlatformDisplayEXT
[INFO] [EGL]: EGL version: 1.4
[INFO] [EGL]: Current context: 0x7f840abb30.
[INFO] [KMS]: New FB: 640x480 (stride: 2560).
[INFO] [GL]: Vendor: ARM, Renderer: Mali-G52.
[INFO] [GL]: Version: OpenGL ES 3.2 v1.g2p0-01eac0.02b077cea4dc2127696dc49c93c0fc7a.
[INFO] [GL]: Using ARB_sync to reduce latency.
[INFO] [GL]: Using resolution 640x480.
[INFO] [GL]: Default shader backend found: glsl.
[INFO] [Shaders]: Specific shader preset found at "/media/sdcard0/Emu/ARCADE/../../RetroArch/.config/retroarch/config/FinalBurn Neo/ARCADE.glslp".
[INFO] [Shader driver]: Using GLSL shader backend.
[INFO] [GLSL]: Found GLSL vertex shader.
[INFO] [GLSL]: Found GLSL fragment shader.
[INFO] [GLSL]: Linking GLSL program.
[INFO] [GLSL]: Found GLSL vertex shader.
[INFO] [GLSL]: Found GLSL fragment shader.
[INFO] [GLSL]: Linking GLSL program.
[INFO] [GLSL]: Found GLSL vertex shader.
[INFO] [GLSL]: Found GLSL fragment shader.
[INFO] [GLSL]: Linking GLSL program.
[INFO] [GL]: Using 4 textures.
[INFO] [GL]: Loaded 1 program(s).
[INFO] [Video]: Graphics driver did not initialize an input driver. Attempting to pick a suitable driver.
[WARN] [udev]: Full-screen pointer won't be available.
[INFO] [udev]: Keyboard #0: "adc-keys" (/dev/input/event3).
[INFO] [udev]: Keyboard #1: "rk805 pwrkey" (/dev/input/event2).
[INFO] [udev]: Keyboard #2: "hdmi_cec_key" (/dev/input/event4).
[INFO] [udev]: Keyboard #3: "gpio-keys-polled" (/dev/input/event0).
[INFO] [udev]: Keyboard #4: "hall wake key" (/dev/input/event1).
[WARN] [SDL]: Couldn't open haptic device of the joypad #0: Haptic: There are 0 haptic devices available
[INFO] [SDL]: Falling back to joystick rumble
[INFO] [Joypad]: Found joypad driver: "sdl2".
[INFO] [Video]: Found display server: "kms".
[WARN] [udev]: Mouse grab/ungrab feature unavailable.
[INFO] [Audio]: Set audio input rate to: 48000.00 Hz.
[INFO] [ALSA] Using ALSA version 1.2.7.2
[INFO] [ALSA]: Using FLOAT_LE sample format for PLAYBACK device "default"
[INFO] [ALSA]: Period: 4 periods per buffer (768 frames, 6144 bytes)
[INFO] [ALSA]: Buffer size: 3072 frames (24576 bytes)
[INFO] [ALSA]: Can pause: no.
[INFO] [ALSA]: Initialized PLAYBACK device "default"
[INFO] [Audio]: Started synchronous audio driver.
[INFO] [Display]: Found display driver: "gl".
[INFO] [Environ]: SET_SUBSYSTEM_INFO.
[libretro INFO] [FBNeo] Unknown device type for port 0, forcing "Classic" instead
[libretro INFO] [FBNeo] Unknown device type for port 1, forcing "Classic" instead
[libretro INFO] [FBNeo] Unknown device type for port 2, forcing "Classic" instead
[libretro INFO] [FBNeo] Unknown device type for port 3, forcing "Classic" instead
[INFO] [Playlist]: Cargando historial: "/media/sdcard0/RetroArch/.config/retroarch/content_history.lpl".
[INFO] [Playlist]: Cargando historial: "/media/sdcard0/RetroArch/.config/retroarch/content_music_history.lpl".
[INFO] [Playlist]: Cargando historial: "/media/sdcard0/RetroArch/.config/retroarch/content_image_history.lpl".
[INFO] [Playlist]: Cargando favoritos: "/media/sdcard0/RetroArch/.config/retroarch/content_favorites.lpl".
[INFO] [Playlist]: Written to playlist file: "/media/sdcard0/RetroArch/.config/retroarch/content_history.lpl".
[INFO] [Environ]: SET_INPUT_DESCRIPTORS:
[WARN] [SDL]: Couldn't open haptic device of the joypad #0: Haptic: There are 0 haptic devices available
[INFO] [SDL]: Falling back to joystick rumble
[INFO] [KMS]: New FB: 640x480 (stride: 2560).
[INFO] [KMS]: New FB: 640x480 (stride: 2560).
[INFO] [Config]: Loading config: "/media/sdcard0/Emu/ARCADE/../../RetroArch/.config/retroarch/retroarch.cfg".
[INFO] [Overrides]: Configuration overrides unloaded, original configuration restored.
[INFO] [Core]: Content ran for a total of: 00 hours, 00 minutes, 08 seconds.
[INFO] [Core]: Unloading game..
[INFO] [Core]: Unloading core..
[INFO] [Core]: Unloading core symbols..
[INFO] [Core]: Saved core options file to "/media/sdcard0/Emu/ARCADE/../../RetroArch/.config/retroarch/config/FinalBurn Neo/FinalBurn Neo.opt".
[INFO] [Autoconf]: Se ha desconectado Xbox 360 Controller del puerto 1.
[INFO] Threaded video stats: Frames pushed: 582, Frames dropped: 2.
