[INFO] RetroArch 1.20.0 (Git b797f2d8cc)
[INFO] === Build =======================================
[INFO] Funcionalidades: ASIMD 
[INFO] Version: 1.20.0
[INFO] Git: b797f2d8cc
[INFO] Built: Jan 16 2025
[INFO] =================================================
[INFO] [Input]: Found input driver: "udev".
[INFO] [Environ]: SET_PIXEL_FORMAT: RGB565.
[INFO] [Core]: Versión de la API libretro: 1, API usada en la compilación: 1
[INFO] [Core]: Geometry: 320x240, Aspect: 1.333, FPS: 60.00, Sample rate: 48000.00 Hz.
[INFO] [Video]: Set video size to: fullscreen.
[INFO] [Video]: Starting threaded video driver..
[WARN] [DRM]: Couldn't get device resources.
[WARN] [DRM]: Couldn't get device resources.
[INFO] [DRM]: Found 2 connectors.
[INFO] [DRM]: Connector 0 connected: no
[INFO] [DRM]: Connector 0 has 0 modes.
[INFO] [DRM]: Connector 1 connected: yes
[INFO] [DRM]: Connector 1 has 1 modes.
[INFO] [DRM]: Connector 1 assigned to monitor index: #1.
[INFO] [DRM]: Mode 0: (640x480) 640 x 480, 59.976761 Hz
[INFO] [GL]: Found GL context: "kms".
[INFO] [GL]: Detecting screen resolution: 640x480.
[INFO] [EGL] Found EGL_EXT_platform_base, trying eglGetPlatformDisplayEXT
[INFO] [EGL]: EGL version: 1.4
[INFO] [EGL]: Current context: 0x7f780abb30.
[INFO] [KMS]: New FB: 640x480 (stride: 2560).
[INFO] [GL]: Vendor: ARM, Renderer: Mali-G52.
[INFO] [GL]: Version: OpenGL ES 3.2 v1.g2p0-01eac0.02b077cea4dc2127696dc49c93c0fc7a.
[INFO] [GL]: Using ARB_sync to reduce latency.
[INFO] [GL]: Using resolution 640x480.
[INFO] [GL]: Default shader backend found: glsl.
[INFO] [Shader driver]: Using GLSL shader backend.
[WARN] [GL]: Stock GLSL shaders will be used.
[INFO] [GLSL]: Found GLSL vertex shader.
[INFO] [GLSL]: Found GLSL fragment shader.
[INFO] [GLSL]: Linking GLSL program.
[INFO] [GLSL]: Found GLSL vertex shader.
[INFO] [GLSL]: Found GLSL fragment shader.
[INFO] [GLSL]: Linking GLSL program.
[INFO] [GLSL]: Found GLSL vertex shader.
[INFO] [GLSL]: Found GLSL fragment shader.
[INFO] [GLSL]: Linking GLSL program.
[INFO] [GL]: Using 4 textures.
[INFO] [GL]: Loaded 1 program(s).
[INFO] [Video]: Graphics driver did not initialize an input driver. Attempting to pick a suitable driver.
[WARN] [udev]: Full-screen pointer won't be available.
[INFO] [udev]: Keyboard #0: "adc-keys" (/dev/input/event3).
[INFO] [udev]: Keyboard #1: "rk805 pwrkey" (/dev/input/event2).
[INFO] [udev]: Keyboard #2: "hdmi_cec_key" (/dev/input/event4).
[INFO] [udev]: Keyboard #3: "gpio-keys-polled" (/dev/input/event0).
[INFO] [udev]: Keyboard #4: "hall wake key" (/dev/input/event1).
[WARN] [SDL]: Couldn't open haptic device of the joypad #0: Haptic: There are 0 haptic devices available
[INFO] [SDL]: Falling back to joystick rumble
[INFO] [Joypad]: Found joypad driver: "sdl2".
[INFO] [Video]: Found display server: "kms".
[WARN] [udev]: Mouse grab/ungrab feature unavailable.
[INFO] [Audio]: Set audio input rate to: 48000.00 Hz.
[INFO] [ALSA] Using ALSA version 1.2.7.2
[INFO] [ALSA]: Using FLOAT_LE sample format for PLAYBACK device "default"
[INFO] [ALSA]: Period: 4 periods per buffer (768 frames, 6144 bytes)
[INFO] [ALSA]: Buffer size: 3072 frames (24576 bytes)
[INFO] [ALSA]: Can pause: no.
[INFO] [ALSA]: Initialized PLAYBACK device "default"
[INFO] [Audio]: Started synchronous audio driver.
[INFO] [Display]: Found display driver: "gl".
[INFO] [Playlist]: Cargando historial: "/mnt/SDCARD/RetroArch/.config/retroarch/content_history.lpl".
[INFO] [Playlist]: Cargando historial: "/mnt/SDCARD/RetroArch/.config/retroarch/content_music_history.lpl".
[INFO] [Playlist]: Cargando historial: "/mnt/SDCARD/RetroArch/.config/retroarch/content_image_history.lpl".
[INFO] [Playlist]: Cargando favoritos: "/mnt/SDCARD/RetroArch/.config/retroarch/content_favorites.lpl".
[WARN] [SDL]: Couldn't open haptic device of the joypad #0: Haptic: There are 0 haptic devices available
[INFO] [SDL]: Falling back to joystick rumble
[INFO] [KMS]: New FB: 640x480 (stride: 2560).
[INFO] [KMS]: New FB: 640x480 (stride: 2560).
[INFO] [Core]: Content ran for a total of: 00 hours, 00 minutes, 00 seconds.
[INFO] [Core]: Content ran for a total of: 00 hours, 00 minutes, 00 seconds.
[INFO] [Core]: Unloading core..
[INFO] [Core]: Unloading core symbols..
[INFO] [Autoconf]: Se ha desconectado Xbox 360 Controller del puerto 1.
[INFO] Threaded video stats: Frames pushed: 2832, Frames dropped: 0.
