[INFO] RetroArch 1.20.0 (Git b797f2d8cc)
[INFO] === Build =======================================
[INFO] Capabilities: ASIMD 
[INFO] Version: 1.20.0
[INFO] Git: b797f2d8cc
[INFO] Built: Jan 16 2025
[INFO] =================================================
[INFO] [Input]: Found input driver: "udev".
[INFO] [Core]: Loading dynamic libretro core from: "/media/sdcard0/Emu/CPS3/../../RetroArch/.config/retroarch/cores/fbalpha2012_cps3_libretro.so"
[INFO] [Overrides]: Redirecting save file to "/mnt/SDCARD/Savefiles/CPS3/jojoj.srm".
[INFO] [Overrides]: Redirecting save state to "/mnt/SDCARD/Savestates/CPS3/jojoj.state".
[INFO] [Environ]: SET_VARIABLES.
[INFO] [Remaps]: Game-specific remap found at "/media/sdcard0/Emu/CPS3/../../RetroArch/.config/retroarch/config/remaps/FB Alpha 2012 CPS-3/jojoj.rmp".
[INFO] [Environ]: GET_LOG_INTERFACE.
[INFO] [Content]: Content loading skipped. Implementation will load it on its own.
[INFO] [Environ]: SAVE_DIRECTORY: "/mnt/SDCARD/Savefiles/CPS3".
[libretro INFO] Setting save dir to /mnt/SDCARD/Savefiles/CPS3
[INFO] [Environ]: SYSTEM_DIRECTORY: "/media/sdcard0/Emu/CPS3/../../RetroArch/.config/retroarch/system".
[libretro INFO] Setting system dir to /media/sdcard0/Emu/CPS3/../../RetroArch/.config/retroarch/system
[INFO] [Environ]: SET_VARIABLES.
[INFO] [Core]: Saved core options file to "/media/sdcard0/Emu/CPS3/../../RetroArch/.config/retroarch/config/FB Alpha 2012 CPS-3/FB Alpha 2012 CPS-3.opt".
[INFO] [Environ]: SET_VARIABLES.
[INFO] [Core]: Saved core options file to "/media/sdcard0/Emu/CPS3/../../RetroArch/.config/retroarch/config/FB Alpha 2012 CPS-3/FB Alpha 2012 CPS-3.opt".
[INFO] [Environ]: SET_INPUT_DESCRIPTORS:
[INFO] [Environ]: SET_VARIABLES.
[INFO] [Core]: Saved core options file to "/media/sdcard0/Emu/CPS3/../../RetroArch/.config/retroarch/config/FB Alpha 2012 CPS-3/FB Alpha 2012 CPS-3.opt".
[INFO] [Environ]: SET_PIXEL_FORMAT: RGB565.
[libretro INFO] Frontend supports RGB565 - will use that instead of XRGB1555.
[INFO] [SRAM]: Skipping SRAM load.
[INFO] [Core]: Version of libretro API: 1, Compiled against API: 1
[INFO] [Core]: Geometry: 384x224, Aspect: 1.333, FPS: 59.59, Sample rate: 48029.54 Hz.
[INFO] [Video]: Set video size to: fullscreen.
[INFO] [Video]: Starting threaded video driver..
[WARN] [DRM]: Couldn't get device resources.
[WARN] [DRM]: Couldn't get device resources.
[INFO] [DRM]: Found 2 connectors.
[INFO] [DRM]: Connector 0 connected: no
[INFO] [DRM]: Connector 0 has 0 modes.
[INFO] [DRM]: Connector 1 connected: yes
[INFO] [DRM]: Connector 1 has 1 modes.
[INFO] [DRM]: Connector 1 assigned to monitor index: #1.
[INFO] [DRM]: Mode 0: (640x480) 640 x 480, 59.976761 Hz
[INFO] [GL]: Found GL context: "kms".
[INFO] [GL]: Detecting screen resolution: 640x480.
[INFO] [EGL] Found EGL_EXT_platform_base, trying eglGetPlatformDisplayEXT
[INFO] [EGL]: EGL version: 1.4
[INFO] [EGL]: Current context: 0x7f940abb30.
[INFO] [KMS]: New FB: 640x480 (stride: 2560).
[INFO] [GL]: Vendor: ARM, Renderer: Mali-G52.
[INFO] [GL]: Version: OpenGL ES 3.2 v1.g2p0-01eac0.02b077cea4dc2127696dc49c93c0fc7a.
[INFO] [GL]: Using ARB_sync to reduce latency.
[INFO] [GL]: Using resolution 640x480.
[INFO] [GL]: Default shader backend found: glsl.
[INFO] [Shader driver]: Using GLSL shader backend.
[WARN] [GL]: Stock GLSL shaders will be used.
[INFO] [GLSL]: Found GLSL vertex shader.
[INFO] [GLSL]: Found GLSL fragment shader.
[INFO] [GLSL]: Linking GLSL program.
[INFO] [GLSL]: Found GLSL vertex shader.
[INFO] [GLSL]: Found GLSL fragment shader.
[INFO] [GLSL]: Linking GLSL program.
[INFO] [GLSL]: Found GLSL vertex shader.
[INFO] [GLSL]: Found GLSL fragment shader.
[INFO] [GLSL]: Linking GLSL program.
[INFO] [GL]: Using 4 textures.
[INFO] [GL]: Loaded 1 program(s).
[INFO] [Video]: Graphics driver did not initialize an input driver. Attempting to pick a suitable driver.
[WARN] [udev]: Full-screen pointer won't be available.
[INFO] [udev]: Keyboard #0: "adc-keys" (/dev/input/event3).
[INFO] [udev]: Keyboard #1: "rk805 pwrkey" (/dev/input/event2).
[INFO] [udev]: Keyboard #2: "hdmi_cec_key" (/dev/input/event4).
[INFO] [udev]: Keyboard #3: "gpio-keys-polled" (/dev/input/event0).
[INFO] [udev]: Keyboard #4: "hall wake key" (/dev/input/event1).
[WARN] [SDL]: Couldn't open haptic device of the joypad #0: Haptic: There are 0 haptic devices available
[INFO] [SDL]: Falling back to joystick rumble
[INFO] [Joypad]: Found joypad driver: "sdl2".
[INFO] [Video]: Found display server: "kms".
[WARN] [udev]: Mouse grab/ungrab feature unavailable.
[INFO] [Audio]: Set audio input rate to: 48360.00 Hz.
[INFO] [ALSA] Using ALSA version 1.2.7.2
[INFO] [ALSA]: Using FLOAT_LE sample format for PLAYBACK device "default"
[INFO] [ALSA]: Period: 4 periods per buffer (768 frames, 6144 bytes)
[INFO] [ALSA]: Buffer size: 3072 frames (24576 bytes)
[INFO] [ALSA]: Can pause: no.
[INFO] [ALSA]: Initialized PLAYBACK device "default"
[INFO] [Audio]: Started synchronous audio driver.
[INFO] [Display]: Found display driver: "gl".
[INFO] [Playlist]: Loading history file: "/media/sdcard0/RetroArch/.config/retroarch/content_history.lpl".
[INFO] [Playlist]: Loading history file: "/media/sdcard0/RetroArch/.config/retroarch/content_music_history.lpl".
[INFO] [Playlist]: Loading history file: "/media/sdcard0/RetroArch/.config/retroarch/content_image_history.lpl".
[INFO] [Playlist]: Loading favorites file: "/media/sdcard0/RetroArch/.config/retroarch/content_favorites.lpl".
[INFO] [Playlist]: Written to playlist file: "/media/sdcard0/RetroArch/.config/retroarch/content_history.lpl".
[WARN] [SDL]: Couldn't open haptic device of the joypad #0: Haptic: There are 0 haptic devices available
[INFO] [SDL]: Falling back to joystick rumble
[INFO] [KMS]: New FB: 640x480 (stride: 2560).
[INFO] [KMS]: New FB: 640x480 (stride: 2560).
[ERROR] [GL]: none shader not supported, falling back to stock GLSL
[INFO] [Shader driver]: Using GLSL shader backend.
[WARN] [GL]: Stock GLSL shaders will be used.
[INFO] [GLSL]: Found GLSL vertex shader.
[INFO] [GLSL]: Found GLSL fragment shader.
[INFO] [GLSL]: Linking GLSL program.
[INFO] [GLSL]: Found GLSL vertex shader.
[INFO] [GLSL]: Found GLSL fragment shader.
[INFO] [GLSL]: Linking GLSL program.
[INFO] [GLSL]: Found GLSL vertex shader.
[INFO] [GLSL]: Found GLSL fragment shader.
[INFO] [GLSL]: Linking GLSL program.
[INFO] [Shaders]: Applying shader: "null".
[ERROR] [GL]: none shader not supported, falling back to stock GLSL
[INFO] [Shader driver]: Using GLSL shader backend.
[WARN] [GL]: Stock GLSL shaders will be used.
[INFO] [GLSL]: Found GLSL vertex shader.
[INFO] [GLSL]: Found GLSL fragment shader.
[INFO] [GLSL]: Linking GLSL program.
[INFO] [GLSL]: Found GLSL vertex shader.
[INFO] [GLSL]: Found GLSL fragment shader.
[INFO] [GLSL]: Linking GLSL program.
[INFO] [GLSL]: Found GLSL vertex shader.
[INFO] [GLSL]: Found GLSL fragment shader.
[INFO] [GLSL]: Linking GLSL program.
[INFO] [Shaders]: Applying shader: "null".
[INFO] [Shader driver]: Using GLSL shader backend.
[INFO] [GLSL]: Found GLSL vertex shader.
[INFO] [GLSL]: Found GLSL fragment shader.
[INFO] [GLSL]: Linking GLSL program.
[INFO] [GLSL]: Found GLSL vertex shader.
[INFO] [GLSL]: Found GLSL fragment shader.
[INFO] [GLSL]: Linking GLSL program.
[INFO] [GLSL]: Found GLSL vertex shader.
[INFO] [GLSL]: Found GLSL fragment shader.
[INFO] [GLSL]: Linking GLSL program.
[INFO] [Shaders]: Menu shader set to: "/media/sdcard0/Emu/CPS3/../../RetroArch/.config/retroarch/shaders/00_pixel.glslp".
[INFO] [Shaders]: Applying shader: "/media/sdcard0/Emu/CPS3/../../RetroArch/.config/retroarch/shaders/00_pixel.glslp".
[INFO] [Shaders]: Menu shader set to: "/media/sdcard0/Emu/CPS3/../../RetroArch/.config/retroarch/shaders/00_pixel.glslp".
[INFO] [Shaders]: Saved shader preset to "/media/sdcard0/Emu/CPS3/../../RetroArch/.config/retroarch/config/FB Alpha 2012 CPS-3/CPS3.glslp".
[INFO] [Shader driver]: Using GLSL shader backend.
[INFO] [GLSL]: Found GLSL vertex shader.
[INFO] [GLSL]: Found GLSL fragment shader.
[INFO] [GLSL]: Linking GLSL program.
[INFO] [GLSL]: Found GLSL vertex shader.
[INFO] [GLSL]: Found GLSL fragment shader.
[INFO] [GLSL]: Linking GLSL program.
[INFO] [GLSL]: Found GLSL vertex shader.
[INFO] [GLSL]: Found GLSL fragment shader.
[INFO] [GLSL]: Linking GLSL program.
[INFO] [Shaders]: Menu shader set to: "/media/sdcard0/Emu/CPS3/../../RetroArch/.config/retroarch/config/FB Alpha 2012 CPS-3/CPS3.glslp".
[INFO] [Shaders]: Applying shader: "/media/sdcard0/Emu/CPS3/../../RetroArch/.config/retroarch/config/FB Alpha 2012 CPS-3/CPS3.glslp".
[INFO] [Playlist]: Written to playlist file: "/media/sdcard0/RetroArch/.config/retroarch/content_favorites.lpl".
[INFO] [Config]: Loading config: "/media/sdcard0/Emu/CPS3/../../RetroArch/.config/retroarch/retroarch.cfg".
[INFO] [Overrides]: Saved: "/media/sdcard0/Emu/CPS3/../../RetroArch/.config/retroarch/config/FB Alpha 2012 CPS-3/CPS3.cfg".
[INFO] [Overrides]: Overrides saved successfully.
[INFO] [Config]: Loading config: "/media/sdcard0/Emu/CPS3/../../RetroArch/.config/retroarch/retroarch.cfg".
[INFO] [Overrides]: Configuration overrides unloaded, original configuration restored.
[INFO] [Core]: Content ran for a total of: 00 hours, 00 minutes, 03 seconds.
[INFO] [Core]: Unloading game..
[INFO] [Core]: Unloading core..
[INFO] [Core]: Unloading core symbols..
[INFO] [Core]: Saved core options file to "/media/sdcard0/Emu/CPS3/../../RetroArch/.config/retroarch/config/FB Alpha 2012 CPS-3/FB Alpha 2012 CPS-3.opt".
[INFO] [Autoconf]: Xbox 360 Controller disconnected from port 1.
[INFO] Threaded video stats: Frames pushed: 1853, Frames dropped: 2.
