[INFO] RetroArch 1.20.0 (Git b797f2d8cc)
[INFO] === Build =======================================
[INFO] Funcionalidades: ASIMD 
[INFO] Version: 1.20.0
[INFO] Git: b797f2d8cc
[INFO] Built: Jan 16 2025
[INFO] =================================================
[INFO] [Input]: Found input driver: "udev".
[INFO] [Core]: Loading dynamic libretro core from: "/media/sdcard0/Emu/DOS/../../RetroArch/.config/retroarch/cores/dosbox_pure_libretro.so"
[INFO] [Overrides]: Content dir-specific overrides found at "/media/sdcard0/Emu/DOS/../../RetroArch/.config/retroarch/config/DOSBox-pure/DOS.cfg".
[INFO] [Config]: Loading config: "/media/sdcard0/Emu/DOS/../../RetroArch/.config/retroarch/retroarch.cfg".
[INFO] [Config]: Appending override config: "/media/sdcard0/Emu/DOS/../../RetroArch/.config/retroarch/config/DOSBox-pure/DOS.cfg".
[INFO] [Overrides]: Redirigiendo archivo de guardado a "/mnt/SDCARD/Savefiles/DOSBox-pure/Hollywood Monsters.srm".
[INFO] [Overrides]: Redirigiendo guardado rápido a "/mnt/SDCARD/Savestates/DOSBox-pure/Hollywood Monsters.state".
[INFO] [Environ]: SET_SUPPORT_NO_GAME: yes.
[INFO] [Remaps]: Core-specific remap found at "/media/sdcard0/Emu/DOS/../../RetroArch/.config/retroarch/config/remaps/DOSBox-pure/DOSBox-pure.rmp".
[INFO] [Environ]: GET_LOG_INTERFACE.
[INFO] [Environ]: SET_KEYBOARD_CALLBACK.
[INFO] [Environ]: SET_DISK_CONTROL_EXT_INTERFACE.
[INFO] [Environ]: RETRO_ENVIRONMENT_SET_NETPACKET_INTERFACE.
[INFO] [Overrides]: Redirigiendo archivo de guardado a "/mnt/SDCARD/Savefiles/DOSBox-pure/Hollywood Monsters.srm".
[INFO] [Overrides]: Redirigiendo guardado rápido a "/mnt/SDCARD/Savestates/DOSBox-pure/Hollywood Monsters.state".
[INFO] [Environ]: GET_PERF_INTERFACE.
[INFO] [Environ]: SYSTEM_DIRECTORY: "/media/sdcard0/Emu/DOS/../../RetroArch/.config/retroarch/system".
[INFO] [Environ]: GET_VFS_INTERFACE. Core requested version >= V3, providing V3.
[INFO] [Environ]: GET_CORE_OPTIONS_VERSION.
[INFO] [Environ]: RETRO_ENVIRONMENT_SET_CORE_OPTIONS_V2.
[INFO] [Content]: Carga de contenido omitida. La implementación lo cargará por su cuenta.
[INFO] [Environ]: SET_PIXEL_FORMAT: XRGB8888.
[INFO] [Environ]: GET_CORE_OPTIONS_VERSION.
[INFO] [Environ]: SYSTEM_DIRECTORY: "/media/sdcard0/Emu/DOS/../../RetroArch/.config/retroarch/system".
[libretro INFO] [DOSBOX LOG] MIDI: Opened device:tsf
[libretro INFO] [DOSBOX LOG] DOS keyboard layout loaded with main language code SP for layout sp
[INFO] [Environ]: SAVE_DIRECTORY: "/mnt/SDCARD/Savefiles/DOSBox-pure".
[INFO] [Environ]: SET_MEMORY_MAPS.
[INFO] [Environ]: SET_SUPPORT_ACHIEVEMENTS: yes.
[INFO] [Environ]: SET_INPUT_DESCRIPTORS:
[INFO] [Environ]: SET_CONTROLLER_INFO.
[INFO] [SRAM]: Omitiendo carga de SRAM.
[INFO] [Core]: Versión de la API libretro: 1, API usada en la compilación: 1
[libretro INFO] [DOSBOX STATUS] Program: PUREMENU - Cycles: -1 - Frameskip: -1 - Paused: 0
[libretro INFO] [DOSBOX STATUS] Program: DOSBOX - Cycles: -1 - Frameskip: -1 - Paused: 0
[INFO] [Core]: Geometry: 640x400, Aspect: 1.600, FPS: 70.09, Sample rate: 48000.00 Hz.
[INFO] [Video]: Set video size to: fullscreen.
[INFO] [Video]: Starting threaded video driver..
[WARN] [DRM]: Couldn't get device resources.
[WARN] [DRM]: Couldn't get device resources.
[INFO] [DRM]: Found 2 connectors.
[INFO] [DRM]: Connector 0 connected: no
[INFO] [DRM]: Connector 0 has 0 modes.
[INFO] [DRM]: Connector 1 connected: yes
[INFO] [DRM]: Connector 1 has 1 modes.
[INFO] [DRM]: Connector 1 assigned to monitor index: #1.
[INFO] [DRM]: Mode 0: (640x480) 640 x 480, 59.976761 Hz
[INFO] [GL]: Found GL context: "kms".
[INFO] [GL]: Detecting screen resolution: 640x480.
[INFO] [EGL] Found EGL_EXT_platform_base, trying eglGetPlatformDisplayEXT
[INFO] [EGL]: EGL version: 1.4
[INFO] [EGL]: Current context: 0x7f740abb30.
[INFO] [KMS]: New FB: 640x480 (stride: 2560).
[INFO] [GL]: Vendor: ARM, Renderer: Mali-G52.
[INFO] [GL]: Version: OpenGL ES 3.2 v1.g2p0-01eac0.02b077cea4dc2127696dc49c93c0fc7a.
[INFO] [GL]: Using ARB_sync to reduce latency.
[INFO] [GL]: Using resolution 640x480.
[INFO] [GL]: Default shader backend found: glsl.
[INFO] [Shaders]: Specific shader preset found at "/media/sdcard0/Emu/DOS/../../RetroArch/.config/retroarch/config/DOSBox-pure/DOS.glslp".
[INFO] [Shader driver]: Using GLSL shader backend.
[INFO] [GLSL]: Found GLSL vertex shader.
[INFO] [GLSL]: Found GLSL fragment shader.
[INFO] [GLSL]: Linking GLSL program.
[INFO] [GLSL]: Found GLSL vertex shader.
[INFO] [GLSL]: Found GLSL fragment shader.
[INFO] [GLSL]: Linking GLSL program.
[INFO] [GLSL]: Found GLSL vertex shader.
[INFO] [GLSL]: Found GLSL fragment shader.
[INFO] [GLSL]: Linking GLSL program.
[INFO] [GL]: Using 4 textures.
[INFO] [GL]: Loaded 1 program(s).
[INFO] [Video]: Graphics driver did not initialize an input driver. Attempting to pick a suitable driver.
[WARN] [udev]: Full-screen pointer won't be available.
[INFO] [udev]: Keyboard #0: "adc-keys" (/dev/input/event3).
[INFO] [udev]: Keyboard #1: "rk805 pwrkey" (/dev/input/event2).
[INFO] [udev]: Keyboard #2: "hdmi_cec_key" (/dev/input/event4).
[INFO] [udev]: Keyboard #3: "gpio-keys-polled" (/dev/input/event0).
[INFO] [udev]: Keyboard #4: "hall wake key" (/dev/input/event1).
[WARN] [SDL]: Couldn't open haptic device of the joypad #0: Haptic: There are 0 haptic devices available
[INFO] [SDL]: Falling back to joystick rumble
[INFO] [Joypad]: Found joypad driver: "sdl2".
[INFO] [Video]: Found display server: "kms".
[WARN] [udev]: Mouse grab/ungrab feature unavailable.
[INFO] [Audio]: Set audio input rate to: 48000.00 Hz.
[INFO] [Video]: Timings deviate too much. Will not adjust. (Target = 60.00 Hz, Game = 70.09 Hz)
[INFO] [Video]: Game FPS > Monitor FPS. Cannot rely on VSync.
[INFO] [ALSA] Using ALSA version 1.2.7.2
[INFO] [ALSA]: Using FLOAT_LE sample format for PLAYBACK device "default"
[INFO] [ALSA]: Period: 4 periods per buffer (768 frames, 6144 bytes)
[INFO] [ALSA]: Buffer size: 3072 frames (24576 bytes)
[INFO] [ALSA]: Can pause: no.
[INFO] [ALSA]: Initialized PLAYBACK device "default"
[INFO] [Audio]: Started synchronous audio driver.
[INFO] [Display]: Found display driver: "gl".
[INFO] [Environ]: SET_INPUT_DESCRIPTORS:
[INFO] [Environ]: SET_CONTROLLER_INFO.
[INFO] [Playlist]: Cargando historial: "/media/sdcard0/RetroArch/.config/retroarch/content_history.lpl".
[INFO] [Playlist]: Cargando historial: "/media/sdcard0/RetroArch/.config/retroarch/content_music_history.lpl".
[INFO] [Playlist]: Cargando historial: "/media/sdcard0/RetroArch/.config/retroarch/content_image_history.lpl".
[INFO] [Playlist]: Cargando favoritos: "/media/sdcard0/RetroArch/.config/retroarch/content_favorites.lpl".
[INFO] [Playlist]: Written to playlist file: "/media/sdcard0/RetroArch/.config/retroarch/content_history.lpl".
[libretro INFO] [DBP THROTTLE] NONE 0.000000 -> NONE 70.086594
[WARN] [SDL]: Couldn't open haptic device of the joypad #0: Haptic: There are 0 haptic devices available
[INFO] [SDL]: Falling back to joystick rumble
[INFO] [KMS]: New FB: 640x480 (stride: 2560).
[INFO] [KMS]: New FB: 640x480 (stride: 2560).
[INFO] [Environ]: GET_CORE_OPTIONS_VERSION.
[INFO] [Environ]: SYSTEM_DIRECTORY: "/media/sdcard0/Emu/DOS/../../RetroArch/.config/retroarch/system".
[INFO] [Environ]: GET_CORE_OPTIONS_VERSION.
[INFO] [Environ]: SYSTEM_DIRECTORY: "/media/sdcard0/Emu/DOS/../../RetroArch/.config/retroarch/system".
[INFO] [Core]: Reiniciar.
[INFO] [Environ]: GET_CORE_OPTIONS_VERSION.
[INFO] [Environ]: SYSTEM_DIRECTORY: "/media/sdcard0/Emu/DOS/../../RetroArch/.config/retroarch/system".
[libretro INFO] [DOSBOX LOG] MIDI: Opened device:tsf
[libretro INFO] [DOSBOX LOG] DOS keyboard layout loaded with main language code SP for layout sp
[INFO] [Environ]: SAVE_DIRECTORY: "/mnt/SDCARD/Savefiles/DOSBox-pure".
[INFO] [Environ]: SET_MEMORY_MAPS.
[libretro INFO] [DOSBOX STATUS] Program: PUREMENU - Cycles: -1 - Frameskip: -1 - Paused: 0
[libretro INFO] [DOSBOX STATUS] Program: DOSBOX - Cycles: -1 - Frameskip: -1 - Paused: 0
[INFO] [Config]: Loading config: "/media/sdcard0/Emu/DOS/../../RetroArch/.config/retroarch/retroarch.cfg".
[INFO] [Overrides]: Configuration overrides unloaded, original configuration restored.
[INFO] [Core]: Content ran for a total of: 00 hours, 00 minutes, 04 seconds.
[INFO] [Core]: Unloading game..
[INFO] [Core]: Unloading core..
[INFO] [Core]: Unloading core symbols..
[INFO] [Core]: Saved core options file to "/media/sdcard0/Emu/DOS/../../RetroArch/.config/retroarch/config/DOSBox-pure/DOSBox-pure.opt".
[INFO] [Autoconf]: Se ha desconectado Xbox 360 Controller del puerto 1.
[INFO] Threaded video stats: Frames pushed: 2331, Frames dropped: 56.
