[INFO] RetroArch 1.20.0 (Git b797f2d8cc)
[INFO] === Build =======================================
[INFO] Funcionalidades: ASIMD 
[INFO] Version: 1.20.0
[INFO] Git: b797f2d8cc
[INFO] Built: Jan 16 2025
[INFO] =================================================
[INFO] [Input]: Found input driver: "udev".
[INFO] [Core]: Loading dynamic libretro core from: "/media/sdcard0/Emu/CPS1/../../RetroArch/.config/retroarch/cores/fbneo_libretro.so"
[INFO] [Overrides]: Content dir-specific overrides found at "/media/sdcard0/Emu/CPS1/../../RetroArch/.config/retroarch/config/FinalBurn Neo/CPS1.cfg".
[INFO] [Overrides]: Game-specific overrides found at "/media/sdcard0/Emu/CPS1/../../RetroArch/.config/retroarch/config/FinalBurn Neo/forgottn.cfg".
[INFO] [Overrides]: Game-specific overrides stacking on top of previous overrides.
[INFO] [Config]: Loading config: "/media/sdcard0/Emu/CPS1/../../RetroArch/.config/retroarch/retroarch.cfg".
[INFO] [Config]: Appending override config: "/media/sdcard0/Emu/CPS1/../../RetroArch/.config/retroarch/config/FinalBurn Neo/CPS1.cfg".
[INFO] [Config]: Appending override config: "/media/sdcard0/Emu/CPS1/../../RetroArch/.config/retroarch/config/FinalBurn Neo/forgottn.cfg".
[INFO] [Overrides]: Redirigiendo archivo de guardado a "/mnt/SDCARD/Savefiles/FinalBurn Neo/forgottn.srm".
[INFO] [Overrides]: Redirigiendo guardado rápido a "/mnt/SDCARD/Savestates/FinalBurn Neo/forgottn.state".
[INFO] [Environ]: SET_SERIALIZATION_QUIRKS.
[INFO] [Environ]: GET_LOG_INTERFACE.
[INFO] [Environ]: GET_LANGUAGE: "3".
[INFO] [Environ]: GET_MESSAGE_INTERFACE_VERSION.
[INFO] [Environ]: SET_AUDIO_BUFFER_STATUS_CALLBACK.
[INFO] [Content]: Carga de contenido omitida. La implementación lo cargará por su cuenta.
[INFO] [Environ]: SAVE_DIRECTORY: "/mnt/SDCARD/Savefiles/FinalBurn Neo".
[libretro INFO] Setting save dir to /mnt/SDCARD/Savefiles/FinalBurn Neo
[INFO] [Environ]: SYSTEM_DIRECTORY: "/media/sdcard0/Emu/CPS1/../../RetroArch/.config/retroarch/system".
[libretro INFO] Setting system dir to /media/sdcard0/Emu/CPS1/../../RetroArch/.config/retroarch/system
[libretro INFO] DIP switches offset: 30.
[INFO] [Environ]: SET_CONTROLLER_INFO.
[libretro INFO] Initialize DIP switches.
[INFO] [Environ]: GET_CORE_OPTIONS_VERSION.
[INFO] [Environ]: RETRO_ENVIRONMENT_SET_CORE_OPTIONS_V2.
[libretro INFO] [FBNeo] Searching all possible locations for romset forgottn
[libretro INFO] [FBNeo] No patched romset found at /media/sdcard0/Emu/CPS1/../../RetroArch/.config/retroarch/system/fbneo/patched/forgottn
[libretro INFO] [FBNeo] Romset found at /media/sdcard0/Emu/CPS1/../../Roms/CPS1/forgottn
[libretro INFO] [FBNeo] No romset found at /media/sdcard0/Emu/CPS1/../../Roms/CPS1/arc/forgottn
[libretro INFO] [FBNeo] No romset found at /media/sdcard0/Emu/CPS1/../../Roms/CPS1/arcade/forgottn
[libretro INFO] [FBNeo] No romset found at /media/sdcard0/Emu/CPS1/../../Roms/CPS1/romdata/forgottn
[libretro INFO] [FBNeo] No romset found at /media/sdcard0/Emu/CPS1/../../Roms/CPS1/coleco/forgottn
[libretro INFO] [FBNeo] No romset found at /media/sdcard0/Emu/CPS1/../../Roms/CPS1/colecovision/forgottn
[libretro INFO] [FBNeo] No romset found at /media/sdcard0/Emu/CPS1/../../Roms/CPS1/gamegear/forgottn
[libretro INFO] [FBNeo] No romset found at /media/sdcard0/Emu/CPS1/../../Roms/CPS1/megadriv/forgottn
[libretro INFO] [FBNeo] No romset found at /media/sdcard0/Emu/CPS1/../../Roms/CPS1/megadrive/forgottn
[libretro INFO] [FBNeo] No romset found at /media/sdcard0/Emu/CPS1/../../Roms/CPS1/genesis/forgottn
[libretro INFO] [FBNeo] No romset found at /media/sdcard0/Emu/CPS1/../../Roms/CPS1/msx/forgottn
[libretro INFO] [FBNeo] No romset found at /media/sdcard0/Emu/CPS1/../../Roms/CPS1/msx1/forgottn
[libretro INFO] [FBNeo] No romset found at /media/sdcard0/Emu/CPS1/../../Roms/CPS1/pce/forgottn
[libretro INFO] [FBNeo] No romset found at /media/sdcard0/Emu/CPS1/../../Roms/CPS1/pcengine/forgottn
[libretro INFO] [FBNeo] No romset found at /media/sdcard0/Emu/CPS1/../../Roms/CPS1/sg1000/forgottn
[libretro INFO] [FBNeo] No romset found at /media/sdcard0/Emu/CPS1/../../Roms/CPS1/sgx/forgottn
[libretro INFO] [FBNeo] No romset found at /media/sdcard0/Emu/CPS1/../../Roms/CPS1/supergrafx/forgottn
[libretro INFO] [FBNeo] No romset found at /media/sdcard0/Emu/CPS1/../../Roms/CPS1/sms/forgottn
[libretro INFO] [FBNeo] No romset found at /media/sdcard0/Emu/CPS1/../../Roms/CPS1/mastersystem/forgottn
[libretro INFO] [FBNeo] No romset found at /media/sdcard0/Emu/CPS1/../../Roms/CPS1/snes/forgottn
[libretro INFO] [FBNeo] No romset found at /media/sdcard0/Emu/CPS1/../../Roms/CPS1/spectrum/forgottn
[libretro INFO] [FBNeo] No romset found at /media/sdcard0/Emu/CPS1/../../Roms/CPS1/zxspectrum/forgottn
[libretro INFO] [FBNeo] No romset found at /media/sdcard0/Emu/CPS1/../../Roms/CPS1/tg16/forgottn
[libretro INFO] [FBNeo] No romset found at /media/sdcard0/Emu/CPS1/../../Roms/CPS1/nes/forgottn
[libretro INFO] [FBNeo] No romset found at /media/sdcard0/Emu/CPS1/../../Roms/CPS1/fds/forgottn
[libretro INFO] [FBNeo] No romset found at /media/sdcard0/Emu/CPS1/../../Roms/CPS1/ngp/forgottn
[libretro INFO] [FBNeo] No romset found at /media/sdcard0/Emu/CPS1/../../Roms/CPS1/chf/forgottn
[libretro INFO] [FBNeo] No romset found at /media/sdcard0/Emu/CPS1/../../Roms/CPS1/channelf/forgottn
[libretro INFO] [FBNeo] No romset found at /media/sdcard0/Emu/CPS1/../../RetroArch/.config/retroarch/system/fbneo/forgottn
[libretro INFO] [FBNeo] No romset found at /media/sdcard0/Emu/CPS1/../../RetroArch/.config/retroarch/system/fbneo/arc/forgottn
[libretro INFO] [FBNeo] No romset found at /media/sdcard0/Emu/CPS1/../../RetroArch/.config/retroarch/system/fbneo/arcade/forgottn
[libretro INFO] [FBNeo] No romset found at /media/sdcard0/Emu/CPS1/../../RetroArch/.config/retroarch/system/fbneo/romdata/forgottn
[libretro INFO] [FBNeo] No romset found at /media/sdcard0/Emu/CPS1/../../RetroArch/.config/retroarch/system/fbneo/coleco/forgottn
[libretro INFO] [FBNeo] No romset found at /media/sdcard0/Emu/CPS1/../../RetroArch/.config/retroarch/system/fbneo/colecovision/forgottn
[libretro INFO] [FBNeo] No romset found at /media/sdcard0/Emu/CPS1/../../RetroArch/.config/retroarch/system/fbneo/gamegear/forgottn
[libretro INFO] [FBNeo] No romset found at /media/sdcard0/Emu/CPS1/../../RetroArch/.config/retroarch/system/fbneo/megadriv/forgottn
[libretro INFO] [FBNeo] No romset found at /media/sdcard0/Emu/CPS1/../../RetroArch/.config/retroarch/system/fbneo/megadrive/forgottn
[libretro INFO] [FBNeo] No romset found at /media/sdcard0/Emu/CPS1/../../RetroArch/.config/retroarch/system/fbneo/genesis/forgottn
[libretro INFO] [FBNeo] No romset found at /media/sdcard0/Emu/CPS1/../../RetroArch/.config/retroarch/system/fbneo/msx/forgottn
[libretro INFO] [FBNeo] No romset found at /media/sdcard0/Emu/CPS1/../../RetroArch/.config/retroarch/system/fbneo/msx1/forgottn
[libretro INFO] [FBNeo] No romset found at /media/sdcard0/Emu/CPS1/../../RetroArch/.config/retroarch/system/fbneo/pce/forgottn
[libretro INFO] [FBNeo] No romset found at /media/sdcard0/Emu/CPS1/../../RetroArch/.config/retroarch/system/fbneo/pcengine/forgottn
[libretro INFO] [FBNeo] No romset found at /media/sdcard0/Emu/CPS1/../../RetroArch/.config/retroarch/system/fbneo/sg1000/forgottn
[libretro INFO] [FBNeo] No romset found at /media/sdcard0/Emu/CPS1/../../RetroArch/.config/retroarch/system/fbneo/sgx/forgottn
[libretro INFO] [FBNeo] No romset found at /media/sdcard0/Emu/CPS1/../../RetroArch/.config/retroarch/system/fbneo/supergrafx/forgottn
[libretro INFO] [FBNeo] No romset found at /media/sdcard0/Emu/CPS1/../../RetroArch/.config/retroarch/system/fbneo/sms/forgottn
[libretro INFO] [FBNeo] No romset found at /media/sdcard0/Emu/CPS1/../../RetroArch/.config/retroarch/system/fbneo/mastersystem/forgottn
[libretro INFO] [FBNeo] No romset found at /media/sdcard0/Emu/CPS1/../../RetroArch/.config/retroarch/system/fbneo/snes/forgottn
[libretro INFO] [FBNeo] No romset found at /media/sdcard0/Emu/CPS1/../../RetroArch/.config/retroarch/system/fbneo/spectrum/forgottn
[libretro INFO] [FBNeo] No romset found at /media/sdcard0/Emu/CPS1/../../RetroArch/.config/retroarch/system/fbneo/zxspectrum/forgottn
[libretro INFO] [FBNeo] No romset found at /media/sdcard0/Emu/CPS1/../../RetroArch/.config/retroarch/system/fbneo/tg16/forgottn
[libretro INFO] [FBNeo] No romset found at /media/sdcard0/Emu/CPS1/../../RetroArch/.config/retroarch/system/fbneo/nes/forgottn
[libretro INFO] [FBNeo] No romset found at /media/sdcard0/Emu/CPS1/../../RetroArch/.config/retroarch/system/fbneo/fds/forgottn
[libretro INFO] [FBNeo] No romset found at /media/sdcard0/Emu/CPS1/../../RetroArch/.config/retroarch/system/fbneo/ngp/forgottn
[libretro INFO] [FBNeo] No romset found at /media/sdcard0/Emu/CPS1/../../RetroArch/.config/retroarch/system/fbneo/chf/forgottn
[libretro INFO] [FBNeo] No romset found at /media/sdcard0/Emu/CPS1/../../RetroArch/.config/retroarch/system/fbneo/channelf/forgottn
[libretro INFO] [FBNeo] No romset found at /media/sdcard0/Emu/CPS1/../../RetroArch/.config/retroarch/system/forgottn
[libretro INFO] [FBNeo] Using ROM with known crc 0x73e920b7 and name lw11.12f from archive /media/sdcard0/Emu/CPS1/../../Roms/CPS1/forgottn
[libretro INFO] [FBNeo] Using ROM with known crc 0x58210b9e and name lw41.12h from archive /media/sdcard0/Emu/CPS1/../../Roms/CPS1/forgottn
[libretro INFO] [FBNeo] Using ROM with known crc 0xbea45994 and name lw10.13f from archive /media/sdcard0/Emu/CPS1/../../Roms/CPS1/forgottn
[libretro INFO] [FBNeo] Using ROM with known crc 0x539b2339 and name lw14.13h from archive /media/sdcard0/Emu/CPS1/../../Roms/CPS1/forgottn
[libretro INFO] [FBNeo] Using ROM with known crc 0xfd252a26 and name lw-07.10g from archive /media/sdcard0/Emu/CPS1/../../Roms/CPS1/forgottn
[libretro INFO] [FBNeo] Using ROM with known crc 0x4bd75fee and name lw_2.2b from archive /media/sdcard0/Emu/CPS1/../../Roms/CPS1/forgottn
[libretro INFO] [FBNeo] Using ROM with known crc 0x65f41485 and name lw_1.2a from archive /media/sdcard0/Emu/CPS1/../../Roms/CPS1/forgottn
[libretro INFO] [FBNeo] Using ROM with known crc 0x25a8e43c and name lw-08.9b from archive /media/sdcard0/Emu/CPS1/../../Roms/CPS1/forgottn
[libretro INFO] [FBNeo] Using ROM with known crc 0xb4b6241b and name lw_18.5e from archive /media/sdcard0/Emu/CPS1/../../Roms/CPS1/forgottn
[libretro INFO] [FBNeo] Using ROM with known crc 0xc5eea115 and name lw_17.5c from archive /media/sdcard0/Emu/CPS1/../../Roms/CPS1/forgottn
[libretro INFO] [FBNeo] Using ROM with known crc 0xb385954e and name lw_30.8h from archive /media/sdcard0/Emu/CPS1/../../Roms/CPS1/forgottn
[libretro INFO] [FBNeo] Using ROM with known crc 0x7bda1ac6 and name lw_29.8f from archive /media/sdcard0/Emu/CPS1/../../Roms/CPS1/forgottn
[libretro INFO] [FBNeo] Using ROM with known crc 0x50cf757f and name lw_4.3b from archive /media/sdcard0/Emu/CPS1/../../Roms/CPS1/forgottn
[libretro INFO] [FBNeo] Using ROM with known crc 0xc03ef278 and name lw_3.3a from archive /media/sdcard0/Emu/CPS1/../../Roms/CPS1/forgottn
[libretro INFO] [FBNeo] Using ROM with known crc 0xdf1a3665 and name lw_20.7e from archive /media/sdcard0/Emu/CPS1/../../Roms/CPS1/forgottn
[libretro INFO] [FBNeo] Using ROM with known crc 0x15af8440 and name lw_19.7c from archive /media/sdcard0/Emu/CPS1/../../Roms/CPS1/forgottn
[libretro INFO] [FBNeo] Using ROM with known crc 0x30967a15 and name lw_32.9h from archive /media/sdcard0/Emu/CPS1/../../Roms/CPS1/forgottn
[libretro INFO] [FBNeo] Using ROM with known crc 0xc49d37fb and name lw_31.9f from archive /media/sdcard0/Emu/CPS1/../../Roms/CPS1/forgottn
[libretro INFO] [FBNeo] Using ROM with known crc 0x43e6c5c8 and name lw-02.6b from archive /media/sdcard0/Emu/CPS1/../../Roms/CPS1/forgottn
[libretro INFO] [FBNeo] Using ROM with known crc 0x82862cce and name lw_14.10b from archive /media/sdcard0/Emu/CPS1/../../Roms/CPS1/forgottn
[libretro INFO] [FBNeo] Using ROM with known crc 0xb81c0e96 and name lw_13.10a from archive /media/sdcard0/Emu/CPS1/../../Roms/CPS1/forgottn
[libretro INFO] [FBNeo] Using ROM with known crc 0x5b9edffc and name lw-06.9d from archive /media/sdcard0/Emu/CPS1/../../Roms/CPS1/forgottn
[libretro INFO] [FBNeo] Using ROM with known crc 0x57bcd032 and name lw_26.10e from archive /media/sdcard0/Emu/CPS1/../../Roms/CPS1/forgottn
[libretro INFO] [FBNeo] Using ROM with known crc 0xbac91554 and name lw_25.10c from archive /media/sdcard0/Emu/CPS1/../../Roms/CPS1/forgottn
[libretro INFO] [FBNeo] Using ROM with known crc 0x40b26554 and name lw_16.11b from archive /media/sdcard0/Emu/CPS1/../../Roms/CPS1/forgottn
[libretro INFO] [FBNeo] Using ROM with known crc 0x1b7d2e07 and name lw_15.11a from archive /media/sdcard0/Emu/CPS1/../../Roms/CPS1/forgottn
[libretro INFO] [FBNeo] Using ROM with known crc 0xa805ad30 and name lw_28.11e from archive /media/sdcard0/Emu/CPS1/../../Roms/CPS1/forgottn
[libretro INFO] [FBNeo] Using ROM with known crc 0x103c1bd2 and name lw_27.11c from archive /media/sdcard0/Emu/CPS1/../../Roms/CPS1/forgottn
[libretro INFO] [FBNeo] Using ROM with known crc 0x59df2a63 and name lw_00.13c from archive /media/sdcard0/Emu/CPS1/../../Roms/CPS1/forgottn
[libretro INFO] [FBNeo] Using ROM with known crc 0x807d051f and name lw-03u.12e from archive /media/sdcard0/Emu/CPS1/../../Roms/CPS1/forgottn
[libretro INFO] [FBNeo] Using ROM with known crc 0xe6cd098e and name lw-04u.13e from archive /media/sdcard0/Emu/CPS1/../../Roms/CPS1/forgottn
[libretro INFO] [FBNeo] Using ROM with known crc 0xeb122de7 and name buf1 from archive /media/sdcard0/Emu/CPS1/../../Roms/CPS1/forgottn
[libretro INFO] [FBNeo] Using ROM with known crc 0x59c7ee3b and name ioa1 from archive /media/sdcard0/Emu/CPS1/../../Roms/CPS1/forgottn
[libretro INFO] [FBNeo] Using ROM with known crc 0xf1129744 and name prg1 from archive /media/sdcard0/Emu/CPS1/../../Roms/CPS1/forgottn
[libretro INFO] [FBNeo] Using ROM with known crc 0x41dc73b9 and name rom1 from archive /media/sdcard0/Emu/CPS1/../../Roms/CPS1/forgottn
[libretro INFO] [FBNeo] Using ROM with known crc 0x84f4b2fe and name sou1 from archive /media/sdcard0/Emu/CPS1/../../Roms/CPS1/forgottn
[libretro INFO] [FBNeo] Using ROM with known crc 0x5eec6ce9 and name lw621.1a from archive /media/sdcard0/Emu/CPS1/../../Roms/CPS1/forgottn
[libretro INFO] [FBNeo] Using ROM with known crc 0xad52b90c and name lwio.12b from archive /media/sdcard0/Emu/CPS1/../../Roms/CPS1/forgottn
[libretro INFO] [FBNeo] No missing files, proceeding
[libretro INFO] [FBNeo] Samplerate set to 48000
[libretro INFO] [FBNeo] Applied dipswitches from core options
[libretro INFO] [FBNeo] Initialized driver for forgottn
[libretro INFO] [FBNeo] Adjusted audio buffer to match driver's refresh rate (59.630000 Hz)
[libretro INFO] [Cheevos] System RAM set to 0x5586af3000, size is 65536
[INFO] [Environ]: SET_PIXEL_FORMAT: XRGB8888.
[libretro INFO] [FBNeo] Driver forgottn was successfully started : game's full name is Forgotten Worlds (World, newer)
[INFO] [SRAM]: Omitiendo carga de SRAM.
[INFO] [Core]: Versión de la API libretro: 1, API usada en la compilación: 1
[libretro INFO] [FBNeo] Timing set to 59.630000 Hz
[INFO] [Core]: Geometry: 384x224, Aspect: 1.333, FPS: 59.63, Sample rate: 48002.15 Hz.
[INFO] [Video]: Set video size to: fullscreen.
[INFO] [Video]: Starting threaded video driver..
[WARN] [DRM]: Couldn't get device resources.
[WARN] [DRM]: Couldn't get device resources.
[INFO] [DRM]: Found 2 connectors.
[INFO] [DRM]: Connector 0 connected: no
[INFO] [DRM]: Connector 0 has 0 modes.
[INFO] [DRM]: Connector 1 connected: yes
[INFO] [DRM]: Connector 1 has 1 modes.
[INFO] [DRM]: Connector 1 assigned to monitor index: #1.
[INFO] [DRM]: Mode 0: (640x480) 640 x 480, 59.976761 Hz
[INFO] [GL]: Found GL context: "kms".
[INFO] [GL]: Detecting screen resolution: 640x480.
[INFO] [EGL] Found EGL_EXT_platform_base, trying eglGetPlatformDisplayEXT
[INFO] [EGL]: EGL version: 1.4
[INFO] [EGL]: Current context: 0x7f740abb30.
[INFO] [KMS]: New FB: 640x480 (stride: 2560).
[INFO] [GL]: Vendor: ARM, Renderer: Mali-G52.
[INFO] [GL]: Version: OpenGL ES 3.2 v1.g2p0-01eac0.02b077cea4dc2127696dc49c93c0fc7a.
[INFO] [GL]: Using ARB_sync to reduce latency.
[INFO] [GL]: Using resolution 640x480.
[INFO] [GL]: Default shader backend found: glsl.
[INFO] [Shaders]: Specific shader preset found at "/media/sdcard0/Emu/CPS1/../../RetroArch/.config/retroarch/config/FinalBurn Neo/CPS1.glslp".
[INFO] [Shader driver]: Using GLSL shader backend.
[INFO] [GLSL]: Found GLSL vertex shader.
[INFO] [GLSL]: Found GLSL fragment shader.
[INFO] [GLSL]: Linking GLSL program.
[INFO] [GLSL]: Found GLSL vertex shader.
[INFO] [GLSL]: Found GLSL fragment shader.
[INFO] [GLSL]: Linking GLSL program.
[INFO] [GLSL]: Found GLSL vertex shader.
[INFO] [GLSL]: Found GLSL fragment shader.
[INFO] [GLSL]: Linking GLSL program.
[INFO] [GL]: Using 4 textures.
[INFO] [GL]: Loaded 1 program(s).
[INFO] [Video]: Graphics driver did not initialize an input driver. Attempting to pick a suitable driver.
[WARN] [udev]: Full-screen pointer won't be available.
[INFO] [udev]: Keyboard #0: "adc-keys" (/dev/input/event3).
[INFO] [udev]: Keyboard #1: "rk805 pwrkey" (/dev/input/event2).
[INFO] [udev]: Keyboard #2: "hdmi_cec_key" (/dev/input/event4).
[INFO] [udev]: Keyboard #3: "gpio-keys-polled" (/dev/input/event0).
[INFO] [udev]: Keyboard #4: "hall wake key" (/dev/input/event1).
[WARN] [SDL]: Couldn't open haptic device of the joypad #0: Haptic: There are 0 haptic devices available
[INFO] [SDL]: Falling back to joystick rumble
[INFO] [Joypad]: Found joypad driver: "sdl2".
[INFO] [Video]: Found display server: "kms".
[WARN] [udev]: Mouse grab/ungrab feature unavailable.
[INFO] [Audio]: Set audio input rate to: 48300.00 Hz.
[INFO] [ALSA] Using ALSA version 1.2.7.2
[INFO] [ALSA]: Using FLOAT_LE sample format for PLAYBACK device "default"
[INFO] [ALSA]: Period: 4 periods per buffer (768 frames, 6144 bytes)
[INFO] [ALSA]: Buffer size: 3072 frames (24576 bytes)
[INFO] [ALSA]: Can pause: no.
[INFO] [ALSA]: Initialized PLAYBACK device "default"
[INFO] [Audio]: Started synchronous audio driver.
[INFO] [Display]: Found display driver: "gl".
[INFO] [Environ]: SET_SUBSYSTEM_INFO.
[libretro INFO] [FBNeo] Unknown device type for port 0, forcing "Classic" instead
[libretro INFO] [FBNeo] Unknown device type for port 1, forcing "Classic" instead
[INFO] [Playlist]: Cargando historial: "/media/sdcard0/RetroArch/.config/retroarch/content_history.lpl".
[INFO] [Playlist]: Cargando historial: "/media/sdcard0/RetroArch/.config/retroarch/content_music_history.lpl".
[INFO] [Playlist]: Cargando historial: "/media/sdcard0/RetroArch/.config/retroarch/content_image_history.lpl".
[INFO] [Playlist]: Cargando favoritos: "/media/sdcard0/RetroArch/.config/retroarch/content_favorites.lpl".
[INFO] [Playlist]: Written to playlist file: "/media/sdcard0/RetroArch/.config/retroarch/content_history.lpl".
[INFO] [Environ]: SET_INPUT_DESCRIPTORS:
[WARN] [SDL]: Couldn't open haptic device of the joypad #0: Haptic: There are 0 haptic devices available
[INFO] [SDL]: Falling back to joystick rumble
[INFO] [KMS]: New FB: 640x480 (stride: 2560).
[INFO] [KMS]: New FB: 640x480 (stride: 2560).
[INFO] [Config]: Loading config: "/media/sdcard0/Emu/CPS1/../../RetroArch/.config/retroarch/retroarch.cfg".
[INFO] [Overrides]: Configuration overrides unloaded, original configuration restored.
[INFO] [Core]: Content ran for a total of: 00 hours, 00 minutes, 01 seconds.
[INFO] [Core]: Unloading game..
[INFO] [Core]: Unloading core..
[INFO] [Core]: Unloading core symbols..
[INFO] [Core]: Saved core options file to "/media/sdcard0/Emu/CPS1/../../RetroArch/.config/retroarch/config/FinalBurn Neo/FinalBurn Neo.opt".
[INFO] [Autoconf]: Se ha desconectado Xbox 360 Controller del puerto 1.
[INFO] Threaded video stats: Frames pushed: 179, Frames dropped: 0.
