[INFO] RetroArch 1.20.0 (Git b797f2d8cc)
[INFO] === Build =======================================
[INFO] Funcionalidades: ASIMD 
[INFO] Version: 1.20.0
[INFO] Git: b797f2d8cc
[INFO] Built: Jan 16 2025
[INFO] =================================================
[INFO] [Input]: Found input driver: "udev".
[INFO] [Core]: Loading dynamic libretro core from: "/media/sdcard0/Emu/ARCADE/../../RetroArch/.config/retroarch/cores/fbneo_libretro.so"
[INFO] [Overrides]: Content dir-specific overrides found at "/media/sdcard0/Emu/ARCADE/../../RetroArch/.config/retroarch/config/FinalBurn Neo/ARCADE.cfg".
[INFO] [Config]: Loading config: "/media/sdcard0/Emu/ARCADE/../../RetroArch/.config/retroarch/retroarch.cfg".
[INFO] [Config]: Appending override config: "/media/sdcard0/Emu/ARCADE/../../RetroArch/.config/retroarch/config/FinalBurn Neo/ARCADE.cfg".
[INFO] [Overrides]: Redirigiendo archivo de guardado a "/mnt/SDCARD/Savefiles/FinalBurn Neo/gprider.srm".
[INFO] [Overrides]: Redirigiendo guardado rápido a "/mnt/SDCARD/Savestates/FinalBurn Neo/gprider.state".
[INFO] [Remaps]: Game-specific remap found at "/media/sdcard0/Emu/ARCADE/../../RetroArch/.config/retroarch/config/remaps/FinalBurn Neo/gprider.rmp".
[INFO] [Environ]: SET_SERIALIZATION_QUIRKS.
[INFO] [Environ]: GET_LOG_INTERFACE.
[INFO] [Environ]: GET_LANGUAGE: "3".
[INFO] [Environ]: GET_MESSAGE_INTERFACE_VERSION.
[INFO] [Environ]: SET_AUDIO_BUFFER_STATUS_CALLBACK.
[INFO] [Content]: Carga de contenido omitida. La implementación lo cargará por su cuenta.
[INFO] [Environ]: SAVE_DIRECTORY: "/mnt/SDCARD/Savefiles/FinalBurn Neo".
[libretro INFO] Setting save dir to /mnt/SDCARD/Savefiles/FinalBurn Neo
[INFO] [Environ]: SYSTEM_DIRECTORY: "/media/sdcard0/Emu/ARCADE/../../RetroArch/.config/retroarch/system".
[libretro INFO] Setting system dir to /media/sdcard0/Emu/ARCADE/../../RetroArch/.config/retroarch/system
[INFO] [Environ]: SET_CONTROLLER_INFO.
[libretro INFO] Initialize DIP switches.
[INFO] [Environ]: GET_CORE_OPTIONS_VERSION.
[INFO] [Environ]: RETRO_ENVIRONMENT_SET_CORE_OPTIONS_V2.
[INFO] [Core]: Se han encontrado opciones personalizadas según juego en "/media/sdcard0/Emu/ARCADE/../../RetroArch/.config/retroarch/config/FinalBurn Neo/gprider.opt".
[libretro INFO] [FBNeo] Searching all possible locations for romset gprider
[libretro INFO] [FBNeo] No patched romset found at /media/sdcard0/Emu/ARCADE/../../RetroArch/.config/retroarch/system/fbneo/patched/gprider
[libretro INFO] [FBNeo] Romset found at /media/sdcard0/Emu/ARCADE/../../Roms/ARCADE/gprider
[libretro INFO] [FBNeo] No romset found at /media/sdcard0/Emu/ARCADE/../../Roms/ARCADE/arc/gprider
[libretro INFO] [FBNeo] No romset found at /media/sdcard0/Emu/ARCADE/../../Roms/ARCADE/arcade/gprider
[libretro INFO] [FBNeo] No romset found at /media/sdcard0/Emu/ARCADE/../../Roms/ARCADE/romdata/gprider
[libretro INFO] [FBNeo] No romset found at /media/sdcard0/Emu/ARCADE/../../Roms/ARCADE/coleco/gprider
[libretro INFO] [FBNeo] No romset found at /media/sdcard0/Emu/ARCADE/../../Roms/ARCADE/colecovision/gprider
[libretro INFO] [FBNeo] No romset found at /media/sdcard0/Emu/ARCADE/../../Roms/ARCADE/gamegear/gprider
[libretro INFO] [FBNeo] No romset found at /media/sdcard0/Emu/ARCADE/../../Roms/ARCADE/megadriv/gprider
[libretro INFO] [FBNeo] No romset found at /media/sdcard0/Emu/ARCADE/../../Roms/ARCADE/megadrive/gprider
[libretro INFO] [FBNeo] No romset found at /media/sdcard0/Emu/ARCADE/../../Roms/ARCADE/genesis/gprider
[libretro INFO] [FBNeo] No romset found at /media/sdcard0/Emu/ARCADE/../../Roms/ARCADE/msx/gprider
[libretro INFO] [FBNeo] No romset found at /media/sdcard0/Emu/ARCADE/../../Roms/ARCADE/msx1/gprider
[libretro INFO] [FBNeo] No romset found at /media/sdcard0/Emu/ARCADE/../../Roms/ARCADE/pce/gprider
[libretro INFO] [FBNeo] No romset found at /media/sdcard0/Emu/ARCADE/../../Roms/ARCADE/pcengine/gprider
[libretro INFO] [FBNeo] No romset found at /media/sdcard0/Emu/ARCADE/../../Roms/ARCADE/sg1000/gprider
[libretro INFO] [FBNeo] No romset found at /media/sdcard0/Emu/ARCADE/../../Roms/ARCADE/sgx/gprider
[libretro INFO] [FBNeo] No romset found at /media/sdcard0/Emu/ARCADE/../../Roms/ARCADE/supergrafx/gprider
[libretro INFO] [FBNeo] No romset found at /media/sdcard0/Emu/ARCADE/../../Roms/ARCADE/sms/gprider
[libretro INFO] [FBNeo] No romset found at /media/sdcard0/Emu/ARCADE/../../Roms/ARCADE/mastersystem/gprider
[libretro INFO] [FBNeo] No romset found at /media/sdcard0/Emu/ARCADE/../../Roms/ARCADE/snes/gprider
[libretro INFO] [FBNeo] No romset found at /media/sdcard0/Emu/ARCADE/../../Roms/ARCADE/spectrum/gprider
[libretro INFO] [FBNeo] No romset found at /media/sdcard0/Emu/ARCADE/../../Roms/ARCADE/zxspectrum/gprider
[libretro INFO] [FBNeo] No romset found at /media/sdcard0/Emu/ARCADE/../../Roms/ARCADE/tg16/gprider
[libretro INFO] [FBNeo] No romset found at /media/sdcard0/Emu/ARCADE/../../Roms/ARCADE/nes/gprider
[libretro INFO] [FBNeo] No romset found at /media/sdcard0/Emu/ARCADE/../../Roms/ARCADE/fds/gprider
[libretro INFO] [FBNeo] No romset found at /media/sdcard0/Emu/ARCADE/../../Roms/ARCADE/ngp/gprider
[libretro INFO] [FBNeo] No romset found at /media/sdcard0/Emu/ARCADE/../../Roms/ARCADE/chf/gprider
[libretro INFO] [FBNeo] No romset found at /media/sdcard0/Emu/ARCADE/../../Roms/ARCADE/channelf/gprider
[libretro INFO] [FBNeo] No romset found at /media/sdcard0/Emu/ARCADE/../../RetroArch/.config/retroarch/system/fbneo/gprider
[libretro INFO] [FBNeo] No romset found at /media/sdcard0/Emu/ARCADE/../../RetroArch/.config/retroarch/system/fbneo/arc/gprider
[libretro INFO] [FBNeo] No romset found at /media/sdcard0/Emu/ARCADE/../../RetroArch/.config/retroarch/system/fbneo/arcade/gprider
[libretro INFO] [FBNeo] No romset found at /media/sdcard0/Emu/ARCADE/../../RetroArch/.config/retroarch/system/fbneo/romdata/gprider
[libretro INFO] [FBNeo] No romset found at /media/sdcard0/Emu/ARCADE/../../RetroArch/.config/retroarch/system/fbneo/coleco/gprider
[libretro INFO] [FBNeo] No romset found at /media/sdcard0/Emu/ARCADE/../../RetroArch/.config/retroarch/system/fbneo/colecovision/gprider
[libretro INFO] [FBNeo] No romset found at /media/sdcard0/Emu/ARCADE/../../RetroArch/.config/retroarch/system/fbneo/gamegear/gprider
[libretro INFO] [FBNeo] No romset found at /media/sdcard0/Emu/ARCADE/../../RetroArch/.config/retroarch/system/fbneo/megadriv/gprider
[libretro INFO] [FBNeo] No romset found at /media/sdcard0/Emu/ARCADE/../../RetroArch/.config/retroarch/system/fbneo/megadrive/gprider
[libretro INFO] [FBNeo] No romset found at /media/sdcard0/Emu/ARCADE/../../RetroArch/.config/retroarch/system/fbneo/genesis/gprider
[libretro INFO] [FBNeo] No romset found at /media/sdcard0/Emu/ARCADE/../../RetroArch/.config/retroarch/system/fbneo/msx/gprider
[libretro INFO] [FBNeo] No romset found at /media/sdcard0/Emu/ARCADE/../../RetroArch/.config/retroarch/system/fbneo/msx1/gprider
[libretro INFO] [FBNeo] No romset found at /media/sdcard0/Emu/ARCADE/../../RetroArch/.config/retroarch/system/fbneo/pce/gprider
[libretro INFO] [FBNeo] No romset found at /media/sdcard0/Emu/ARCADE/../../RetroArch/.config/retroarch/system/fbneo/pcengine/gprider
[libretro INFO] [FBNeo] No romset found at /media/sdcard0/Emu/ARCADE/../../RetroArch/.config/retroarch/system/fbneo/sg1000/gprider
[libretro INFO] [FBNeo] No romset found at /media/sdcard0/Emu/ARCADE/../../RetroArch/.config/retroarch/system/fbneo/sgx/gprider
[libretro INFO] [FBNeo] No romset found at /media/sdcard0/Emu/ARCADE/../../RetroArch/.config/retroarch/system/fbneo/supergrafx/gprider
[libretro INFO] [FBNeo] No romset found at /media/sdcard0/Emu/ARCADE/../../RetroArch/.config/retroarch/system/fbneo/sms/gprider
[libretro INFO] [FBNeo] No romset found at /media/sdcard0/Emu/ARCADE/../../RetroArch/.config/retroarch/system/fbneo/mastersystem/gprider
[libretro INFO] [FBNeo] No romset found at /media/sdcard0/Emu/ARCADE/../../RetroArch/.config/retroarch/system/fbneo/snes/gprider
[libretro INFO] [FBNeo] No romset found at /media/sdcard0/Emu/ARCADE/../../RetroArch/.config/retroarch/system/fbneo/spectrum/gprider
[libretro INFO] [FBNeo] No romset found at /media/sdcard0/Emu/ARCADE/../../RetroArch/.config/retroarch/system/fbneo/zxspectrum/gprider
[libretro INFO] [FBNeo] No romset found at /media/sdcard0/Emu/ARCADE/../../RetroArch/.config/retroarch/system/fbneo/tg16/gprider
[libretro INFO] [FBNeo] No romset found at /media/sdcard0/Emu/ARCADE/../../RetroArch/.config/retroarch/system/fbneo/nes/gprider
[libretro INFO] [FBNeo] No romset found at /media/sdcard0/Emu/ARCADE/../../RetroArch/.config/retroarch/system/fbneo/fds/gprider
[libretro INFO] [FBNeo] No romset found at /media/sdcard0/Emu/ARCADE/../../RetroArch/.config/retroarch/system/fbneo/ngp/gprider
[libretro INFO] [FBNeo] No romset found at /media/sdcard0/Emu/ARCADE/../../RetroArch/.config/retroarch/system/fbneo/chf/gprider
[libretro INFO] [FBNeo] No romset found at /media/sdcard0/Emu/ARCADE/../../RetroArch/.config/retroarch/system/fbneo/channelf/gprider
[libretro INFO] [FBNeo] No romset found at /media/sdcard0/Emu/ARCADE/../../RetroArch/.config/retroarch/system/gprider
[libretro INFO] [FBNeo] Using ROM with known crc 0x9abb81b6 and name epr-13409.ic58 from archive /media/sdcard0/Emu/ARCADE/../../Roms/ARCADE/gprider
[libretro INFO] [FBNeo] Using ROM with known crc 0x8e410e97 and name epr-13408.ic63 from archive /media/sdcard0/Emu/ARCADE/../../Roms/ARCADE/gprider
[libretro INFO] [FBNeo] Using ROM with known crc 0xd6ccfac7 and name epr-13395.ic20 from archive /media/sdcard0/Emu/ARCADE/../../Roms/ARCADE/gprider
[libretro INFO] [FBNeo] Using ROM with known crc 0x914a55ec and name epr-13394.ic29 from archive /media/sdcard0/Emu/ARCADE/../../Roms/ARCADE/gprider
[libretro INFO] [FBNeo] Using ROM with known crc 0x08d023cc and name epr-13393.ic21 from archive /media/sdcard0/Emu/ARCADE/../../Roms/ARCADE/gprider
[libretro INFO] [FBNeo] Using ROM with known crc 0xf927cd42 and name epr-13392.ic30 from archive /media/sdcard0/Emu/ARCADE/../../Roms/ARCADE/gprider
[libretro INFO] [FBNeo] Using ROM with known crc 0x24f897a7 and name epr-13383.ic154 from archive /media/sdcard0/Emu/ARCADE/../../Roms/ARCADE/gprider
[libretro INFO] [FBNeo] Using ROM with known crc 0xfe8238bd and name epr-13384.ic153 from archive /media/sdcard0/Emu/ARCADE/../../Roms/ARCADE/gprider
[libretro INFO] [FBNeo] Using ROM with known crc 0x6df1b995 and name epr-13385.ic152 from archive /media/sdcard0/Emu/ARCADE/../../Roms/ARCADE/gprider
[libretro INFO] [FBNeo] Using ROM with known crc 0x01dac209 and name epr-13382.ic90 from archive /media/sdcard0/Emu/ARCADE/../../Roms/ARCADE/gprider
[libretro INFO] [FBNeo] Using ROM with known crc 0x3a50d931 and name epr-13381.ic94 from archive /media/sdcard0/Emu/ARCADE/../../Roms/ARCADE/gprider
[libretro INFO] [FBNeo] Using ROM with known crc 0xad1024c8 and name epr-13380.ic98 from archive /media/sdcard0/Emu/ARCADE/../../Roms/ARCADE/gprider
[libretro INFO] [FBNeo] Using ROM with known crc 0x1ac17625 and name epr-13379.ic102 from archive /media/sdcard0/Emu/ARCADE/../../Roms/ARCADE/gprider
[libretro INFO] [FBNeo] Using ROM with known crc 0x50c9b867 and name epr-13378.ic91 from archive /media/sdcard0/Emu/ARCADE/../../Roms/ARCADE/gprider
[libretro INFO] [FBNeo] Using ROM with known crc 0x9b12f5c0 and name epr-13377.ic95 from archive /media/sdcard0/Emu/ARCADE/../../Roms/ARCADE/gprider
[libretro INFO] [FBNeo] Using ROM with known crc 0x449ac518 and name epr-13376.ic99 from archive /media/sdcard0/Emu/ARCADE/../../Roms/ARCADE/gprider
[libretro INFO] [FBNeo] Using ROM with known crc 0x5489a9ff and name epr-13375.ic103 from archive /media/sdcard0/Emu/ARCADE/../../Roms/ARCADE/gprider
[libretro INFO] [FBNeo] Using ROM with known crc 0x6a319e4f and name epr-13374.ic92 from archive /media/sdcard0/Emu/ARCADE/../../Roms/ARCADE/gprider
[libretro INFO] [FBNeo] Using ROM with known crc 0xeca5588b and name epr-13373.ic96 from archive /media/sdcard0/Emu/ARCADE/../../Roms/ARCADE/gprider
[libretro INFO] [FBNeo] Using ROM with known crc 0x0b45a433 and name epr-13372.ic100 from archive /media/sdcard0/Emu/ARCADE/../../Roms/ARCADE/gprider
[libretro INFO] [FBNeo] Using ROM with known crc 0xb68f4cff and name epr-13371.ic104 from archive /media/sdcard0/Emu/ARCADE/../../Roms/ARCADE/gprider
[libretro INFO] [FBNeo] Using ROM with known crc 0x78276620 and name epr-13370.ic93 from archive /media/sdcard0/Emu/ARCADE/../../Roms/ARCADE/gprider
[libretro INFO] [FBNeo] Using ROM with known crc 0x8625bf0f and name epr-13369.ic97 from archive /media/sdcard0/Emu/ARCADE/../../Roms/ARCADE/gprider
[libretro INFO] [FBNeo] Using ROM with known crc 0x0f50716c and name epr-13368.ic101 from archive /media/sdcard0/Emu/ARCADE/../../Roms/ARCADE/gprider
[libretro INFO] [FBNeo] Using ROM with known crc 0x4b1bb51f and name epr-13367.ic105 from archive /media/sdcard0/Emu/ARCADE/../../Roms/ARCADE/gprider
[libretro INFO] [FBNeo] Using ROM with known crc 0x706581e4 and name epr-13388.ic17 from archive /media/sdcard0/Emu/ARCADE/../../Roms/ARCADE/gprider
[libretro INFO] [FBNeo] Using ROM with known crc 0x8c30c867 and name epr-13391.ic11 from archive /media/sdcard0/Emu/ARCADE/../../Roms/ARCADE/gprider
[libretro INFO] [FBNeo] Using ROM with known crc 0x8c93cd05 and name epr-13390.ic12 from archive /media/sdcard0/Emu/ARCADE/../../Roms/ARCADE/gprider
[libretro INFO] [FBNeo] Using ROM with known crc 0x4e4c758e and name epr-13389.ic13 from archive /media/sdcard0/Emu/ARCADE/../../Roms/ARCADE/gprider
[libretro INFO] [FBNeo] Using ROM with known crc 0xc1d4d207 and name 317-0163.key from archive /media/sdcard0/Emu/ARCADE/../../Roms/ARCADE/gprider
[libretro INFO] [FBNeo] No missing files, proceeding
[libretro INFO] [FBNeo] Samplerate set to 44100
[libretro INFO] [FBNeo] Applied dipswitches from core options
[libretro INFO] [FBNeo] Initialized driver for gprider
[libretro INFO] [FBNeo] Adjusted audio buffer to match driver's refresh rate (60.000000 Hz)
[libretro INFO] [Cheevos] System RAM set to 0x7fa0d5e010, size is 169984
[libretro INFO] [FBNeo] EEPROM successfully loaded from /mnt/SDCARD/Savefiles/FinalBurn Neo/fbneo/gprider.fs
[libretro WARN] [FBNeo] Single version only
[INFO] [Environ]: SET_PIXEL_FORMAT: XRGB8888.
[libretro INFO] [FBNeo] Driver gprider was successfully started : game's full name is GP Rider (World, FD1094 317-0163) (Twin setup)
[INFO] [SRAM]: Omitiendo carga de SRAM.
[INFO] [Core]: Versión de la API libretro: 1, API usada en la compilación: 1
[libretro INFO] [FBNeo] Timing set to 60.000000 Hz
[INFO] [Core]: Geometry: 320x224, Aspect: 1.333, FPS: 60.00, Sample rate: 44100.00 Hz.
[INFO] [Video]: Set video size to: fullscreen.
[INFO] [Video]: Starting threaded video driver..
[WARN] [DRM]: Couldn't get device resources.
[WARN] [DRM]: Couldn't get device resources.
[INFO] [DRM]: Found 2 connectors.
[INFO] [DRM]: Connector 0 connected: no
[INFO] [DRM]: Connector 0 has 0 modes.
[INFO] [DRM]: Connector 1 connected: yes
[INFO] [DRM]: Connector 1 has 1 modes.
[INFO] [DRM]: Connector 1 assigned to monitor index: #1.
[INFO] [DRM]: Mode 0: (640x480) 640 x 480, 59.976761 Hz
[INFO] [GL]: Found GL context: "kms".
[INFO] [GL]: Detecting screen resolution: 640x480.
[INFO] [EGL] Found EGL_EXT_platform_base, trying eglGetPlatformDisplayEXT
[INFO] [EGL]: EGL version: 1.4
[INFO] [EGL]: Current context: 0x7f980abb30.
[INFO] [KMS]: New FB: 640x480 (stride: 2560).
[INFO] [GL]: Vendor: ARM, Renderer: Mali-G52.
[INFO] [GL]: Version: OpenGL ES 3.2 v1.g2p0-01eac0.02b077cea4dc2127696dc49c93c0fc7a.
[INFO] [GL]: Using ARB_sync to reduce latency.
[INFO] [GL]: Using resolution 640x480.
[INFO] [GL]: Default shader backend found: glsl.
[INFO] [Shaders]: Specific shader preset found at "/media/sdcard0/Emu/ARCADE/../../RetroArch/.config/retroarch/config/FinalBurn Neo/ARCADE.glslp".
[INFO] [Shader driver]: Using GLSL shader backend.
[INFO] [GLSL]: Found GLSL vertex shader.
[INFO] [GLSL]: Found GLSL fragment shader.
[INFO] [GLSL]: Linking GLSL program.
[INFO] [GLSL]: Found GLSL vertex shader.
[INFO] [GLSL]: Found GLSL fragment shader.
[INFO] [GLSL]: Linking GLSL program.
[INFO] [GLSL]: Found GLSL vertex shader.
[INFO] [GLSL]: Found GLSL fragment shader.
[INFO] [GLSL]: Linking GLSL program.
[INFO] [GL]: Using 4 textures.
[INFO] [GL]: Loaded 1 program(s).
[INFO] [Video]: Graphics driver did not initialize an input driver. Attempting to pick a suitable driver.
[WARN] [udev]: Full-screen pointer won't be available.
[INFO] [udev]: Keyboard #0: "adc-keys" (/dev/input/event3).
[INFO] [udev]: Keyboard #1: "rk805 pwrkey" (/dev/input/event2).
[INFO] [udev]: Keyboard #2: "hdmi_cec_key" (/dev/input/event4).
[INFO] [udev]: Keyboard #3: "gpio-keys-polled" (/dev/input/event0).
[INFO] [udev]: Keyboard #4: "hall wake key" (/dev/input/event1).
[WARN] [SDL]: Couldn't open haptic device of the joypad #0: Haptic: There are 0 haptic devices available
[INFO] [SDL]: Falling back to joystick rumble
[INFO] [Joypad]: Found joypad driver: "sdl2".
[INFO] [Video]: Found display server: "kms".
[WARN] [udev]: Mouse grab/ungrab feature unavailable.
[INFO] [Audio]: Set audio input rate to: 44100.00 Hz.
[INFO] [ALSA] Using ALSA version 1.2.7.2
[INFO] [ALSA]: Using FLOAT_LE sample format for PLAYBACK device "default"
[INFO] [ALSA]: Period: 4 periods per buffer (768 frames, 6144 bytes)
[INFO] [ALSA]: Buffer size: 3072 frames (24576 bytes)
[INFO] [ALSA]: Can pause: no.
[INFO] [ALSA]: Initialized PLAYBACK device "default"
[INFO] [Audio]: Started synchronous audio driver.
[INFO] [Display]: Found display driver: "gl".
[INFO] [Environ]: SET_SUBSYSTEM_INFO.
[libretro INFO] [FBNeo] Unknown device type for port 0, forcing "Classic" instead
[libretro INFO] [FBNeo] Unknown device type for port 1, forcing "Classic" instead
[INFO] [Playlist]: Cargando historial: "/media/sdcard0/RetroArch/.config/retroarch/content_history.lpl".
[INFO] [Playlist]: Cargando historial: "/media/sdcard0/RetroArch/.config/retroarch/content_music_history.lpl".
[INFO] [Playlist]: Cargando historial: "/media/sdcard0/RetroArch/.config/retroarch/content_image_history.lpl".
[INFO] [Playlist]: Cargando favoritos: "/media/sdcard0/RetroArch/.config/retroarch/content_favorites.lpl".
[INFO] [Playlist]: Written to playlist file: "/media/sdcard0/RetroArch/.config/retroarch/content_history.lpl".
[INFO] [Environ]: SET_INPUT_DESCRIPTORS:
[WARN] [SDL]: Couldn't open haptic device of the joypad #0: Haptic: There are 0 haptic devices available
[INFO] [SDL]: Falling back to joystick rumble
[INFO] [Environ]: SET_AUDIO_BUFFER_STATUS_CALLBACK.
[INFO] [Environ]: RETRO_ENVIRONMENT_SET_MINIMUM_AUDIO_LATENCY.
[INFO] [Environ]: Setting audio latency to 128 ms.
[INFO] [Audio]: Set audio input rate to: 44100.00 Hz.
[INFO] [ALSA] Using ALSA version 1.2.7.2
[INFO] [ALSA]: Using FLOAT_LE sample format for PLAYBACK device "default"
[INFO] [ALSA]: Period: 4 periods per buffer (1536 frames, 12288 bytes)
[INFO] [ALSA]: Buffer size: 6144 frames (49152 bytes)
[INFO] [ALSA]: Can pause: no.
[INFO] [ALSA]: Initialized PLAYBACK device "default"
[INFO] [Audio]: Started synchronous audio driver.
[INFO] [Display]: Found display driver: "gl".
[INFO] [Environ]: SET_SUBSYSTEM_INFO.
[INFO] [Input]: Game Focus => OFF
[INFO] [KMS]: New FB: 640x480 (stride: 2560).
[INFO] [KMS]: New FB: 640x480 (stride: 2560).
[INFO] [Config]: Loading config: "/media/sdcard0/Emu/ARCADE/../../RetroArch/.config/retroarch/retroarch.cfg".
[INFO] [Overrides]: Configuration overrides unloaded, original configuration restored.
[INFO] [Core]: Content ran for a total of: 00 hours, 00 minutes, 05 seconds.
[INFO] [Core]: Unloading game..
[libretro INFO] [FBNeo] EEPROM succesfully saved to /mnt/SDCARD/Savefiles/FinalBurn Neo/fbneo/gprider.fs
[INFO] [Core]: Unloading core..
[INFO] [Core]: Unloading core symbols..
[INFO] [Core]: Saved game-specific core options to "/media/sdcard0/Emu/ARCADE/../../RetroArch/.config/retroarch/config/FinalBurn Neo/gprider.opt".
[INFO] [Autoconf]: Se ha desconectado Xbox 360 Controller del puerto 1.
[INFO] Threaded video stats: Frames pushed: 453, Frames dropped: 2.
