#
# A fatal error has been detected by the Java Runtime Environment:
#
#  Internal Error (vm_version_linux_aarch64.cpp:168), pid=2170, tid=2179
#  guarantee(cpu_lines == os::processor_count()) failed: core count should be consistent
#
# JRE version:  (11.0.11+9) (build )
# Java VM: OpenJDK 64-Bit Server VM (11.0.11+9-LTS, mixed mode, sharing, tiered, compressed oops, serial gc, linux-aarch64)
# No core dump will be written. Core dumps have been disabled. To enable core dumping, try "ulimit -c unlimited" before starting Java again
#
#

---------------  S U M M A R Y ------------

Command Line: 

Host: AArch64, 4 cores, 956M, Buildroot 2021.11
Time: Sun Nov 24 02:29:16 2024 UTC elapsed time: 0.007018 seconds (0d 0h 0m 0s)

---------------  T H R E A D  ---------------

Current thread (0x0000007fa0014800):  JavaThread "Unknown thread" [_thread_in_vm, id=2179, stack(0x0000007fa7cb0000,0x0000007fa7eb0000)]

Stack: [0x0000007fa7cb0000,0x0000007fa7eb0000],  sp=0x0000007fa7ead670,  free space=2037k
Native frames: (J=compiled Java code, A=aot compiled Java code, j=interpreted, Vv=VM code, C=native code)
V  [libjvm.so+0xc34344]  VMError::report_and_die(int, char const*, char const*, std::__va_list, Thread*, unsigned char*, void*, void*, char const*, int, unsigned long)+0x1dc
V  [libjvm.so+0xc34fec]  VMError::report_and_die(Thread*, void*, char const*, int, char const*, char const*, std::__va_list)+0x50
V  [libjvm.so+0x5091e0]  report_vm_error(char const*, int, char const*, char const*, ...)+0x100
V  [libjvm.so+0xc40dd4]  VM_Version::get_os_cpu_info()+0x164
V  [libjvm.so+0xc3fab8]  VM_Version::initialize()+0x74
V  [libjvm.so+0xc3f960]  VM_Version_init()+0x38
V  [libjvm.so+0x68c1bc]  init_globals()+0x4c
V  [libjvm.so+0xbd1f6c]  Threads::create_vm(JavaVMInitArgs*, bool*)+0x354
V  [libjvm.so+0x731644]  JNI_CreateJavaVM+0x80
C  [libjli.so+0x4a5c]  JavaMain+0x90
C  [libc.so.6+0x81e10]


---------------  P R O C E S S  ---------------

Threads class SMR info:
_java_thread_list=0x000000558bc346e0, length=0, elements={
}

Java Threads: ( => current thread )

Other Threads:

=>0x0000007fa0014800 (exited) JavaThread "Unknown thread" [_thread_in_vm, id=2179, stack(0x0000007fa7cb0000,0x0000007fa7eb0000)]

Threads with active compile tasks:

VM state:not at safepoint (not fully initialized)

VM Mutex/Monitor currently owned by a thread: None


[error occurred during error reporting (printing compressed oops mode), id 0xb, SIGSEGV (0xb) at pc=0x0000007fa8b5975c]

Deoptimization events (0 events):
No events

Classes redefined (0 events):
No events

Internal exceptions (0 events):
No events

Events (2 events):
Event: 0.004 Protecting memory [0x0000007fa7cb0000,0x0000007fa7cb4000] with protection modes 0
Event: 0.005 Loaded shared library /mnt/sdcard/Emu/JAVA/jdk/lib/libzip.so


Dynamic libraries:
5585450000-5585452000 r-xp 00000000 b3:01 467                            /mnt/sdcard/Emu/JAVA/jdk/bin/java
5585461000-5585462000 r--p 00001000 b3:01 467                            /mnt/sdcard/Emu/JAVA/jdk/bin/java
5585462000-5585463000 rw-p 00002000 b3:01 467                            /mnt/sdcard/Emu/JAVA/jdk/bin/java
558bc30000-558bc51000 rw-p 00000000 00:00 0                              [heap]
7f885e0000-7f88850000 rwxp 00000000 00:00 0 
7f88850000-7f88b6f000 ---p 00000000 00:00 0 
7f88b6f000-7f88ddf000 rwxp 00000000 00:00 0 
7f88ddf000-7f900a7000 ---p 00000000 00:00 0 
7f900a7000-7f90317000 rwxp 00000000 00:00 0 
7f90317000-7f975e0000 ---p 00000000 00:00 0 
7f975e0000-7fa0000000 r--s 00000000 b3:01 477                            /mnt/sdcard/Emu/JAVA/jdk/lib/modules
7fa0000000-7fa004a000 rw-p 00000000 00:00 0 
7fa004a000-7fa4000000 ---p 00000000 00:00 0 
7fa7638000-7fa79ef000 rw-p 00000000 00:00 0 
7fa79ef000-7fa7ad5000 ---p 00000000 00:00 0 
7fa7ad5000-7fa7ada000 rw-p 00000000 00:00 0 
7fa7ada000-7fa7bc0000 ---p 00000000 00:00 0 
7fa7bc0000-7fa7bc7000 r-xp 00000000 b3:01 480                            /mnt/sdcard/Emu/JAVA/jdk/lib/libzip.so
7fa7bc7000-7fa7bd6000 ---p 00007000 b3:01 480                            /mnt/sdcard/Emu/JAVA/jdk/lib/libzip.so
7fa7bd6000-7fa7bd7000 r--p 00006000 b3:01 480                            /mnt/sdcard/Emu/JAVA/jdk/lib/libzip.so
7fa7bd7000-7fa7bd8000 rw-p 00007000 b3:01 480                            /mnt/sdcard/Emu/JAVA/jdk/lib/libzip.so
7fa7be0000-7fa7bf9000 r-xp 00000000 b3:01 479                            /mnt/sdcard/Emu/JAVA/jdk/lib/libjimage.so
7fa7bf9000-7fa7c08000 ---p 00019000 b3:01 479                            /mnt/sdcard/Emu/JAVA/jdk/lib/libjimage.so
7fa7c08000-7fa7c0a000 r--p 00018000 b3:01 479                            /mnt/sdcard/Emu/JAVA/jdk/lib/libjimage.so
7fa7c0a000-7fa7c0b000 rw-p 0001a000 b3:01 479                            /mnt/sdcard/Emu/JAVA/jdk/lib/libjimage.so
7fa7c0b000-7fa7c1c000 rw-p 00000000 00:00 0 
7fa7c20000-7fa7c44000 r-xp 00000000 b3:01 473                            /mnt/sdcard/Emu/JAVA/jdk/lib/libjava.so
7fa7c44000-7fa7c54000 ---p 00024000 b3:01 473                            /mnt/sdcard/Emu/JAVA/jdk/lib/libjava.so
7fa7c54000-7fa7c55000 r--p 00024000 b3:01 473                            /mnt/sdcard/Emu/JAVA/jdk/lib/libjava.so
7fa7c55000-7fa7c56000 rw-p 00025000 b3:01 473                            /mnt/sdcard/Emu/JAVA/jdk/lib/libjava.so
7fa7c56000-7fa7c57000 rw-p 00000000 00:00 0 
7fa7c60000-7fa7c6c000 r-xp 00000000 b3:01 478                            /mnt/sdcard/Emu/JAVA/jdk/lib/libverify.so
7fa7c6c000-7fa7c7b000 ---p 0000c000 b3:01 478                            /mnt/sdcard/Emu/JAVA/jdk/lib/libverify.so
7fa7c7b000-7fa7c7d000 r--p 0000b000 b3:01 478                            /mnt/sdcard/Emu/JAVA/jdk/lib/libverify.so
7fa7c7d000-7fa7c7e000 rw-p 0000d000 b3:01 478                            /mnt/sdcard/Emu/JAVA/jdk/lib/libverify.so
7fa7c80000-7fa7c81000 r-xp 00000000 07:00 4740                           /mnt/udisk/usr/lib/librt.so.1
7fa7c81000-7fa7c9f000 ---p 00001000 07:00 4740                           /mnt/udisk/usr/lib/librt.so.1
7fa7c9f000-7fa7ca0000 r--p 0000f000 07:00 4740                           /mnt/udisk/usr/lib/librt.so.1
7fa7ca0000-7fa7ca1000 rw-p 00010000 07:00 4740                           /mnt/udisk/usr/lib/librt.so.1
7fa7cb0000-7fa7cb4000 ---p 00000000 00:00 0 
7fa7cb4000-7fa7eb0000 rw-p 00000000 00:00 0 
7fa7eb0000-7fa7f36000 r-xp 00000000 07:00 4158                           /mnt/udisk/usr/lib/libm.so.6
7fa7f36000-7fa7f4f000 ---p 00086000 07:00 4158                           /mnt/udisk/usr/lib/libm.so.6
7fa7f4f000-7fa7f50000 r--p 0008f000 07:00 4158                           /mnt/udisk/usr/lib/libm.so.6
7fa7f50000-7fa7f51000 rw-p 00090000 07:00 4158                           /mnt/udisk/usr/lib/libm.so.6
7fa7f60000-7fa8c71000 r-xp 00000000 b3:01 476                            /mnt/sdcard/Emu/JAVA/jdk/lib/server/libjvm.so
7fa8c71000-7fa8c80000 ---p 00d11000 b3:01 476                            /mnt/sdcard/Emu/JAVA/jdk/lib/server/libjvm.so
7fa8c80000-7fa8d22000 r--p 00d10000 b3:01 476                            /mnt/sdcard/Emu/JAVA/jdk/lib/server/libjvm.so
7fa8d22000-7fa8d57000 rw-p 00db2000 b3:01 476                            /mnt/sdcard/Emu/JAVA/jdk/lib/server/libjvm.so
7fa8d57000-7fa8ddd000 rw-p 00000000 00:00 0 
7fa8de0000-7fa8de1000 r-xp 00000000 07:00 4309                           /mnt/udisk/usr/lib/libpthread.so.0
7fa8de1000-7fa8dff000 ---p 00001000 07:00 4309                           /mnt/udisk/usr/lib/libpthread.so.0
7fa8dff000-7fa8e00000 r--p 0000f000 07:00 4309                           /mnt/udisk/usr/lib/libpthread.so.0
7fa8e00000-7fa8e01000 rw-p 00010000 07:00 4309                           /mnt/udisk/usr/lib/libpthread.so.0
7fa8e10000-7fa8e11000 r-xp 00000000 07:00 3966                           /mnt/udisk/usr/lib/libdl.so.2
7fa8e11000-7fa8e2f000 ---p 00001000 07:00 3966                           /mnt/udisk/usr/lib/libdl.so.2
7fa8e2f000-7fa8e30000 r--p 0000f000 07:00 3966                           /mnt/udisk/usr/lib/libdl.so.2
7fa8e30000-7fa8e31000 rw-p 00010000 07:00 3966                           /mnt/udisk/usr/lib/libdl.so.2
7fa8e34000-7fa8e39000 rw-p 00000000 00:00 0 
7fa8e39000-7fa8e40000 ---p 00000000 00:00 0 
7fa8e40000-7fa8e57000 r-xp 00000000 07:00 4977                           /mnt/udisk/usr/lib/libz.so.1.3
7fa8e57000-7fa8e6f000 ---p 00017000 07:00 4977                           /mnt/udisk/usr/lib/libz.so.1.3
7fa8e6f000-7fa8e70000 r--p 0001f000 07:00 4977                           /mnt/udisk/usr/lib/libz.so.1.3
7fa8e70000-7fa8e71000 rw-p 00020000 07:00 4977                           /mnt/udisk/usr/lib/libz.so.1.3
7fa8e78000-7fa8e80000 rw-s 00000000 00:11 281                            /tmp/hsperfdata_root/2170
7fa8e80000-7fa9003000 r-xp 00000000 07:00 3910                           /mnt/udisk/usr/lib/libc.so.6
7fa9003000-7fa901d000 ---p 00183000 07:00 3910                           /mnt/udisk/usr/lib/libc.so.6
7fa901d000-7fa9080000 r--p 0018d000 07:00 3910                           /mnt/udisk/usr/lib/libc.so.6
7fa9080000-7fa9082000 rw-p 001f0000 07:00 3910                           /mnt/udisk/usr/lib/libc.so.6
7fa9082000-7fa9089000 rw-p 00000000 00:00 0 
7fa9090000-7fa909e000 r-xp 00000000 b3:01 472                            /mnt/sdcard/Emu/JAVA/jdk/lib/jli/libjli.so
7fa909e000-7fa90ad000 ---p 0000e000 b3:01 472                            /mnt/sdcard/Emu/JAVA/jdk/lib/jli/libjli.so
7fa90ad000-7fa90ae000 r--p 0000d000 b3:01 472                            /mnt/sdcard/Emu/JAVA/jdk/lib/jli/libjli.so
7fa90ae000-7fa90af000 rw-p 0000e000 b3:01 472                            /mnt/sdcard/Emu/JAVA/jdk/lib/jli/libjli.so
7fa90b4000-7fa90d6000 r-xp 00000000 1f:03 585                            /usr/lib/ld-linux-aarch64.so.1
7fa90dc000-7fa90dd000 ---p 00000000 00:00 0 
7fa90dd000-7fa90de000 r--p 00000000 00:00 0 
7fa90de000-7fa90e2000 rw-p 00000000 00:00 0 
7fa90e2000-7fa90e4000 r--p 00000000 00:00 0                              [vvar]
7fa90e4000-7fa90e5000 r-xp 00000000 00:00 0                              [vdso]
7fa90e5000-7fa90e7000 r--p 00021000 1f:03 585                            /usr/lib/ld-linux-aarch64.so.1
7fa90e7000-7fa90e9000 rw-p 00023000 1f:03 585                            /usr/lib/ld-linux-aarch64.so.1
7fc67ec000-7fc680d000 rw-p 00000000 00:00 0                              [stack]


VM Arguments:
java_command: <unknown>
java_class_path (initial): <not set>
Launcher Type: SUN_STANDARD

[Global flags]
     intx CICompilerCount                          = 2                                         {product} {ergonomic}
   size_t InitialHeapSize                          = 15673024                                  {product} {ergonomic}
   size_t MaxHeapSize                              = 250768384                                 {product} {ergonomic}
    uintx NonNMethodCodeHeapSize                   = 5825228                                {pd product} {ergonomic}
    uintx NonProfiledCodeHeapSize                  = 122916506                              {pd product} {ergonomic}
    uintx ProfiledCodeHeapSize                     = 122916506                              {pd product} {ergonomic}
    uintx ReservedCodeCacheSize                    = 251658240                              {pd product} {ergonomic}
     bool SegmentedCodeCache                       = true                                      {product} {ergonomic}
     bool UseCompressedClassPointers               = true                                 {lp64_product} {ergonomic}
     bool UseCompressedOops                        = true                                 {lp64_product} {ergonomic}
     bool UseSerialGC                              = true                                      {product} {ergonomic}

Logging:
Log output configuration:
 #0: stdout all=warning uptime,level,tags
 #1: stderr all=off uptime,level,tags

Environment Variables:
PATH=/usr/bin:/usr/sbin
LD_LIBRARY_PATH=/mnt/udisk/usr/lib/
SHELL=/bin/sh
LANG=en_US.UTF-8

Signal Handlers:
SIGSEGV: [libjvm.so+0xc350a4], sa_mask[0]=11111111011111111101111111111110, sa_flags=SA_RESTART|SA_SIGINFO
SIGBUS: [libjvm.so+0xc350a4], sa_mask[0]=11111111011111111101111111111110, sa_flags=SA_RESTART|SA_SIGINFO
SIGFPE: [libjvm.so+0xc350a4], sa_mask[0]=11111111011111111101111111111110, sa_flags=SA_RESTART|SA_SIGINFO
SIGPIPE: [libjvm.so+0x9b685c], sa_mask[0]=11111111011111111101111111111110, sa_flags=SA_RESTART|SA_SIGINFO
SIGXFSZ: [libjvm.so+0x9b685c], sa_mask[0]=11111111011111111101111111111110, sa_flags=SA_RESTART|SA_SIGINFO
SIGILL: [libjvm.so+0xc350a4], sa_mask[0]=11111111011111111101111111111110, sa_flags=SA_RESTART|SA_SIGINFO
SIGUSR2: [libjvm.so+0x9b6718], sa_mask[0]=00000000000000000000000000000000, sa_flags=SA_RESTART|SA_SIGINFO
SIGHUP: SIG_DFL, sa_mask[0]=00000000000000000000000000000000, sa_flags=none
SIGINT: SIG_DFL, sa_mask[0]=00000000000000000000000000000000, sa_flags=none
SIGTERM: SIG_DFL, sa_mask[0]=00000000000000000000000000000000, sa_flags=none
SIGQUIT: SIG_DFL, sa_mask[0]=00000000000000000000000000000000, sa_flags=none


---------------  S Y S T E M  ---------------

OS:NAME=Buildroot
VERSION=2021.11
ID=buildroot
VERSION_ID=2021.11
PRETTY_NAME="Buildroot 2021.11"
OS="buildroot"
BUILD_INFO="raymanfeng@nuc Tue Nov 19 16:10:52 CST 2024 - /home3/raymanfeng/miyoo355/miyoo355_linux5.1/buildroot/configs/rockchip_rk3566_defconfig"
KERNEL="5.10 - rockchip_linux_defconfig"
uname:Linux 5.10.160 #82 SMP Thu Nov 14 16:45:24 CST 2024 aarch64
OS uptime: 0 days 0:06 hours
libc:glibc 2.38 NPTL 2.38 
rlimit (soft/hard): STACK 8192k/infinity , CORE 0k/infinity , NPROC 3732/3732 , NOFILE 4096/4096 , AS infinity/infinity , CPU infinity/infinity , DATA infinity/infinity , FSIZE infinity/infinity , MEMLOCK 64k/64k
load average:0.58 0.57 0.30

/proc/meminfo:
MemTotal:         979564 kB
MemFree:          740548 kB
MemAvailable:     833560 kB
Buffers:            5396 kB
Cached:            81608 kB
SwapCached:            0 kB
Active:            21676 kB
Inactive:         108720 kB
Active(anon):        388 kB
Inactive(anon):    48396 kB
Active(file):      21288 kB
Inactive(file):    60324 kB
Unevictable:        4816 kB
Mlocked:               0 kB
SwapTotal:             0 kB
SwapFree:              0 kB
Dirty:                 0 kB
Writeback:             0 kB
AnonPages:         48256 kB
Mapped:            42588 kB
Shmem:              5344 kB
KReclaimable:      27156 kB
Slab:              50152 kB
SReclaimable:      27156 kB
SUnreclaim:        22996 kB
KernelStack:        2576 kB
PageTables:         1304 kB
NFS_Unstable:          0 kB
Bounce:                0 kB
WritebackTmp:          0 kB
CommitLimit:      489780 kB
Committed_AS:     298960 kB
VmallocTotal:   263061440 kB
VmallocUsed:        8356 kB
VmallocChunk:          0 kB
Percpu:              624 kB
CmaTotal:          16384 kB
CmaAllocated:       1808 kB
CmaReleased:       14576 kB
CmaFree:               0 kB

/sys/kernel/mm/transparent_hugepage/enabled:
<Not Available>
/sys/kernel/mm/transparent_hugepage/defrag (defrag/compaction efforts parameter):
<Not Available>

Process Memory:
Virtual Size: 479952K (peak: 479952K)
Resident Set Size: 13484K (peak: 13484K) (anon: 5348K, file: 8104K, shmem: 32K)
Swapped out: 0K
C-Heap outstanding allocations: 310K

/proc/sys/kernel/threads-max (system-wide limit on the number of threads):
7464
/proc/sys/vm/max_map_count (maximum number of memory map areas a process may have):
65530
/proc/sys/kernel/pid_max (system-wide limit on number of process identifiers):
32768

Steal ticks since vm start: 0
Steal ticks percentage since vm start:  0.000

CPU:total 4 (initial active 2) 

/proc/cpuinfo:
processor	: 0
BogoMIPS	: 48.00
Features	: fp asimd evtstrm aes pmull sha1 sha2 crc32 atomics fphp asimdhp cpuid asimdrdm lrcpc dcpop asimddp
CPU implementer	: 0x41
CPU architecture: 8
CPU variant	: 0x2
CPU part	: 0xd05
CPU revision	: 0

processor	: 1
BogoMIPS	: 48.00
Features	: fp asimd evtstrm aes pmull sha1 sha2 crc32 atomics fphp asimdhp cpuid asimdrdm lrcpc dcpop asimddp
CPU implementer	: 0x41
CPU architecture: 8
CPU variant	: 0x2
CPU part	: 0xd05
CPU revision	: 0

Serial		: c186bd9120ca1e4c
Online cpus:
0-1
Offline cpus:
2-3

Memory: 4k page, physical 979564k(740548k free), swap 0k(0k free)

vm_info: OpenJDK 64-Bit Server VM (11.0.11+9-LTS) for linux-aarch64 JRE (Zulu11.48+21-CA) (11.0.11+9-LTS), built on Apr  7 2021 12:53:57 by "embedded" with gcc 4.8.4

END.
